{"level":"info","message":"add app main into supervisor","meta":{},"module":"application","submodule":"supervisor","method":"addApp","app":"main","reqId":"213c0865-250e-4c7b-887a-db3427608d68","dataSourceKey":"main","timestamp":"2025-11-19 14:01:06"}
{"level":"info","message":"connection has been established successfully.","meta":{},"module":"database","submodule":"","method":"auth","app":"main","reqId":"213c0865-250e-4c7b-887a-db3427608d68","dataSourceKey":"main","timestamp":"2025-11-19 14:01:06"}
{"level":"info","message":"upgrading...","meta":{},"module":"application","submodule":"","method":"","app":"main","reqId":"213c0865-250e-4c7b-887a-db3427608d68","dataSourceKey":"main","timestamp":"2025-11-19 14:01:06"}
{"level":"info","message":"run upgrade","meta":{},"module":"application","submodule":"","method":"","app":"main","reqId":"213c0865-250e-4c7b-887a-db3427608d68","dataSourceKey":"main","timestamp":"2025-11-19 14:01:06"}
{"level":"info","message":"update built-in plugins","meta":{},"module":"nocobase","submodule":"","method":"","app":"main","reqId":"213c0865-250e-4c7b-887a-db3427608d68","dataSourceKey":"main","timestamp":"2025-11-19 14:01:06"}
{"level":"info","message":"allocate worker id: 17","meta":{},"module":"application","submodule":"","method":"load","app":"main","reqId":"213c0865-250e-4c7b-887a-db3427608d68","dataSourceKey":"main","timestamp":"2025-11-19 14:01:06"}
{"level":"info","message":"run upgrade","meta":{},"module":"application","submodule":"","method":"","app":"main","reqId":"213c0865-250e-4c7b-887a-db3427608d68","dataSourceKey":"main","timestamp":"2025-11-19 14:01:07"}
{"level":"info","message":"restarting...","meta":{},"module":"application","submodule":"","method":"","app":"main","reqId":"213c0865-250e-4c7b-887a-db3427608d68","dataSourceKey":"main","timestamp":"2025-11-19 14:01:07"}
{"level":"info","message":"[queue] gracefully shutting down...","meta":{},"module":"application","submodule":"","method":"","app":"main","reqId":"213c0865-250e-4c7b-887a-db3427608d68","dataSourceKey":"main","timestamp":"2025-11-19 14:01:07"}
{"level":"info","message":"stopping workflow plugin before app (main) shutdown...","meta":{},"module":"application","submodule":"","method":"","app":"main","reqId":"213c0865-250e-4c7b-887a-db3427608d68","dataSourceKey":"main","timestamp":"2025-11-19 14:01:07"}
{"level":"info","message":"app.reload()","meta":{},"module":"application","submodule":"","method":"load","app":"main","reqId":"213c0865-250e-4c7b-887a-db3427608d68","dataSourceKey":"main","timestamp":"2025-11-19 14:01:07"}
{"level":"info","message":"allocate worker id: 20","meta":{},"module":"application","submodule":"","method":"load","app":"main","reqId":"213c0865-250e-4c7b-887a-db3427608d68","dataSourceKey":"main","timestamp":"2025-11-19 14:01:07"}
{"level":"warn","message":"AsyncTaskManager already exists, skipping initialization.","meta":{},"module":"application","submodule":"","method":"","app":"main","reqId":"213c0865-250e-4c7b-887a-db3427608d68","dataSourceKey":"main","timestamp":"2025-11-19 14:01:07"}
{"level":"info","message":"memory queue storage file not found, skip","meta":{},"module":"application","submodule":"","method":"","app":"main","reqId":"213c0865-250e-4c7b-887a-db3427608d68","dataSourceKey":"main","timestamp":"2025-11-19 14:01:07"}
{"level":"info","message":"memory queue storage file not found, skip","meta":{},"module":"application","submodule":"","method":"","app":"main","reqId":"213c0865-250e-4c7b-887a-db3427608d68","dataSourceKey":"main","timestamp":"2025-11-19 14:01:07"}
{"level":"warn","message":"event queue already subscribed on channel \"background-jobs\", new subscription will be ignored","meta":{},"module":"application","submodule":"","method":"","app":"main","reqId":"213c0865-250e-4c7b-887a-db3427608d68","dataSourceKey":"main","timestamp":"2025-11-19 14:01:07"}
{"level":"info","message":"write roles to ACL","meta":{},"module":"acl","submodule":"","method":"writeRolesToACL","app":"main","reqId":"213c0865-250e-4c7b-887a-db3427608d68","dataSourceKey":"main","timestamp":"2025-11-19 14:01:07"}
{"level":"info","message":"app has been started","meta":{},"module":"application","submodule":"","method":"","app":"main","reqId":"213c0865-250e-4c7b-887a-db3427608d68","dataSourceKey":"main","timestamp":"2025-11-19 14:01:07"}
{"level":"info","message":"restarting...","meta":{},"module":"application","submodule":"","method":"","app":"main","reqId":"213c0865-250e-4c7b-887a-db3427608d68","dataSourceKey":"main","timestamp":"2025-11-19 14:37:03"}
{"level":"info","message":"memory queue gracefully shutting down...","meta":{},"module":"application","submodule":"","method":"","app":"main","reqId":"213c0865-250e-4c7b-887a-db3427608d68","dataSourceKey":"main","timestamp":"2025-11-19 14:37:03"}
{"level":"info","message":"[queue] gracefully shutting down...","meta":{},"module":"application","submodule":"","method":"","app":"main","reqId":"213c0865-250e-4c7b-887a-db3427608d68","dataSourceKey":"main","timestamp":"2025-11-19 14:37:03"}
{"level":"info","message":"[queue] gracefully shutting down...","meta":{},"module":"application","submodule":"","method":"","app":"main","reqId":"213c0865-250e-4c7b-887a-db3427608d68","dataSourceKey":"main","timestamp":"2025-11-19 14:37:03"}
{"level":"info","message":"memory queue gracefully shutting down...","meta":{},"module":"application","submodule":"","method":"","app":"main","reqId":"213c0865-250e-4c7b-887a-db3427608d68","dataSourceKey":"main","timestamp":"2025-11-19 14:37:03"}
{"level":"info","message":"stopping workflow plugin before app (main) shutdown...","meta":{},"module":"application","submodule":"","method":"","app":"main","reqId":"213c0865-250e-4c7b-887a-db3427608d68","dataSourceKey":"main","timestamp":"2025-11-19 14:37:03"}
{"level":"info","message":"app.reload()","meta":{},"module":"application","submodule":"","method":"load","app":"main","reqId":"213c0865-250e-4c7b-887a-db3427608d68","dataSourceKey":"main","timestamp":"2025-11-19 14:37:03"}
{"level":"info","message":"allocate worker id: 20","meta":{},"module":"application","submodule":"","method":"load","app":"main","reqId":"81404600-5829-4d49-925c-a1c33c322834","dataSourceKey":"main","timestamp":"2025-11-19 14:37:03"}
{"level":"warn","message":"AsyncTaskManager already exists, skipping initialization.","meta":{},"module":"application","submodule":"","method":"","app":"main","reqId":"81404600-5829-4d49-925c-a1c33c322834","dataSourceKey":"main","timestamp":"2025-11-19 14:37:03"}
{"level":"info","message":"memory queue storage file not found, skip","meta":{},"module":"application","submodule":"","method":"","app":"main","reqId":"213c0865-250e-4c7b-887a-db3427608d68","dataSourceKey":"main","timestamp":"2025-11-19 14:37:03"}
{"level":"info","message":"memory queue storage file not found, skip","meta":{},"module":"application","submodule":"","method":"","app":"main","reqId":"213c0865-250e-4c7b-887a-db3427608d68","dataSourceKey":"main","timestamp":"2025-11-19 14:37:03"}
{"level":"warn","message":"event queue already subscribed on channel \"background-jobs\", new subscription will be ignored","meta":{},"module":"application","submodule":"","method":"","app":"main","reqId":"81404600-5829-4d49-925c-a1c33c322834","dataSourceKey":"main","timestamp":"2025-11-19 14:37:03"}
{"level":"info","message":"memory queue storage file not found, skip","meta":{},"module":"application","submodule":"","method":"","app":"main","reqId":"81404600-5829-4d49-925c-a1c33c322834","dataSourceKey":"main","timestamp":"2025-11-19 14:37:03"}
{"level":"warn","message":"event queue already subscribed on channel \"background-jobs\", new subscription will be ignored","meta":{},"module":"application","submodule":"","method":"","app":"main","reqId":"81404600-5829-4d49-925c-a1c33c322834","dataSourceKey":"main","timestamp":"2025-11-19 14:37:03"}
{"level":"info","message":"write roles to ACL","meta":{},"module":"acl","submodule":"","method":"writeRolesToACL","app":"main","reqId":"81404600-5829-4d49-925c-a1c33c322834","dataSourceKey":"main","timestamp":"2025-11-19 14:37:03"}
{"level":"info","message":"restarting...","meta":{},"module":"application","submodule":"","method":"","app":"main","reqId":"81404600-5829-4d49-925c-a1c33c322834","dataSourceKey":"main","timestamp":"2025-11-19 14:37:13"}
{"level":"info","message":"memory queue gracefully shutting down...","meta":{},"module":"application","submodule":"","method":"","app":"main","reqId":"213c0865-250e-4c7b-887a-db3427608d68","dataSourceKey":"main","timestamp":"2025-11-19 14:37:13"}
{"level":"info","message":"memory queue gracefully shutting down...","meta":{},"module":"application","submodule":"","method":"","app":"main","reqId":"213c0865-250e-4c7b-887a-db3427608d68","dataSourceKey":"main","timestamp":"2025-11-19 14:37:13"}
{"level":"info","message":"[queue] gracefully shutting down...","meta":{},"module":"application","submodule":"","method":"","app":"main","reqId":"81404600-5829-4d49-925c-a1c33c322834","dataSourceKey":"main","timestamp":"2025-11-19 14:37:13"}
{"level":"info","message":"[queue] gracefully shutting down...","meta":{},"module":"application","submodule":"","method":"","app":"main","reqId":"81404600-5829-4d49-925c-a1c33c322834","dataSourceKey":"main","timestamp":"2025-11-19 14:37:13"}
{"level":"info","message":"[queue] gracefully shutting down...","meta":{},"module":"application","submodule":"","method":"","app":"main","reqId":"81404600-5829-4d49-925c-a1c33c322834","dataSourceKey":"main","timestamp":"2025-11-19 14:37:13"}
{"level":"info","message":"memory queue gracefully shutting down...","meta":{},"module":"application","submodule":"","method":"","app":"main","reqId":"81404600-5829-4d49-925c-a1c33c322834","dataSourceKey":"main","timestamp":"2025-11-19 14:37:13"}
{"level":"info","message":"stopping workflow plugin before app (main) shutdown...","meta":{},"module":"application","submodule":"","method":"","app":"main","reqId":"81404600-5829-4d49-925c-a1c33c322834","dataSourceKey":"main","timestamp":"2025-11-19 14:37:13"}
{"level":"info","message":"app.reload()","meta":{},"module":"application","submodule":"","method":"load","app":"main","reqId":"81404600-5829-4d49-925c-a1c33c322834","dataSourceKey":"main","timestamp":"2025-11-19 14:37:13"}
{"level":"info","message":"allocate worker id: 25","meta":{},"module":"application","submodule":"","method":"load","app":"main","reqId":"fb1ed199-198d-4786-a352-d17b9ce85a78","dataSourceKey":"main","timestamp":"2025-11-19 14:37:13"}
{"level":"warn","message":"AsyncTaskManager already exists, skipping initialization.","meta":{},"module":"application","submodule":"","method":"","app":"main","reqId":"fb1ed199-198d-4786-a352-d17b9ce85a78","dataSourceKey":"main","timestamp":"2025-11-19 14:37:13"}
{"level":"info","message":"memory queue storage file not found, skip","meta":{},"module":"application","submodule":"","method":"","app":"main","reqId":"213c0865-250e-4c7b-887a-db3427608d68","dataSourceKey":"main","timestamp":"2025-11-19 14:37:13"}
{"level":"info","message":"memory queue storage file not found, skip","meta":{},"module":"application","submodule":"","method":"","app":"main","reqId":"213c0865-250e-4c7b-887a-db3427608d68","dataSourceKey":"main","timestamp":"2025-11-19 14:37:13"}
{"level":"warn","message":"event queue already subscribed on channel \"background-jobs\", new subscription will be ignored","meta":{},"module":"application","submodule":"","method":"","app":"main","reqId":"fb1ed199-198d-4786-a352-d17b9ce85a78","dataSourceKey":"main","timestamp":"2025-11-19 14:37:13"}
{"level":"info","message":"memory queue storage file not found, skip","meta":{},"module":"application","submodule":"","method":"","app":"main","reqId":"81404600-5829-4d49-925c-a1c33c322834","dataSourceKey":"main","timestamp":"2025-11-19 14:37:13"}
{"level":"warn","message":"event queue already subscribed on channel \"background-jobs\", new subscription will be ignored","meta":{},"module":"application","submodule":"","method":"","app":"main","reqId":"fb1ed199-198d-4786-a352-d17b9ce85a78","dataSourceKey":"main","timestamp":"2025-11-19 14:37:13"}
{"level":"info","message":"memory queue storage file not found, skip","meta":{},"module":"application","submodule":"","method":"","app":"main","reqId":"fb1ed199-198d-4786-a352-d17b9ce85a78","dataSourceKey":"main","timestamp":"2025-11-19 14:37:13"}
{"level":"warn","message":"event queue already subscribed on channel \"background-jobs\", new subscription will be ignored","meta":{},"module":"application","submodule":"","method":"","app":"main","reqId":"fb1ed199-198d-4786-a352-d17b9ce85a78","dataSourceKey":"main","timestamp":"2025-11-19 14:37:13"}
{"level":"info","message":"write roles to ACL","meta":{},"module":"acl","submodule":"","method":"writeRolesToACL","app":"main","reqId":"fb1ed199-198d-4786-a352-d17b9ce85a78","dataSourceKey":"main","timestamp":"2025-11-19 14:37:13"}
{"level":"info","message":"restarting...","meta":{},"module":"application","submodule":"","method":"","app":"main","reqId":"fb1ed199-198d-4786-a352-d17b9ce85a78","dataSourceKey":"main","timestamp":"2025-11-19 14:37:23"}
{"level":"info","message":"memory queue gracefully shutting down...","meta":{},"module":"application","submodule":"","method":"","app":"main","reqId":"213c0865-250e-4c7b-887a-db3427608d68","dataSourceKey":"main","timestamp":"2025-11-19 14:37:23"}
{"level":"info","message":"memory queue gracefully shutting down...","meta":{},"module":"application","submodule":"","method":"","app":"main","reqId":"213c0865-250e-4c7b-887a-db3427608d68","dataSourceKey":"main","timestamp":"2025-11-19 14:37:23"}
{"level":"info","message":"memory queue gracefully shutting down...","meta":{},"module":"application","submodule":"","method":"","app":"main","reqId":"81404600-5829-4d49-925c-a1c33c322834","dataSourceKey":"main","timestamp":"2025-11-19 14:37:23"}
{"level":"info","message":"[queue] gracefully shutting down...","meta":{},"module":"application","submodule":"","method":"","app":"main","reqId":"fb1ed199-198d-4786-a352-d17b9ce85a78","dataSourceKey":"main","timestamp":"2025-11-19 14:37:23"}
{"level":"info","message":"[queue] gracefully shutting down...","meta":{},"module":"application","submodule":"","method":"","app":"main","reqId":"fb1ed199-198d-4786-a352-d17b9ce85a78","dataSourceKey":"main","timestamp":"2025-11-19 14:37:23"}
{"level":"info","message":"[queue] gracefully shutting down...","meta":{},"module":"application","submodule":"","method":"","app":"main","reqId":"fb1ed199-198d-4786-a352-d17b9ce85a78","dataSourceKey":"main","timestamp":"2025-11-19 14:37:23"}
{"level":"info","message":"[queue] gracefully shutting down...","meta":{},"module":"application","submodule":"","method":"","app":"main","reqId":"fb1ed199-198d-4786-a352-d17b9ce85a78","dataSourceKey":"main","timestamp":"2025-11-19 14:37:23"}
{"level":"info","message":"memory queue gracefully shutting down...","meta":{},"module":"application","submodule":"","method":"","app":"main","reqId":"fb1ed199-198d-4786-a352-d17b9ce85a78","dataSourceKey":"main","timestamp":"2025-11-19 14:37:23"}
{"level":"info","message":"stopping workflow plugin before app (main) shutdown...","meta":{},"module":"application","submodule":"","method":"","app":"main","reqId":"fb1ed199-198d-4786-a352-d17b9ce85a78","dataSourceKey":"main","timestamp":"2025-11-19 14:37:23"}
{"level":"info","message":"app.reload()","meta":{},"module":"application","submodule":"","method":"load","app":"main","reqId":"fb1ed199-198d-4786-a352-d17b9ce85a78","dataSourceKey":"main","timestamp":"2025-11-19 14:37:23"}
{"level":"info","message":"allocate worker id: 26","meta":{},"module":"application","submodule":"","method":"load","app":"main","reqId":"6f1762d7-3ca8-4237-a338-202c87e958cd","dataSourceKey":"main","timestamp":"2025-11-19 14:37:23"}
{"level":"warn","message":"AsyncTaskManager already exists, skipping initialization.","meta":{},"module":"application","submodule":"","method":"","app":"main","reqId":"6f1762d7-3ca8-4237-a338-202c87e958cd","dataSourceKey":"main","timestamp":"2025-11-19 14:37:23"}
{"level":"info","message":"memory queue storage file not found, skip","meta":{},"module":"application","submodule":"","method":"","app":"main","reqId":"213c0865-250e-4c7b-887a-db3427608d68","dataSourceKey":"main","timestamp":"2025-11-19 14:37:23"}
{"level":"info","message":"memory queue storage file not found, skip","meta":{},"module":"application","submodule":"","method":"","app":"main","reqId":"213c0865-250e-4c7b-887a-db3427608d68","dataSourceKey":"main","timestamp":"2025-11-19 14:37:23"}
{"level":"warn","message":"event queue already subscribed on channel \"background-jobs\", new subscription will be ignored","meta":{},"module":"application","submodule":"","method":"","app":"main","reqId":"6f1762d7-3ca8-4237-a338-202c87e958cd","dataSourceKey":"main","timestamp":"2025-11-19 14:37:23"}
{"level":"info","message":"memory queue storage file not found, skip","meta":{},"module":"application","submodule":"","method":"","app":"main","reqId":"81404600-5829-4d49-925c-a1c33c322834","dataSourceKey":"main","timestamp":"2025-11-19 14:37:23"}
{"level":"warn","message":"event queue already subscribed on channel \"background-jobs\", new subscription will be ignored","meta":{},"module":"application","submodule":"","method":"","app":"main","reqId":"6f1762d7-3ca8-4237-a338-202c87e958cd","dataSourceKey":"main","timestamp":"2025-11-19 14:37:23"}
{"level":"info","message":"memory queue storage file not found, skip","meta":{},"module":"application","submodule":"","method":"","app":"main","reqId":"fb1ed199-198d-4786-a352-d17b9ce85a78","dataSourceKey":"main","timestamp":"2025-11-19 14:37:23"}
{"level":"warn","message":"event queue already subscribed on channel \"background-jobs\", new subscription will be ignored","meta":{},"module":"application","submodule":"","method":"","app":"main","reqId":"6f1762d7-3ca8-4237-a338-202c87e958cd","dataSourceKey":"main","timestamp":"2025-11-19 14:37:23"}
{"level":"info","message":"memory queue storage file not found, skip","meta":{},"module":"application","submodule":"","method":"","app":"main","reqId":"6f1762d7-3ca8-4237-a338-202c87e958cd","dataSourceKey":"main","timestamp":"2025-11-19 14:37:23"}
{"level":"warn","message":"event queue already subscribed on channel \"background-jobs\", new subscription will be ignored","meta":{},"module":"application","submodule":"","method":"","app":"main","reqId":"6f1762d7-3ca8-4237-a338-202c87e958cd","dataSourceKey":"main","timestamp":"2025-11-19 14:37:23"}
{"level":"info","message":"write roles to ACL","meta":{},"module":"acl","submodule":"","method":"writeRolesToACL","app":"main","reqId":"6f1762d7-3ca8-4237-a338-202c87e958cd","dataSourceKey":"main","timestamp":"2025-11-19 14:37:23"}
{"level":"info","message":"restarting...","meta":{},"module":"application","submodule":"","method":"","app":"main","reqId":"6f1762d7-3ca8-4237-a338-202c87e958cd","dataSourceKey":"main","timestamp":"2025-11-19 14:37:34"}
{"level":"info","message":"memory queue gracefully shutting down...","meta":{},"module":"application","submodule":"","method":"","app":"main","reqId":"213c0865-250e-4c7b-887a-db3427608d68","dataSourceKey":"main","timestamp":"2025-11-19 14:37:34"}
{"level":"info","message":"memory queue gracefully shutting down...","meta":{},"module":"application","submodule":"","method":"","app":"main","reqId":"213c0865-250e-4c7b-887a-db3427608d68","dataSourceKey":"main","timestamp":"2025-11-19 14:37:34"}
{"level":"info","message":"memory queue gracefully shutting down...","meta":{},"module":"application","submodule":"","method":"","app":"main","reqId":"81404600-5829-4d49-925c-a1c33c322834","dataSourceKey":"main","timestamp":"2025-11-19 14:37:34"}
{"level":"info","message":"memory queue gracefully shutting down...","meta":{},"module":"application","submodule":"","method":"","app":"main","reqId":"fb1ed199-198d-4786-a352-d17b9ce85a78","dataSourceKey":"main","timestamp":"2025-11-19 14:37:34"}
{"level":"info","message":"[queue] gracefully shutting down...","meta":{},"module":"application","submodule":"","method":"","app":"main","reqId":"6f1762d7-3ca8-4237-a338-202c87e958cd","dataSourceKey":"main","timestamp":"2025-11-19 14:37:34"}
{"level":"info","message":"[queue] gracefully shutting down...","meta":{},"module":"application","submodule":"","method":"","app":"main","reqId":"6f1762d7-3ca8-4237-a338-202c87e958cd","dataSourceKey":"main","timestamp":"2025-11-19 14:37:34"}
{"level":"info","message":"[queue] gracefully shutting down...","meta":{},"module":"application","submodule":"","method":"","app":"main","reqId":"6f1762d7-3ca8-4237-a338-202c87e958cd","dataSourceKey":"main","timestamp":"2025-11-19 14:37:34"}
{"level":"info","message":"[queue] gracefully shutting down...","meta":{},"module":"application","submodule":"","method":"","app":"main","reqId":"6f1762d7-3ca8-4237-a338-202c87e958cd","dataSourceKey":"main","timestamp":"2025-11-19 14:37:34"}
{"level":"info","message":"[queue] gracefully shutting down...","meta":{},"module":"application","submodule":"","method":"","app":"main","reqId":"6f1762d7-3ca8-4237-a338-202c87e958cd","dataSourceKey":"main","timestamp":"2025-11-19 14:37:34"}
{"level":"info","message":"memory queue gracefully shutting down...","meta":{},"module":"application","submodule":"","method":"","app":"main","reqId":"6f1762d7-3ca8-4237-a338-202c87e958cd","dataSourceKey":"main","timestamp":"2025-11-19 14:37:34"}
{"level":"info","message":"stopping workflow plugin before app (main) shutdown...","meta":{},"module":"application","submodule":"","method":"","app":"main","reqId":"6f1762d7-3ca8-4237-a338-202c87e958cd","dataSourceKey":"main","timestamp":"2025-11-19 14:37:34"}
{"level":"info","message":"app.reload()","meta":{},"module":"application","submodule":"","method":"load","app":"main","reqId":"6f1762d7-3ca8-4237-a338-202c87e958cd","dataSourceKey":"main","timestamp":"2025-11-19 14:37:34"}
{"level":"info","message":"allocate worker id: 21","meta":{},"module":"application","submodule":"","method":"load","app":"main","reqId":"31bfae6f-f108-4035-b34f-7a3672502d5e","dataSourceKey":"main","timestamp":"2025-11-19 14:37:34"}
{"level":"warn","message":"AsyncTaskManager already exists, skipping initialization.","meta":{},"module":"application","submodule":"","method":"","app":"main","reqId":"31bfae6f-f108-4035-b34f-7a3672502d5e","dataSourceKey":"main","timestamp":"2025-11-19 14:37:34"}
{"level":"info","message":"memory queue storage file not found, skip","meta":{},"module":"application","submodule":"","method":"","app":"main","reqId":"213c0865-250e-4c7b-887a-db3427608d68","dataSourceKey":"main","timestamp":"2025-11-19 14:37:34"}
{"level":"info","message":"memory queue storage file not found, skip","meta":{},"module":"application","submodule":"","method":"","app":"main","reqId":"213c0865-250e-4c7b-887a-db3427608d68","dataSourceKey":"main","timestamp":"2025-11-19 14:37:34"}
{"level":"warn","message":"event queue already subscribed on channel \"background-jobs\", new subscription will be ignored","meta":{},"module":"application","submodule":"","method":"","app":"main","reqId":"31bfae6f-f108-4035-b34f-7a3672502d5e","dataSourceKey":"main","timestamp":"2025-11-19 14:37:34"}
{"level":"info","message":"memory queue storage file not found, skip","meta":{},"module":"application","submodule":"","method":"","app":"main","reqId":"81404600-5829-4d49-925c-a1c33c322834","dataSourceKey":"main","timestamp":"2025-11-19 14:37:34"}
{"level":"warn","message":"event queue already subscribed on channel \"background-jobs\", new subscription will be ignored","meta":{},"module":"application","submodule":"","method":"","app":"main","reqId":"31bfae6f-f108-4035-b34f-7a3672502d5e","dataSourceKey":"main","timestamp":"2025-11-19 14:37:34"}
{"level":"info","message":"memory queue storage file not found, skip","meta":{},"module":"application","submodule":"","method":"","app":"main","reqId":"fb1ed199-198d-4786-a352-d17b9ce85a78","dataSourceKey":"main","timestamp":"2025-11-19 14:37:34"}
{"level":"warn","message":"event queue already subscribed on channel \"background-jobs\", new subscription will be ignored","meta":{},"module":"application","submodule":"","method":"","app":"main","reqId":"31bfae6f-f108-4035-b34f-7a3672502d5e","dataSourceKey":"main","timestamp":"2025-11-19 14:37:34"}
{"level":"info","message":"memory queue storage file not found, skip","meta":{},"module":"application","submodule":"","method":"","app":"main","reqId":"6f1762d7-3ca8-4237-a338-202c87e958cd","dataSourceKey":"main","timestamp":"2025-11-19 14:37:34"}
{"level":"warn","message":"event queue already subscribed on channel \"background-jobs\", new subscription will be ignored","meta":{},"module":"application","submodule":"","method":"","app":"main","reqId":"31bfae6f-f108-4035-b34f-7a3672502d5e","dataSourceKey":"main","timestamp":"2025-11-19 14:37:34"}
{"level":"info","message":"memory queue storage file not found, skip","meta":{},"module":"application","submodule":"","method":"","app":"main","reqId":"31bfae6f-f108-4035-b34f-7a3672502d5e","dataSourceKey":"main","timestamp":"2025-11-19 14:37:34"}
{"level":"warn","message":"event queue already subscribed on channel \"background-jobs\", new subscription will be ignored","meta":{},"module":"application","submodule":"","method":"","app":"main","reqId":"31bfae6f-f108-4035-b34f-7a3672502d5e","dataSourceKey":"main","timestamp":"2025-11-19 14:37:34"}
{"level":"info","message":"write roles to ACL","meta":{},"module":"acl","submodule":"","method":"writeRolesToACL","app":"main","reqId":"31bfae6f-f108-4035-b34f-7a3672502d5e","dataSourceKey":"main","timestamp":"2025-11-19 14:37:34"}
{"level":"info","message":"restarting...","meta":{},"module":"application","submodule":"","method":"","app":"main","reqId":"31bfae6f-f108-4035-b34f-7a3672502d5e","dataSourceKey":"main","timestamp":"2025-11-19 14:37:41"}
{"level":"info","message":"memory queue gracefully shutting down...","meta":{},"module":"application","submodule":"","method":"","app":"main","reqId":"213c0865-250e-4c7b-887a-db3427608d68","dataSourceKey":"main","timestamp":"2025-11-19 14:37:41"}
{"level":"info","message":"memory queue gracefully shutting down...","meta":{},"module":"application","submodule":"","method":"","app":"main","reqId":"213c0865-250e-4c7b-887a-db3427608d68","dataSourceKey":"main","timestamp":"2025-11-19 14:37:41"}
{"level":"info","message":"memory queue gracefully shutting down...","meta":{},"module":"application","submodule":"","method":"","app":"main","reqId":"81404600-5829-4d49-925c-a1c33c322834","dataSourceKey":"main","timestamp":"2025-11-19 14:37:41"}
{"level":"info","message":"memory queue gracefully shutting down...","meta":{},"module":"application","submodule":"","method":"","app":"main","reqId":"fb1ed199-198d-4786-a352-d17b9ce85a78","dataSourceKey":"main","timestamp":"2025-11-19 14:37:41"}
{"level":"info","message":"memory queue gracefully shutting down...","meta":{},"module":"application","submodule":"","method":"","app":"main","reqId":"6f1762d7-3ca8-4237-a338-202c87e958cd","dataSourceKey":"main","timestamp":"2025-11-19 14:37:41"}
{"level":"info","message":"[queue] gracefully shutting down...","meta":{},"module":"application","submodule":"","method":"","app":"main","reqId":"31bfae6f-f108-4035-b34f-7a3672502d5e","dataSourceKey":"main","timestamp":"2025-11-19 14:37:41"}
{"level":"info","message":"[queue] gracefully shutting down...","meta":{},"module":"application","submodule":"","method":"","app":"main","reqId":"31bfae6f-f108-4035-b34f-7a3672502d5e","dataSourceKey":"main","timestamp":"2025-11-19 14:37:41"}
{"level":"info","message":"[queue] gracefully shutting down...","meta":{},"module":"application","submodule":"","method":"","app":"main","reqId":"31bfae6f-f108-4035-b34f-7a3672502d5e","dataSourceKey":"main","timestamp":"2025-11-19 14:37:41"}
{"level":"info","message":"[queue] gracefully shutting down...","meta":{},"module":"application","submodule":"","method":"","app":"main","reqId":"31bfae6f-f108-4035-b34f-7a3672502d5e","dataSourceKey":"main","timestamp":"2025-11-19 14:37:41"}
{"level":"info","message":"[queue] gracefully shutting down...","meta":{},"module":"application","submodule":"","method":"","app":"main","reqId":"31bfae6f-f108-4035-b34f-7a3672502d5e","dataSourceKey":"main","timestamp":"2025-11-19 14:37:41"}
{"level":"info","message":"[queue] gracefully shutting down...","meta":{},"module":"application","submodule":"","method":"","app":"main","reqId":"31bfae6f-f108-4035-b34f-7a3672502d5e","dataSourceKey":"main","timestamp":"2025-11-19 14:37:41"}
{"level":"info","message":"memory queue gracefully shutting down...","meta":{},"module":"application","submodule":"","method":"","app":"main","reqId":"31bfae6f-f108-4035-b34f-7a3672502d5e","dataSourceKey":"main","timestamp":"2025-11-19 14:37:41"}
{"level":"info","message":"stopping workflow plugin before app (main) shutdown...","meta":{},"module":"application","submodule":"","method":"","app":"main","reqId":"31bfae6f-f108-4035-b34f-7a3672502d5e","dataSourceKey":"main","timestamp":"2025-11-19 14:37:41"}
{"level":"info","message":"app.reload()","meta":{},"module":"application","submodule":"","method":"load","app":"main","reqId":"31bfae6f-f108-4035-b34f-7a3672502d5e","dataSourceKey":"main","timestamp":"2025-11-19 14:37:41"}
{"level":"info","message":"allocate worker id: 9","meta":{},"module":"application","submodule":"","method":"load","app":"main","reqId":"147d62b9-fdd6-42d9-9489-968bf5207051","dataSourceKey":"main","timestamp":"2025-11-19 14:37:41"}
{"level":"warn","message":"AsyncTaskManager already exists, skipping initialization.","meta":{},"module":"application","submodule":"","method":"","app":"main","reqId":"147d62b9-fdd6-42d9-9489-968bf5207051","dataSourceKey":"main","timestamp":"2025-11-19 14:37:41"}
{"level":"info","message":"memory queue storage file not found, skip","meta":{},"module":"application","submodule":"","method":"","app":"main","reqId":"213c0865-250e-4c7b-887a-db3427608d68","dataSourceKey":"main","timestamp":"2025-11-19 14:37:41"}
{"level":"info","message":"memory queue storage file not found, skip","meta":{},"module":"application","submodule":"","method":"","app":"main","reqId":"213c0865-250e-4c7b-887a-db3427608d68","dataSourceKey":"main","timestamp":"2025-11-19 14:37:41"}
{"level":"warn","message":"event queue already subscribed on channel \"background-jobs\", new subscription will be ignored","meta":{},"module":"application","submodule":"","method":"","app":"main","reqId":"147d62b9-fdd6-42d9-9489-968bf5207051","dataSourceKey":"main","timestamp":"2025-11-19 14:37:41"}
{"level":"info","message":"memory queue storage file not found, skip","meta":{},"module":"application","submodule":"","method":"","app":"main","reqId":"81404600-5829-4d49-925c-a1c33c322834","dataSourceKey":"main","timestamp":"2025-11-19 14:37:41"}
{"level":"warn","message":"event queue already subscribed on channel \"background-jobs\", new subscription will be ignored","meta":{},"module":"application","submodule":"","method":"","app":"main","reqId":"147d62b9-fdd6-42d9-9489-968bf5207051","dataSourceKey":"main","timestamp":"2025-11-19 14:37:41"}
{"level":"info","message":"memory queue storage file not found, skip","meta":{},"module":"application","submodule":"","method":"","app":"main","reqId":"fb1ed199-198d-4786-a352-d17b9ce85a78","dataSourceKey":"main","timestamp":"2025-11-19 14:37:41"}
{"level":"warn","message":"event queue already subscribed on channel \"background-jobs\", new subscription will be ignored","meta":{},"module":"application","submodule":"","method":"","app":"main","reqId":"147d62b9-fdd6-42d9-9489-968bf5207051","dataSourceKey":"main","timestamp":"2025-11-19 14:37:41"}
{"level":"info","message":"memory queue storage file not found, skip","meta":{},"module":"application","submodule":"","method":"","app":"main","reqId":"6f1762d7-3ca8-4237-a338-202c87e958cd","dataSourceKey":"main","timestamp":"2025-11-19 14:37:41"}
{"level":"warn","message":"event queue already subscribed on channel \"background-jobs\", new subscription will be ignored","meta":{},"module":"application","submodule":"","method":"","app":"main","reqId":"147d62b9-fdd6-42d9-9489-968bf5207051","dataSourceKey":"main","timestamp":"2025-11-19 14:37:41"}
{"level":"info","message":"memory queue storage file not found, skip","meta":{},"module":"application","submodule":"","method":"","app":"main","reqId":"31bfae6f-f108-4035-b34f-7a3672502d5e","dataSourceKey":"main","timestamp":"2025-11-19 14:37:41"}
{"level":"warn","message":"event queue already subscribed on channel \"background-jobs\", new subscription will be ignored","meta":{},"module":"application","submodule":"","method":"","app":"main","reqId":"147d62b9-fdd6-42d9-9489-968bf5207051","dataSourceKey":"main","timestamp":"2025-11-19 14:37:41"}
{"level":"info","message":"memory queue storage file not found, skip","meta":{},"module":"application","submodule":"","method":"","app":"main","reqId":"147d62b9-fdd6-42d9-9489-968bf5207051","dataSourceKey":"main","timestamp":"2025-11-19 14:37:41"}
{"level":"warn","message":"event queue already subscribed on channel \"background-jobs\", new subscription will be ignored","meta":{},"module":"application","submodule":"","method":"","app":"main","reqId":"147d62b9-fdd6-42d9-9489-968bf5207051","dataSourceKey":"main","timestamp":"2025-11-19 14:37:41"}
{"level":"info","message":"write roles to ACL","meta":{},"module":"acl","submodule":"","method":"writeRolesToACL","app":"main","reqId":"147d62b9-fdd6-42d9-9489-968bf5207051","dataSourceKey":"main","timestamp":"2025-11-19 14:37:41"}
{"level":"info","message":"restarting...","meta":{},"module":"application","submodule":"","method":"","app":"main","reqId":"147d62b9-fdd6-42d9-9489-968bf5207051","dataSourceKey":"main","timestamp":"2025-11-19 14:37:44"}
{"level":"info","message":"memory queue gracefully shutting down...","meta":{},"module":"application","submodule":"","method":"","app":"main","reqId":"213c0865-250e-4c7b-887a-db3427608d68","dataSourceKey":"main","timestamp":"2025-11-19 14:37:44"}
{"level":"info","message":"memory queue gracefully shutting down...","meta":{},"module":"application","submodule":"","method":"","app":"main","reqId":"213c0865-250e-4c7b-887a-db3427608d68","dataSourceKey":"main","timestamp":"2025-11-19 14:37:44"}
{"level":"info","message":"memory queue gracefully shutting down...","meta":{},"module":"application","submodule":"","method":"","app":"main","reqId":"81404600-5829-4d49-925c-a1c33c322834","dataSourceKey":"main","timestamp":"2025-11-19 14:37:44"}
{"level":"info","message":"memory queue gracefully shutting down...","meta":{},"module":"application","submodule":"","method":"","app":"main","reqId":"fb1ed199-198d-4786-a352-d17b9ce85a78","dataSourceKey":"main","timestamp":"2025-11-19 14:37:44"}
{"level":"info","message":"memory queue gracefully shutting down...","meta":{},"module":"application","submodule":"","method":"","app":"main","reqId":"6f1762d7-3ca8-4237-a338-202c87e958cd","dataSourceKey":"main","timestamp":"2025-11-19 14:37:44"}
{"level":"info","message":"memory queue gracefully shutting down...","meta":{},"module":"application","submodule":"","method":"","app":"main","reqId":"31bfae6f-f108-4035-b34f-7a3672502d5e","dataSourceKey":"main","timestamp":"2025-11-19 14:37:44"}
{"level":"info","message":"[queue] gracefully shutting down...","meta":{},"module":"application","submodule":"","method":"","app":"main","reqId":"147d62b9-fdd6-42d9-9489-968bf5207051","dataSourceKey":"main","timestamp":"2025-11-19 14:37:44"}
{"level":"info","message":"[queue] gracefully shutting down...","meta":{},"module":"application","submodule":"","method":"","app":"main","reqId":"147d62b9-fdd6-42d9-9489-968bf5207051","dataSourceKey":"main","timestamp":"2025-11-19 14:37:44"}
{"level":"info","message":"[queue] gracefully shutting down...","meta":{},"module":"application","submodule":"","method":"","app":"main","reqId":"147d62b9-fdd6-42d9-9489-968bf5207051","dataSourceKey":"main","timestamp":"2025-11-19 14:37:44"}
{"level":"info","message":"[queue] gracefully shutting down...","meta":{},"module":"application","submodule":"","method":"","app":"main","reqId":"147d62b9-fdd6-42d9-9489-968bf5207051","dataSourceKey":"main","timestamp":"2025-11-19 14:37:44"}
{"level":"info","message":"[queue] gracefully shutting down...","meta":{},"module":"application","submodule":"","method":"","app":"main","reqId":"147d62b9-fdd6-42d9-9489-968bf5207051","dataSourceKey":"main","timestamp":"2025-11-19 14:37:44"}
{"level":"info","message":"[queue] gracefully shutting down...","meta":{},"module":"application","submodule":"","method":"","app":"main","reqId":"147d62b9-fdd6-42d9-9489-968bf5207051","dataSourceKey":"main","timestamp":"2025-11-19 14:37:44"}
{"level":"info","message":"[queue] gracefully shutting down...","meta":{},"module":"application","submodule":"","method":"","app":"main","reqId":"147d62b9-fdd6-42d9-9489-968bf5207051","dataSourceKey":"main","timestamp":"2025-11-19 14:37:44"}
{"level":"info","message":"memory queue gracefully shutting down...","meta":{},"module":"application","submodule":"","method":"","app":"main","reqId":"147d62b9-fdd6-42d9-9489-968bf5207051","dataSourceKey":"main","timestamp":"2025-11-19 14:37:44"}
{"level":"info","message":"stopping workflow plugin before app (main) shutdown...","meta":{},"module":"application","submodule":"","method":"","app":"main","reqId":"147d62b9-fdd6-42d9-9489-968bf5207051","dataSourceKey":"main","timestamp":"2025-11-19 14:37:44"}
{"level":"info","message":"app.reload()","meta":{},"module":"application","submodule":"","method":"load","app":"main","reqId":"147d62b9-fdd6-42d9-9489-968bf5207051","dataSourceKey":"main","timestamp":"2025-11-19 14:37:44"}
{"level":"info","message":"allocate worker id: 28","meta":{},"module":"application","submodule":"","method":"load","app":"main","reqId":"7e512e6b-3eea-498d-99cf-4d115579b41c","dataSourceKey":"main","timestamp":"2025-11-19 14:37:44"}
{"level":"warn","message":"AsyncTaskManager already exists, skipping initialization.","meta":{},"module":"application","submodule":"","method":"","app":"main","reqId":"7e512e6b-3eea-498d-99cf-4d115579b41c","dataSourceKey":"main","timestamp":"2025-11-19 14:37:44"}
{"level":"info","message":"memory queue storage file not found, skip","meta":{},"module":"application","submodule":"","method":"","app":"main","reqId":"213c0865-250e-4c7b-887a-db3427608d68","dataSourceKey":"main","timestamp":"2025-11-19 14:37:45"}
{"level":"info","message":"memory queue storage file not found, skip","meta":{},"module":"application","submodule":"","method":"","app":"main","reqId":"213c0865-250e-4c7b-887a-db3427608d68","dataSourceKey":"main","timestamp":"2025-11-19 14:37:45"}
{"level":"warn","message":"event queue already subscribed on channel \"background-jobs\", new subscription will be ignored","meta":{},"module":"application","submodule":"","method":"","app":"main","reqId":"7e512e6b-3eea-498d-99cf-4d115579b41c","dataSourceKey":"main","timestamp":"2025-11-19 14:37:45"}
{"level":"info","message":"memory queue storage file not found, skip","meta":{},"module":"application","submodule":"","method":"","app":"main","reqId":"81404600-5829-4d49-925c-a1c33c322834","dataSourceKey":"main","timestamp":"2025-11-19 14:37:45"}
{"level":"warn","message":"event queue already subscribed on channel \"background-jobs\", new subscription will be ignored","meta":{},"module":"application","submodule":"","method":"","app":"main","reqId":"7e512e6b-3eea-498d-99cf-4d115579b41c","dataSourceKey":"main","timestamp":"2025-11-19 14:37:45"}
{"level":"info","message":"memory queue storage file not found, skip","meta":{},"module":"application","submodule":"","method":"","app":"main","reqId":"fb1ed199-198d-4786-a352-d17b9ce85a78","dataSourceKey":"main","timestamp":"2025-11-19 14:37:45"}
{"level":"warn","message":"event queue already subscribed on channel \"background-jobs\", new subscription will be ignored","meta":{},"module":"application","submodule":"","method":"","app":"main","reqId":"7e512e6b-3eea-498d-99cf-4d115579b41c","dataSourceKey":"main","timestamp":"2025-11-19 14:37:45"}
{"level":"info","message":"memory queue storage file not found, skip","meta":{},"module":"application","submodule":"","method":"","app":"main","reqId":"6f1762d7-3ca8-4237-a338-202c87e958cd","dataSourceKey":"main","timestamp":"2025-11-19 14:37:45"}
{"level":"warn","message":"event queue already subscribed on channel \"background-jobs\", new subscription will be ignored","meta":{},"module":"application","submodule":"","method":"","app":"main","reqId":"7e512e6b-3eea-498d-99cf-4d115579b41c","dataSourceKey":"main","timestamp":"2025-11-19 14:37:45"}
{"level":"info","message":"memory queue storage file not found, skip","meta":{},"module":"application","submodule":"","method":"","app":"main","reqId":"31bfae6f-f108-4035-b34f-7a3672502d5e","dataSourceKey":"main","timestamp":"2025-11-19 14:37:45"}
{"level":"warn","message":"event queue already subscribed on channel \"background-jobs\", new subscription will be ignored","meta":{},"module":"application","submodule":"","method":"","app":"main","reqId":"7e512e6b-3eea-498d-99cf-4d115579b41c","dataSourceKey":"main","timestamp":"2025-11-19 14:37:45"}
{"level":"info","message":"memory queue storage file not found, skip","meta":{},"module":"application","submodule":"","method":"","app":"main","reqId":"147d62b9-fdd6-42d9-9489-968bf5207051","dataSourceKey":"main","timestamp":"2025-11-19 14:37:45"}
{"level":"warn","message":"event queue already subscribed on channel \"background-jobs\", new subscription will be ignored","meta":{},"module":"application","submodule":"","method":"","app":"main","reqId":"7e512e6b-3eea-498d-99cf-4d115579b41c","dataSourceKey":"main","timestamp":"2025-11-19 14:37:45"}
{"level":"info","message":"memory queue storage file not found, skip","meta":{},"module":"application","submodule":"","method":"","app":"main","reqId":"7e512e6b-3eea-498d-99cf-4d115579b41c","dataSourceKey":"main","timestamp":"2025-11-19 14:37:45"}
{"level":"warn","message":"event queue already subscribed on channel \"background-jobs\", new subscription will be ignored","meta":{},"module":"application","submodule":"","method":"","app":"main","reqId":"7e512e6b-3eea-498d-99cf-4d115579b41c","dataSourceKey":"main","timestamp":"2025-11-19 14:37:45"}
{"level":"info","message":"write roles to ACL","meta":{},"module":"acl","submodule":"","method":"writeRolesToACL","app":"main","reqId":"7e512e6b-3eea-498d-99cf-4d115579b41c","dataSourceKey":"main","timestamp":"2025-11-19 14:37:45"}
{"level":"info","message":"restarting...","meta":{},"module":"application","submodule":"","method":"","app":"main","reqId":"7e512e6b-3eea-498d-99cf-4d115579b41c","dataSourceKey":"main","timestamp":"2025-11-19 14:38:04"}
{"level":"info","message":"memory queue gracefully shutting down...","meta":{},"module":"application","submodule":"","method":"","app":"main","reqId":"213c0865-250e-4c7b-887a-db3427608d68","dataSourceKey":"main","timestamp":"2025-11-19 14:38:04"}
{"level":"info","message":"memory queue gracefully shutting down...","meta":{},"module":"application","submodule":"","method":"","app":"main","reqId":"213c0865-250e-4c7b-887a-db3427608d68","dataSourceKey":"main","timestamp":"2025-11-19 14:38:04"}
{"level":"info","message":"memory queue gracefully shutting down...","meta":{},"module":"application","submodule":"","method":"","app":"main","reqId":"81404600-5829-4d49-925c-a1c33c322834","dataSourceKey":"main","timestamp":"2025-11-19 14:38:04"}
{"level":"info","message":"memory queue gracefully shutting down...","meta":{},"module":"application","submodule":"","method":"","app":"main","reqId":"fb1ed199-198d-4786-a352-d17b9ce85a78","dataSourceKey":"main","timestamp":"2025-11-19 14:38:04"}
{"level":"info","message":"memory queue gracefully shutting down...","meta":{},"module":"application","submodule":"","method":"","app":"main","reqId":"6f1762d7-3ca8-4237-a338-202c87e958cd","dataSourceKey":"main","timestamp":"2025-11-19 14:38:04"}
{"level":"info","message":"memory queue gracefully shutting down...","meta":{},"module":"application","submodule":"","method":"","app":"main","reqId":"31bfae6f-f108-4035-b34f-7a3672502d5e","dataSourceKey":"main","timestamp":"2025-11-19 14:38:04"}
{"level":"info","message":"memory queue gracefully shutting down...","meta":{},"module":"application","submodule":"","method":"","app":"main","reqId":"147d62b9-fdd6-42d9-9489-968bf5207051","dataSourceKey":"main","timestamp":"2025-11-19 14:38:04"}
{"level":"info","message":"[queue] gracefully shutting down...","meta":{},"module":"application","submodule":"","method":"","app":"main","reqId":"7e512e6b-3eea-498d-99cf-4d115579b41c","dataSourceKey":"main","timestamp":"2025-11-19 14:38:04"}
{"level":"info","message":"[queue] gracefully shutting down...","meta":{},"module":"application","submodule":"","method":"","app":"main","reqId":"7e512e6b-3eea-498d-99cf-4d115579b41c","dataSourceKey":"main","timestamp":"2025-11-19 14:38:04"}
{"level":"info","message":"[queue] gracefully shutting down...","meta":{},"module":"application","submodule":"","method":"","app":"main","reqId":"7e512e6b-3eea-498d-99cf-4d115579b41c","dataSourceKey":"main","timestamp":"2025-11-19 14:38:04"}
{"level":"info","message":"[queue] gracefully shutting down...","meta":{},"module":"application","submodule":"","method":"","app":"main","reqId":"7e512e6b-3eea-498d-99cf-4d115579b41c","dataSourceKey":"main","timestamp":"2025-11-19 14:38:04"}
{"level":"info","message":"[queue] gracefully shutting down...","meta":{},"module":"application","submodule":"","method":"","app":"main","reqId":"7e512e6b-3eea-498d-99cf-4d115579b41c","dataSourceKey":"main","timestamp":"2025-11-19 14:38:04"}
{"level":"info","message":"[queue] gracefully shutting down...","meta":{},"module":"application","submodule":"","method":"","app":"main","reqId":"7e512e6b-3eea-498d-99cf-4d115579b41c","dataSourceKey":"main","timestamp":"2025-11-19 14:38:04"}
{"level":"info","message":"[queue] gracefully shutting down...","meta":{},"module":"application","submodule":"","method":"","app":"main","reqId":"7e512e6b-3eea-498d-99cf-4d115579b41c","dataSourceKey":"main","timestamp":"2025-11-19 14:38:04"}
{"level":"info","message":"[queue] gracefully shutting down...","meta":{},"module":"application","submodule":"","method":"","app":"main","reqId":"7e512e6b-3eea-498d-99cf-4d115579b41c","dataSourceKey":"main","timestamp":"2025-11-19 14:38:04"}
{"level":"info","message":"memory queue gracefully shutting down...","meta":{},"module":"application","submodule":"","method":"","app":"main","reqId":"7e512e6b-3eea-498d-99cf-4d115579b41c","dataSourceKey":"main","timestamp":"2025-11-19 14:38:04"}
{"level":"info","message":"stopping workflow plugin before app (main) shutdown...","meta":{},"module":"application","submodule":"","method":"","app":"main","reqId":"7e512e6b-3eea-498d-99cf-4d115579b41c","dataSourceKey":"main","timestamp":"2025-11-19 14:38:04"}
{"level":"info","message":"app.reload()","meta":{},"module":"application","submodule":"","method":"load","app":"main","reqId":"7e512e6b-3eea-498d-99cf-4d115579b41c","dataSourceKey":"main","timestamp":"2025-11-19 14:38:04"}
{"level":"info","message":"allocate worker id: 28","meta":{},"module":"application","submodule":"","method":"load","app":"main","reqId":"7ae65f7f-68bb-4193-9910-b4ef558d41e1","dataSourceKey":"main","timestamp":"2025-11-19 14:38:04"}
{"level":"warn","message":"AsyncTaskManager already exists, skipping initialization.","meta":{},"module":"application","submodule":"","method":"","app":"main","reqId":"7ae65f7f-68bb-4193-9910-b4ef558d41e1","dataSourceKey":"main","timestamp":"2025-11-19 14:38:04"}
{"level":"info","message":"memory queue storage file not found, skip","meta":{},"module":"application","submodule":"","method":"","app":"main","reqId":"213c0865-250e-4c7b-887a-db3427608d68","dataSourceKey":"main","timestamp":"2025-11-19 14:38:04"}
{"level":"info","message":"memory queue storage file not found, skip","meta":{},"module":"application","submodule":"","method":"","app":"main","reqId":"213c0865-250e-4c7b-887a-db3427608d68","dataSourceKey":"main","timestamp":"2025-11-19 14:38:04"}
{"level":"warn","message":"event queue already subscribed on channel \"background-jobs\", new subscription will be ignored","meta":{},"module":"application","submodule":"","method":"","app":"main","reqId":"7ae65f7f-68bb-4193-9910-b4ef558d41e1","dataSourceKey":"main","timestamp":"2025-11-19 14:38:04"}
{"level":"info","message":"memory queue storage file not found, skip","meta":{},"module":"application","submodule":"","method":"","app":"main","reqId":"81404600-5829-4d49-925c-a1c33c322834","dataSourceKey":"main","timestamp":"2025-11-19 14:38:04"}
{"level":"warn","message":"event queue already subscribed on channel \"background-jobs\", new subscription will be ignored","meta":{},"module":"application","submodule":"","method":"","app":"main","reqId":"7ae65f7f-68bb-4193-9910-b4ef558d41e1","dataSourceKey":"main","timestamp":"2025-11-19 14:38:04"}
{"level":"info","message":"memory queue storage file not found, skip","meta":{},"module":"application","submodule":"","method":"","app":"main","reqId":"fb1ed199-198d-4786-a352-d17b9ce85a78","dataSourceKey":"main","timestamp":"2025-11-19 14:38:04"}
{"level":"warn","message":"event queue already subscribed on channel \"background-jobs\", new subscription will be ignored","meta":{},"module":"application","submodule":"","method":"","app":"main","reqId":"7ae65f7f-68bb-4193-9910-b4ef558d41e1","dataSourceKey":"main","timestamp":"2025-11-19 14:38:04"}
{"level":"info","message":"memory queue storage file not found, skip","meta":{},"module":"application","submodule":"","method":"","app":"main","reqId":"6f1762d7-3ca8-4237-a338-202c87e958cd","dataSourceKey":"main","timestamp":"2025-11-19 14:38:04"}
{"level":"warn","message":"event queue already subscribed on channel \"background-jobs\", new subscription will be ignored","meta":{},"module":"application","submodule":"","method":"","app":"main","reqId":"7ae65f7f-68bb-4193-9910-b4ef558d41e1","dataSourceKey":"main","timestamp":"2025-11-19 14:38:04"}
{"level":"info","message":"memory queue storage file not found, skip","meta":{},"module":"application","submodule":"","method":"","app":"main","reqId":"31bfae6f-f108-4035-b34f-7a3672502d5e","dataSourceKey":"main","timestamp":"2025-11-19 14:38:04"}
{"level":"warn","message":"event queue already subscribed on channel \"background-jobs\", new subscription will be ignored","meta":{},"module":"application","submodule":"","method":"","app":"main","reqId":"7ae65f7f-68bb-4193-9910-b4ef558d41e1","dataSourceKey":"main","timestamp":"2025-11-19 14:38:04"}
{"level":"info","message":"memory queue storage file not found, skip","meta":{},"module":"application","submodule":"","method":"","app":"main","reqId":"147d62b9-fdd6-42d9-9489-968bf5207051","dataSourceKey":"main","timestamp":"2025-11-19 14:38:04"}
{"level":"warn","message":"event queue already subscribed on channel \"background-jobs\", new subscription will be ignored","meta":{},"module":"application","submodule":"","method":"","app":"main","reqId":"7ae65f7f-68bb-4193-9910-b4ef558d41e1","dataSourceKey":"main","timestamp":"2025-11-19 14:38:04"}
{"level":"info","message":"memory queue storage file not found, skip","meta":{},"module":"application","submodule":"","method":"","app":"main","reqId":"7e512e6b-3eea-498d-99cf-4d115579b41c","dataSourceKey":"main","timestamp":"2025-11-19 14:38:04"}
{"level":"warn","message":"event queue already subscribed on channel \"background-jobs\", new subscription will be ignored","meta":{},"module":"application","submodule":"","method":"","app":"main","reqId":"7ae65f7f-68bb-4193-9910-b4ef558d41e1","dataSourceKey":"main","timestamp":"2025-11-19 14:38:04"}
{"level":"info","message":"memory queue storage file not found, skip","meta":{},"module":"application","submodule":"","method":"","app":"main","reqId":"7ae65f7f-68bb-4193-9910-b4ef558d41e1","dataSourceKey":"main","timestamp":"2025-11-19 14:38:04"}
{"level":"warn","message":"event queue already subscribed on channel \"background-jobs\", new subscription will be ignored","meta":{},"module":"application","submodule":"","method":"","app":"main","reqId":"7ae65f7f-68bb-4193-9910-b4ef558d41e1","dataSourceKey":"main","timestamp":"2025-11-19 14:38:04"}
{"level":"info","message":"write roles to ACL","meta":{},"module":"acl","submodule":"","method":"writeRolesToACL","app":"main","reqId":"7ae65f7f-68bb-4193-9910-b4ef558d41e1","dataSourceKey":"main","timestamp":"2025-11-19 14:38:04"}
{"level":"warn","message":"[PubSubManager] adapter is not exist or not connected, cannot publish message to channel main.sync.localization","meta":{},"module":"application","submodule":"","method":"","app":"main","reqId":"7ae65f7f-68bb-4193-9910-b4ef558d41e1","dataSourceKey":"main","timestamp":"2025-11-19 14:38:14"}
{"level":"warn","message":"[PubSubManager] adapter is not exist or not connected, cannot publish message to channel main.sync.localization","meta":{},"module":"application","submodule":"","method":"","app":"main","reqId":"7ae65f7f-68bb-4193-9910-b4ef558d41e1","dataSourceKey":"main","timestamp":"2025-11-19 14:38:14"}
{"level":"warn","message":"[PubSubManager] adapter is not exist or not connected, cannot publish message to channel main.sync.localization","meta":{},"module":"application","submodule":"","method":"","app":"main","reqId":"7ae65f7f-68bb-4193-9910-b4ef558d41e1","dataSourceKey":"main","timestamp":"2025-11-19 14:38:14"}
{"level":"warn","message":"[PubSubManager] adapter is not exist or not connected, cannot publish message to channel main.sync.localization","meta":{},"module":"application","submodule":"","method":"","app":"main","reqId":"7ae65f7f-68bb-4193-9910-b4ef558d41e1","dataSourceKey":"main","timestamp":"2025-11-19 14:38:14"}
{"level":"warn","message":"[PubSubManager] adapter is not exist or not connected, cannot publish message to channel main.sync.localization","meta":{},"module":"application","submodule":"","method":"","app":"main","reqId":"7ae65f7f-68bb-4193-9910-b4ef558d41e1","dataSourceKey":"main","timestamp":"2025-11-19 14:38:14"}
{"level":"warn","message":"[PubSubManager] adapter is not exist or not connected, cannot publish message to channel main.sync.localization","meta":{},"module":"application","submodule":"","method":"","app":"main","reqId":"7ae65f7f-68bb-4193-9910-b4ef558d41e1","dataSourceKey":"main","timestamp":"2025-11-19 14:38:14"}
{"level":"warn","message":"[PubSubManager] adapter is not exist or not connected, cannot publish message to channel main.sync.localization","meta":{},"module":"application","submodule":"","method":"","app":"main","reqId":"7ae65f7f-68bb-4193-9910-b4ef558d41e1","dataSourceKey":"main","timestamp":"2025-11-19 14:38:14"}
{"level":"warn","message":"[PubSubManager] adapter is not exist or not connected, cannot publish message to channel main.sync.localization","meta":{},"module":"application","submodule":"","method":"","app":"main","reqId":"7ae65f7f-68bb-4193-9910-b4ef558d41e1","dataSourceKey":"main","timestamp":"2025-11-19 14:38:14"}
{"level":"warn","message":"[PubSubManager] adapter is not exist or not connected, cannot publish message to channel main.sync.localization","meta":{},"module":"application","submodule":"","method":"","app":"main","reqId":"7ae65f7f-68bb-4193-9910-b4ef558d41e1","dataSourceKey":"main","timestamp":"2025-11-19 14:38:14"}
{"level":"warn","message":"[PubSubManager] adapter is not exist or not connected, cannot publish message to channel main.sync.localization","meta":{},"module":"application","submodule":"","method":"","app":"main","reqId":"7ae65f7f-68bb-4193-9910-b4ef558d41e1","dataSourceKey":"main","timestamp":"2025-11-19 14:38:14"}
{"level":"warn","message":"[PubSubManager] adapter is not exist or not connected, cannot publish message to channel main.sync.localization","meta":{},"module":"application","submodule":"","method":"","app":"main","reqId":"7ae65f7f-68bb-4193-9910-b4ef558d41e1","dataSourceKey":"main","timestamp":"2025-11-19 14:38:14"}
{"level":"warn","message":"[PubSubManager] adapter is not exist or not connected, cannot publish message to channel main.sync.localization","meta":{},"module":"application","submodule":"","method":"","app":"main","reqId":"7ae65f7f-68bb-4193-9910-b4ef558d41e1","dataSourceKey":"main","timestamp":"2025-11-19 14:38:14"}
{"level":"warn","message":"[PubSubManager] adapter is not exist or not connected, cannot publish message to channel main.sync.localization","meta":{},"module":"application","submodule":"","method":"","app":"main","reqId":"7ae65f7f-68bb-4193-9910-b4ef558d41e1","dataSourceKey":"main","timestamp":"2025-11-19 14:38:14"}
{"level":"warn","message":"[PubSubManager] adapter is not exist or not connected, cannot publish message to channel main.sync.localization","meta":{},"module":"application","submodule":"","method":"","app":"main","reqId":"7ae65f7f-68bb-4193-9910-b4ef558d41e1","dataSourceKey":"main","timestamp":"2025-11-19 14:38:14"}
{"level":"warn","message":"[PubSubManager] adapter is not exist or not connected, cannot publish message to channel main.sync.localization","meta":{},"module":"application","submodule":"","method":"","app":"main","reqId":"7ae65f7f-68bb-4193-9910-b4ef558d41e1","dataSourceKey":"main","timestamp":"2025-11-19 14:38:14"}
{"level":"info","message":"restarting...","meta":{},"module":"application","submodule":"","method":"","app":"main","reqId":"7ae65f7f-68bb-4193-9910-b4ef558d41e1","dataSourceKey":"main","timestamp":"2025-11-19 14:38:14"}
{"level":"info","message":"memory queue gracefully shutting down...","meta":{},"module":"application","submodule":"","method":"","app":"main","reqId":"213c0865-250e-4c7b-887a-db3427608d68","dataSourceKey":"main","timestamp":"2025-11-19 14:38:14"}
{"level":"info","message":"memory queue gracefully shutting down...","meta":{},"module":"application","submodule":"","method":"","app":"main","reqId":"213c0865-250e-4c7b-887a-db3427608d68","dataSourceKey":"main","timestamp":"2025-11-19 14:38:14"}
{"level":"info","message":"memory queue gracefully shutting down...","meta":{},"module":"application","submodule":"","method":"","app":"main","reqId":"81404600-5829-4d49-925c-a1c33c322834","dataSourceKey":"main","timestamp":"2025-11-19 14:38:14"}
{"level":"info","message":"memory queue gracefully shutting down...","meta":{},"module":"application","submodule":"","method":"","app":"main","reqId":"fb1ed199-198d-4786-a352-d17b9ce85a78","dataSourceKey":"main","timestamp":"2025-11-19 14:38:14"}
{"level":"info","message":"memory queue gracefully shutting down...","meta":{},"module":"application","submodule":"","method":"","app":"main","reqId":"6f1762d7-3ca8-4237-a338-202c87e958cd","dataSourceKey":"main","timestamp":"2025-11-19 14:38:14"}
{"level":"info","message":"memory queue gracefully shutting down...","meta":{},"module":"application","submodule":"","method":"","app":"main","reqId":"31bfae6f-f108-4035-b34f-7a3672502d5e","dataSourceKey":"main","timestamp":"2025-11-19 14:38:14"}
{"level":"info","message":"memory queue gracefully shutting down...","meta":{},"module":"application","submodule":"","method":"","app":"main","reqId":"147d62b9-fdd6-42d9-9489-968bf5207051","dataSourceKey":"main","timestamp":"2025-11-19 14:38:14"}
{"level":"info","message":"memory queue gracefully shutting down...","meta":{},"module":"application","submodule":"","method":"","app":"main","reqId":"7e512e6b-3eea-498d-99cf-4d115579b41c","dataSourceKey":"main","timestamp":"2025-11-19 14:38:14"}
{"level":"info","message":"[queue] gracefully shutting down...","meta":{},"module":"application","submodule":"","method":"","app":"main","reqId":"7ae65f7f-68bb-4193-9910-b4ef558d41e1","dataSourceKey":"main","timestamp":"2025-11-19 14:38:14"}
{"level":"info","message":"[queue] gracefully shutting down...","meta":{},"module":"application","submodule":"","method":"","app":"main","reqId":"7ae65f7f-68bb-4193-9910-b4ef558d41e1","dataSourceKey":"main","timestamp":"2025-11-19 14:38:14"}
{"level":"info","message":"[queue] gracefully shutting down...","meta":{},"module":"application","submodule":"","method":"","app":"main","reqId":"7ae65f7f-68bb-4193-9910-b4ef558d41e1","dataSourceKey":"main","timestamp":"2025-11-19 14:38:14"}
{"level":"info","message":"[queue] gracefully shutting down...","meta":{},"module":"application","submodule":"","method":"","app":"main","reqId":"7ae65f7f-68bb-4193-9910-b4ef558d41e1","dataSourceKey":"main","timestamp":"2025-11-19 14:38:14"}
{"level":"info","message":"[queue] gracefully shutting down...","meta":{},"module":"application","submodule":"","method":"","app":"main","reqId":"7ae65f7f-68bb-4193-9910-b4ef558d41e1","dataSourceKey":"main","timestamp":"2025-11-19 14:38:14"}
{"level":"info","message":"[queue] gracefully shutting down...","meta":{},"module":"application","submodule":"","method":"","app":"main","reqId":"7ae65f7f-68bb-4193-9910-b4ef558d41e1","dataSourceKey":"main","timestamp":"2025-11-19 14:38:14"}
{"level":"info","message":"[queue] gracefully shutting down...","meta":{},"module":"application","submodule":"","method":"","app":"main","reqId":"7ae65f7f-68bb-4193-9910-b4ef558d41e1","dataSourceKey":"main","timestamp":"2025-11-19 14:38:14"}
{"level":"info","message":"[queue] gracefully shutting down...","meta":{},"module":"application","submodule":"","method":"","app":"main","reqId":"7ae65f7f-68bb-4193-9910-b4ef558d41e1","dataSourceKey":"main","timestamp":"2025-11-19 14:38:14"}
{"level":"info","message":"[queue] gracefully shutting down...","meta":{},"module":"application","submodule":"","method":"","app":"main","reqId":"7ae65f7f-68bb-4193-9910-b4ef558d41e1","dataSourceKey":"main","timestamp":"2025-11-19 14:38:14"}
{"level":"info","message":"memory queue gracefully shutting down...","meta":{},"module":"application","submodule":"","method":"","app":"main","reqId":"7ae65f7f-68bb-4193-9910-b4ef558d41e1","dataSourceKey":"main","timestamp":"2025-11-19 14:38:14"}
{"level":"info","message":"stopping workflow plugin before app (main) shutdown...","meta":{},"module":"application","submodule":"","method":"","app":"main","reqId":"7ae65f7f-68bb-4193-9910-b4ef558d41e1","dataSourceKey":"main","timestamp":"2025-11-19 14:38:14"}
{"level":"info","message":"app.reload()","meta":{},"module":"application","submodule":"","method":"load","app":"main","reqId":"7ae65f7f-68bb-4193-9910-b4ef558d41e1","dataSourceKey":"main","timestamp":"2025-11-19 14:38:14"}
{"level":"info","message":"allocate worker id: 30","meta":{},"module":"application","submodule":"","method":"load","app":"main","reqId":"cb808ea5-2676-4341-8089-558185ea08db","dataSourceKey":"main","timestamp":"2025-11-19 14:38:14"}
{"level":"warn","message":"AsyncTaskManager already exists, skipping initialization.","meta":{},"module":"application","submodule":"","method":"","app":"main","reqId":"cb808ea5-2676-4341-8089-558185ea08db","dataSourceKey":"main","timestamp":"2025-11-19 14:38:14"}
{"level":"info","message":"memory queue storage file not found, skip","meta":{},"module":"application","submodule":"","method":"","app":"main","reqId":"213c0865-250e-4c7b-887a-db3427608d68","dataSourceKey":"main","timestamp":"2025-11-19 14:38:14"}
{"level":"info","message":"memory queue storage file not found, skip","meta":{},"module":"application","submodule":"","method":"","app":"main","reqId":"213c0865-250e-4c7b-887a-db3427608d68","dataSourceKey":"main","timestamp":"2025-11-19 14:38:14"}
{"level":"warn","message":"event queue already subscribed on channel \"background-jobs\", new subscription will be ignored","meta":{},"module":"application","submodule":"","method":"","app":"main","reqId":"cb808ea5-2676-4341-8089-558185ea08db","dataSourceKey":"main","timestamp":"2025-11-19 14:38:14"}
{"level":"info","message":"memory queue storage file not found, skip","meta":{},"module":"application","submodule":"","method":"","app":"main","reqId":"81404600-5829-4d49-925c-a1c33c322834","dataSourceKey":"main","timestamp":"2025-11-19 14:38:14"}
{"level":"warn","message":"event queue already subscribed on channel \"background-jobs\", new subscription will be ignored","meta":{},"module":"application","submodule":"","method":"","app":"main","reqId":"cb808ea5-2676-4341-8089-558185ea08db","dataSourceKey":"main","timestamp":"2025-11-19 14:38:14"}
{"level":"info","message":"memory queue storage file not found, skip","meta":{},"module":"application","submodule":"","method":"","app":"main","reqId":"fb1ed199-198d-4786-a352-d17b9ce85a78","dataSourceKey":"main","timestamp":"2025-11-19 14:38:14"}
{"level":"warn","message":"event queue already subscribed on channel \"background-jobs\", new subscription will be ignored","meta":{},"module":"application","submodule":"","method":"","app":"main","reqId":"cb808ea5-2676-4341-8089-558185ea08db","dataSourceKey":"main","timestamp":"2025-11-19 14:38:14"}
{"level":"info","message":"memory queue storage file not found, skip","meta":{},"module":"application","submodule":"","method":"","app":"main","reqId":"6f1762d7-3ca8-4237-a338-202c87e958cd","dataSourceKey":"main","timestamp":"2025-11-19 14:38:14"}
{"level":"warn","message":"event queue already subscribed on channel \"background-jobs\", new subscription will be ignored","meta":{},"module":"application","submodule":"","method":"","app":"main","reqId":"cb808ea5-2676-4341-8089-558185ea08db","dataSourceKey":"main","timestamp":"2025-11-19 14:38:14"}
{"level":"info","message":"memory queue storage file not found, skip","meta":{},"module":"application","submodule":"","method":"","app":"main","reqId":"31bfae6f-f108-4035-b34f-7a3672502d5e","dataSourceKey":"main","timestamp":"2025-11-19 14:38:14"}
{"level":"warn","message":"event queue already subscribed on channel \"background-jobs\", new subscription will be ignored","meta":{},"module":"application","submodule":"","method":"","app":"main","reqId":"cb808ea5-2676-4341-8089-558185ea08db","dataSourceKey":"main","timestamp":"2025-11-19 14:38:14"}
{"level":"info","message":"memory queue storage file not found, skip","meta":{},"module":"application","submodule":"","method":"","app":"main","reqId":"147d62b9-fdd6-42d9-9489-968bf5207051","dataSourceKey":"main","timestamp":"2025-11-19 14:38:14"}
{"level":"warn","message":"event queue already subscribed on channel \"background-jobs\", new subscription will be ignored","meta":{},"module":"application","submodule":"","method":"","app":"main","reqId":"cb808ea5-2676-4341-8089-558185ea08db","dataSourceKey":"main","timestamp":"2025-11-19 14:38:14"}
{"level":"info","message":"memory queue storage file not found, skip","meta":{},"module":"application","submodule":"","method":"","app":"main","reqId":"7e512e6b-3eea-498d-99cf-4d115579b41c","dataSourceKey":"main","timestamp":"2025-11-19 14:38:14"}
{"level":"warn","message":"event queue already subscribed on channel \"background-jobs\", new subscription will be ignored","meta":{},"module":"application","submodule":"","method":"","app":"main","reqId":"cb808ea5-2676-4341-8089-558185ea08db","dataSourceKey":"main","timestamp":"2025-11-19 14:38:14"}
{"level":"info","message":"memory queue storage file not found, skip","meta":{},"module":"application","submodule":"","method":"","app":"main","reqId":"7ae65f7f-68bb-4193-9910-b4ef558d41e1","dataSourceKey":"main","timestamp":"2025-11-19 14:38:14"}
{"level":"warn","message":"event queue already subscribed on channel \"background-jobs\", new subscription will be ignored","meta":{},"module":"application","submodule":"","method":"","app":"main","reqId":"cb808ea5-2676-4341-8089-558185ea08db","dataSourceKey":"main","timestamp":"2025-11-19 14:38:14"}
{"level":"info","message":"memory queue storage file not found, skip","meta":{},"module":"application","submodule":"","method":"","app":"main","reqId":"cb808ea5-2676-4341-8089-558185ea08db","dataSourceKey":"main","timestamp":"2025-11-19 14:38:14"}
{"level":"warn","message":"event queue already subscribed on channel \"background-jobs\", new subscription will be ignored","meta":{},"module":"application","submodule":"","method":"","app":"main","reqId":"cb808ea5-2676-4341-8089-558185ea08db","dataSourceKey":"main","timestamp":"2025-11-19 14:38:14"}
{"level":"info","message":"write roles to ACL","meta":{},"module":"acl","submodule":"","method":"writeRolesToACL","app":"main","reqId":"cb808ea5-2676-4341-8089-558185ea08db","dataSourceKey":"main","timestamp":"2025-11-19 14:38:14"}
{"level":"info","message":"restarting...","meta":{},"module":"application","submodule":"","method":"","app":"main","reqId":"cb808ea5-2676-4341-8089-558185ea08db","dataSourceKey":"main","timestamp":"2025-11-19 14:38:24"}
{"level":"info","message":"memory queue gracefully shutting down...","meta":{},"module":"application","submodule":"","method":"","app":"main","reqId":"213c0865-250e-4c7b-887a-db3427608d68","dataSourceKey":"main","timestamp":"2025-11-19 14:38:24"}
{"level":"info","message":"memory queue gracefully shutting down...","meta":{},"module":"application","submodule":"","method":"","app":"main","reqId":"213c0865-250e-4c7b-887a-db3427608d68","dataSourceKey":"main","timestamp":"2025-11-19 14:38:24"}
{"level":"info","message":"memory queue gracefully shutting down...","meta":{},"module":"application","submodule":"","method":"","app":"main","reqId":"81404600-5829-4d49-925c-a1c33c322834","dataSourceKey":"main","timestamp":"2025-11-19 14:38:24"}
{"level":"info","message":"memory queue gracefully shutting down...","meta":{},"module":"application","submodule":"","method":"","app":"main","reqId":"fb1ed199-198d-4786-a352-d17b9ce85a78","dataSourceKey":"main","timestamp":"2025-11-19 14:38:24"}
{"level":"info","message":"memory queue gracefully shutting down...","meta":{},"module":"application","submodule":"","method":"","app":"main","reqId":"6f1762d7-3ca8-4237-a338-202c87e958cd","dataSourceKey":"main","timestamp":"2025-11-19 14:38:24"}
{"level":"info","message":"memory queue gracefully shutting down...","meta":{},"module":"application","submodule":"","method":"","app":"main","reqId":"31bfae6f-f108-4035-b34f-7a3672502d5e","dataSourceKey":"main","timestamp":"2025-11-19 14:38:24"}
{"level":"info","message":"memory queue gracefully shutting down...","meta":{},"module":"application","submodule":"","method":"","app":"main","reqId":"147d62b9-fdd6-42d9-9489-968bf5207051","dataSourceKey":"main","timestamp":"2025-11-19 14:38:24"}
{"level":"info","message":"memory queue gracefully shutting down...","meta":{},"module":"application","submodule":"","method":"","app":"main","reqId":"7e512e6b-3eea-498d-99cf-4d115579b41c","dataSourceKey":"main","timestamp":"2025-11-19 14:38:24"}
{"level":"info","message":"memory queue gracefully shutting down...","meta":{},"module":"application","submodule":"","method":"","app":"main","reqId":"7ae65f7f-68bb-4193-9910-b4ef558d41e1","dataSourceKey":"main","timestamp":"2025-11-19 14:38:24"}
{"level":"info","message":"[queue] gracefully shutting down...","meta":{},"module":"application","submodule":"","method":"","app":"main","reqId":"cb808ea5-2676-4341-8089-558185ea08db","dataSourceKey":"main","timestamp":"2025-11-19 14:38:24"}
{"level":"info","message":"[queue] gracefully shutting down...","meta":{},"module":"application","submodule":"","method":"","app":"main","reqId":"cb808ea5-2676-4341-8089-558185ea08db","dataSourceKey":"main","timestamp":"2025-11-19 14:38:24"}
{"level":"info","message":"[queue] gracefully shutting down...","meta":{},"module":"application","submodule":"","method":"","app":"main","reqId":"cb808ea5-2676-4341-8089-558185ea08db","dataSourceKey":"main","timestamp":"2025-11-19 14:38:24"}
{"level":"info","message":"[queue] gracefully shutting down...","meta":{},"module":"application","submodule":"","method":"","app":"main","reqId":"cb808ea5-2676-4341-8089-558185ea08db","dataSourceKey":"main","timestamp":"2025-11-19 14:38:24"}
{"level":"info","message":"[queue] gracefully shutting down...","meta":{},"module":"application","submodule":"","method":"","app":"main","reqId":"cb808ea5-2676-4341-8089-558185ea08db","dataSourceKey":"main","timestamp":"2025-11-19 14:38:24"}
{"level":"info","message":"[queue] gracefully shutting down...","meta":{},"module":"application","submodule":"","method":"","app":"main","reqId":"cb808ea5-2676-4341-8089-558185ea08db","dataSourceKey":"main","timestamp":"2025-11-19 14:38:24"}
{"level":"info","message":"[queue] gracefully shutting down...","meta":{},"module":"application","submodule":"","method":"","app":"main","reqId":"cb808ea5-2676-4341-8089-558185ea08db","dataSourceKey":"main","timestamp":"2025-11-19 14:38:24"}
{"level":"info","message":"[queue] gracefully shutting down...","meta":{},"module":"application","submodule":"","method":"","app":"main","reqId":"cb808ea5-2676-4341-8089-558185ea08db","dataSourceKey":"main","timestamp":"2025-11-19 14:38:24"}
{"level":"info","message":"[queue] gracefully shutting down...","meta":{},"module":"application","submodule":"","method":"","app":"main","reqId":"cb808ea5-2676-4341-8089-558185ea08db","dataSourceKey":"main","timestamp":"2025-11-19 14:38:24"}
{"level":"info","message":"[queue] gracefully shutting down...","meta":{},"module":"application","submodule":"","method":"","app":"main","reqId":"cb808ea5-2676-4341-8089-558185ea08db","dataSourceKey":"main","timestamp":"2025-11-19 14:38:24"}
{"level":"info","message":"memory queue gracefully shutting down...","meta":{},"module":"application","submodule":"","method":"","app":"main","reqId":"cb808ea5-2676-4341-8089-558185ea08db","dataSourceKey":"main","timestamp":"2025-11-19 14:38:24"}
{"level":"info","message":"stopping workflow plugin before app (main) shutdown...","meta":{},"module":"application","submodule":"","method":"","app":"main","reqId":"cb808ea5-2676-4341-8089-558185ea08db","dataSourceKey":"main","timestamp":"2025-11-19 14:38:24"}
{"level":"info","message":"app.reload()","meta":{},"module":"application","submodule":"","method":"load","app":"main","reqId":"cb808ea5-2676-4341-8089-558185ea08db","dataSourceKey":"main","timestamp":"2025-11-19 14:38:24"}
{"level":"info","message":"allocate worker id: 21","meta":{},"module":"application","submodule":"","method":"load","app":"main","reqId":"1ac480a4-09d3-47fa-b11d-b06c8df16a4f","dataSourceKey":"main","timestamp":"2025-11-19 14:38:24"}
{"level":"warn","message":"AsyncTaskManager already exists, skipping initialization.","meta":{},"module":"application","submodule":"","method":"","app":"main","reqId":"1ac480a4-09d3-47fa-b11d-b06c8df16a4f","dataSourceKey":"main","timestamp":"2025-11-19 14:38:24"}
{"level":"info","message":"memory queue storage file not found, skip","meta":{},"module":"application","submodule":"","method":"","app":"main","reqId":"213c0865-250e-4c7b-887a-db3427608d68","dataSourceKey":"main","timestamp":"2025-11-19 14:38:24"}
{"level":"info","message":"memory queue storage file not found, skip","meta":{},"module":"application","submodule":"","method":"","app":"main","reqId":"213c0865-250e-4c7b-887a-db3427608d68","dataSourceKey":"main","timestamp":"2025-11-19 14:38:24"}
{"level":"warn","message":"event queue already subscribed on channel \"background-jobs\", new subscription will be ignored","meta":{},"module":"application","submodule":"","method":"","app":"main","reqId":"1ac480a4-09d3-47fa-b11d-b06c8df16a4f","dataSourceKey":"main","timestamp":"2025-11-19 14:38:24"}
{"level":"info","message":"memory queue storage file not found, skip","meta":{},"module":"application","submodule":"","method":"","app":"main","reqId":"81404600-5829-4d49-925c-a1c33c322834","dataSourceKey":"main","timestamp":"2025-11-19 14:38:24"}
{"level":"warn","message":"event queue already subscribed on channel \"background-jobs\", new subscription will be ignored","meta":{},"module":"application","submodule":"","method":"","app":"main","reqId":"1ac480a4-09d3-47fa-b11d-b06c8df16a4f","dataSourceKey":"main","timestamp":"2025-11-19 14:38:24"}
{"level":"info","message":"memory queue storage file not found, skip","meta":{},"module":"application","submodule":"","method":"","app":"main","reqId":"fb1ed199-198d-4786-a352-d17b9ce85a78","dataSourceKey":"main","timestamp":"2025-11-19 14:38:24"}
{"level":"warn","message":"event queue already subscribed on channel \"background-jobs\", new subscription will be ignored","meta":{},"module":"application","submodule":"","method":"","app":"main","reqId":"1ac480a4-09d3-47fa-b11d-b06c8df16a4f","dataSourceKey":"main","timestamp":"2025-11-19 14:38:24"}
{"level":"info","message":"memory queue storage file not found, skip","meta":{},"module":"application","submodule":"","method":"","app":"main","reqId":"6f1762d7-3ca8-4237-a338-202c87e958cd","dataSourceKey":"main","timestamp":"2025-11-19 14:38:24"}
{"level":"warn","message":"event queue already subscribed on channel \"background-jobs\", new subscription will be ignored","meta":{},"module":"application","submodule":"","method":"","app":"main","reqId":"1ac480a4-09d3-47fa-b11d-b06c8df16a4f","dataSourceKey":"main","timestamp":"2025-11-19 14:38:24"}
{"level":"info","message":"memory queue storage file not found, skip","meta":{},"module":"application","submodule":"","method":"","app":"main","reqId":"31bfae6f-f108-4035-b34f-7a3672502d5e","dataSourceKey":"main","timestamp":"2025-11-19 14:38:24"}
{"level":"warn","message":"event queue already subscribed on channel \"background-jobs\", new subscription will be ignored","meta":{},"module":"application","submodule":"","method":"","app":"main","reqId":"1ac480a4-09d3-47fa-b11d-b06c8df16a4f","dataSourceKey":"main","timestamp":"2025-11-19 14:38:24"}
{"level":"info","message":"memory queue storage file not found, skip","meta":{},"module":"application","submodule":"","method":"","app":"main","reqId":"147d62b9-fdd6-42d9-9489-968bf5207051","dataSourceKey":"main","timestamp":"2025-11-19 14:38:24"}
{"level":"warn","message":"event queue already subscribed on channel \"background-jobs\", new subscription will be ignored","meta":{},"module":"application","submodule":"","method":"","app":"main","reqId":"1ac480a4-09d3-47fa-b11d-b06c8df16a4f","dataSourceKey":"main","timestamp":"2025-11-19 14:38:24"}
{"level":"info","message":"memory queue storage file not found, skip","meta":{},"module":"application","submodule":"","method":"","app":"main","reqId":"7e512e6b-3eea-498d-99cf-4d115579b41c","dataSourceKey":"main","timestamp":"2025-11-19 14:38:24"}
{"level":"warn","message":"event queue already subscribed on channel \"background-jobs\", new subscription will be ignored","meta":{},"module":"application","submodule":"","method":"","app":"main","reqId":"1ac480a4-09d3-47fa-b11d-b06c8df16a4f","dataSourceKey":"main","timestamp":"2025-11-19 14:38:24"}
{"level":"info","message":"memory queue storage file not found, skip","meta":{},"module":"application","submodule":"","method":"","app":"main","reqId":"7ae65f7f-68bb-4193-9910-b4ef558d41e1","dataSourceKey":"main","timestamp":"2025-11-19 14:38:24"}
{"level":"warn","message":"event queue already subscribed on channel \"background-jobs\", new subscription will be ignored","meta":{},"module":"application","submodule":"","method":"","app":"main","reqId":"1ac480a4-09d3-47fa-b11d-b06c8df16a4f","dataSourceKey":"main","timestamp":"2025-11-19 14:38:24"}
{"level":"info","message":"memory queue storage file not found, skip","meta":{},"module":"application","submodule":"","method":"","app":"main","reqId":"cb808ea5-2676-4341-8089-558185ea08db","dataSourceKey":"main","timestamp":"2025-11-19 14:38:24"}
{"level":"warn","message":"event queue already subscribed on channel \"background-jobs\", new subscription will be ignored","meta":{},"module":"application","submodule":"","method":"","app":"main","reqId":"1ac480a4-09d3-47fa-b11d-b06c8df16a4f","dataSourceKey":"main","timestamp":"2025-11-19 14:38:24"}
{"level":"info","message":"memory queue storage file not found, skip","meta":{},"module":"application","submodule":"","method":"","app":"main","reqId":"1ac480a4-09d3-47fa-b11d-b06c8df16a4f","dataSourceKey":"main","timestamp":"2025-11-19 14:38:24"}
{"level":"warn","message":"event queue already subscribed on channel \"background-jobs\", new subscription will be ignored","meta":{},"module":"application","submodule":"","method":"","app":"main","reqId":"1ac480a4-09d3-47fa-b11d-b06c8df16a4f","dataSourceKey":"main","timestamp":"2025-11-19 14:38:24"}
{"level":"info","message":"write roles to ACL","meta":{},"module":"acl","submodule":"","method":"writeRolesToACL","app":"main","reqId":"1ac480a4-09d3-47fa-b11d-b06c8df16a4f","dataSourceKey":"main","timestamp":"2025-11-19 14:38:24"}
{"level":"warn","message":"[PubSubManager] adapter is not exist or not connected, cannot publish message to channel main.sync.localization","meta":{},"module":"application","submodule":"","method":"","app":"main","reqId":"1ac480a4-09d3-47fa-b11d-b06c8df16a4f","dataSourceKey":"main","timestamp":"2025-11-19 15:27:40"}
{"level":"warn","message":"[PubSubManager] adapter is not exist or not connected, cannot publish message to channel main.sync.localization","meta":{},"module":"application","submodule":"","method":"","app":"main","reqId":"1ac480a4-09d3-47fa-b11d-b06c8df16a4f","dataSourceKey":"main","timestamp":"2025-11-19 15:27:54"}
{"level":"warn","message":"[PubSubManager] adapter is not exist or not connected, cannot publish message to channel main.sync.localization","meta":{},"module":"application","submodule":"","method":"","app":"main","reqId":"1ac480a4-09d3-47fa-b11d-b06c8df16a4f","dataSourceKey":"main","timestamp":"2025-11-19 15:27:55"}
{"level":"warn","message":"[PubSubManager] adapter is not exist or not connected, cannot publish message to channel main.sync.localization","meta":{},"module":"application","submodule":"","method":"","app":"main","reqId":"1ac480a4-09d3-47fa-b11d-b06c8df16a4f","dataSourceKey":"main","timestamp":"2025-11-19 15:28:21"}
{"level":"warn","message":"[PubSubManager] adapter is not exist or not connected, cannot publish message to channel main.sync.localization","meta":{},"module":"application","submodule":"","method":"","app":"main","reqId":"1ac480a4-09d3-47fa-b11d-b06c8df16a4f","dataSourceKey":"main","timestamp":"2025-11-19 15:28:21"}
{"level":"warn","message":"[PubSubManager] adapter is not exist or not connected, cannot publish message to channel main.sync.localization","meta":{},"module":"application","submodule":"","method":"","app":"main","reqId":"1ac480a4-09d3-47fa-b11d-b06c8df16a4f","dataSourceKey":"main","timestamp":"2025-11-19 15:28:21"}
{"level":"warn","message":"[PubSubManager] adapter is not exist or not connected, cannot publish message to channel main.sync.localization","meta":{},"module":"application","submodule":"","method":"","app":"main","reqId":"1ac480a4-09d3-47fa-b11d-b06c8df16a4f","dataSourceKey":"main","timestamp":"2025-11-19 15:28:21"}
{"level":"warn","message":"[PubSubManager] adapter is not exist or not connected, cannot publish message to channel main.sync.localization","meta":{},"module":"application","submodule":"","method":"","app":"main","reqId":"1ac480a4-09d3-47fa-b11d-b06c8df16a4f","dataSourceKey":"main","timestamp":"2025-11-19 15:28:21"}
{"level":"warn","message":"[PubSubManager] adapter is not exist or not connected, cannot publish message to channel main.sync.localization","meta":{},"module":"application","submodule":"","method":"","app":"main","reqId":"1ac480a4-09d3-47fa-b11d-b06c8df16a4f","dataSourceKey":"main","timestamp":"2025-11-19 15:28:21"}
{"level":"warn","message":"[PubSubManager] adapter is not exist or not connected, cannot publish message to channel main.sync.data-source-main","meta":{},"module":"application","submodule":"","method":"","app":"main","reqId":"1ac480a4-09d3-47fa-b11d-b06c8df16a4f","dataSourceKey":"main","timestamp":"2025-11-19 15:28:21"}
