{"level":"info","message":"add app main into supervisor","meta":{},"module":"application","submodule":"supervisor","method":"addApp","app":"main","reqId":"2906e247-caf2-4c0f-a408-c03e6bb7f1fb","dataSourceKey":"main","timestamp":"2025-11-15 17:47:36"}
{"level":"info","message":"connection has been established successfully.","meta":{},"module":"database","submodule":"","method":"auth","app":"main","reqId":"2906e247-caf2-4c0f-a408-c03e6bb7f1fb","dataSourceKey":"main","timestamp":"2025-11-15 17:47:36"}
{"level":"info","message":"allocate worker id: 27","meta":{},"module":"application","submodule":"","method":"load","app":"main","reqId":"2906e247-caf2-4c0f-a408-c03e6bb7f1fb","dataSourceKey":"main","timestamp":"2025-11-15 17:47:36"}
{"level":"info","message":"start install built-in plugins","meta":{},"module":"nocobase","submodule":"","method":"","app":"main","reqId":"2906e247-caf2-4c0f-a408-c03e6bb7f1fb","dataSourceKey":"main","timestamp":"2025-11-15 17:47:37"}
{"level":"warn","message":"[PubSubManager] adapter is not exist or not connected, cannot publish message to channel main.sync.file-manager","meta":{},"module":"application","submodule":"","method":"","app":"main","reqId":"2906e247-caf2-4c0f-a408-c03e6bb7f1fb","dataSourceKey":"main","timestamp":"2025-11-15 17:47:38"}
{"level":"warn","message":"[PubSubManager] adapter is not exist or not connected, cannot publish message to channel main.sync.data-source-manager","meta":{},"module":"application","submodule":"","method":"","app":"main","reqId":"2906e247-caf2-4c0f-a408-c03e6bb7f1fb","dataSourceKey":"main","timestamp":"2025-11-15 17:47:38"}
{"level":"warn","message":"[PubSubManager] adapter is not exist or not connected, cannot publish message to channel main.sync.acl","meta":{},"module":"application","submodule":"","method":"","app":"main","reqId":"2906e247-caf2-4c0f-a408-c03e6bb7f1fb","dataSourceKey":"main","timestamp":"2025-11-15 17:47:38"}
{"level":"warn","message":"[PubSubManager] adapter is not exist or not connected, cannot publish message to channel main.sync.data-source-manager","meta":{},"module":"application","submodule":"","method":"","app":"main","reqId":"2906e247-caf2-4c0f-a408-c03e6bb7f1fb","dataSourceKey":"main","timestamp":"2025-11-15 17:47:38"}
{"level":"warn","message":"[PubSubManager] adapter is not exist or not connected, cannot publish message to channel main.sync.acl","meta":{},"module":"application","submodule":"","method":"","app":"main","reqId":"2906e247-caf2-4c0f-a408-c03e6bb7f1fb","dataSourceKey":"main","timestamp":"2025-11-15 17:47:38"}
{"level":"warn","message":"[PubSubManager] adapter is not exist or not connected, cannot publish message to channel main.sync.data-source-manager","meta":{},"module":"application","submodule":"","method":"","app":"main","reqId":"2906e247-caf2-4c0f-a408-c03e6bb7f1fb","dataSourceKey":"main","timestamp":"2025-11-15 17:47:38"}
{"level":"warn","message":"[PubSubManager] adapter is not exist or not connected, cannot publish message to channel main.sync.acl","meta":{},"module":"application","submodule":"","method":"","app":"main","reqId":"2906e247-caf2-4c0f-a408-c03e6bb7f1fb","dataSourceKey":"main","timestamp":"2025-11-15 17:47:38"}
{"level":"info","message":"finish install built-in plugins","meta":{},"module":"nocobase","submodule":"","method":"","app":"main","reqId":"2906e247-caf2-4c0f-a408-c03e6bb7f1fb","dataSourceKey":"main","timestamp":"2025-11-15 17:47:39"}
{"level":"warn","message":"[PubSubManager] adapter is not exist or not connected, cannot publish message to channel main.sync.data-source-manager","meta":{},"module":"application","submodule":"","method":"","app":"main","reqId":"2906e247-caf2-4c0f-a408-c03e6bb7f1fb","dataSourceKey":"main","timestamp":"2025-11-15 17:47:39"}
{"level":"warn","message":"[PubSubManager] adapter is not exist or not connected, cannot publish message to channel main.sync.acl","meta":{},"module":"application","submodule":"","method":"","app":"main","reqId":"2906e247-caf2-4c0f-a408-c03e6bb7f1fb","dataSourceKey":"main","timestamp":"2025-11-15 17:47:39"}
{"level":"warn","message":"[PubSubManager] adapter is not exist or not connected, cannot publish message to channel main.sync.data-source-manager","meta":{},"module":"application","submodule":"","method":"","app":"main","reqId":"2906e247-caf2-4c0f-a408-c03e6bb7f1fb","dataSourceKey":"main","timestamp":"2025-11-15 17:47:39"}
{"level":"warn","message":"[PubSubManager] adapter is not exist or not connected, cannot publish message to channel main.sync.acl","meta":{},"module":"application","submodule":"","method":"","app":"main","reqId":"2906e247-caf2-4c0f-a408-c03e6bb7f1fb","dataSourceKey":"main","timestamp":"2025-11-15 17:47:39"}
{"level":"warn","message":"[PubSubManager] adapter is not exist or not connected, cannot publish message to channel main.sync.data-source-manager","meta":{},"module":"application","submodule":"","method":"","app":"main","reqId":"2906e247-caf2-4c0f-a408-c03e6bb7f1fb","dataSourceKey":"main","timestamp":"2025-11-15 17:47:39"}
{"level":"warn","message":"[PubSubManager] adapter is not exist or not connected, cannot publish message to channel main.sync.acl","meta":{},"module":"application","submodule":"","method":"","app":"main","reqId":"2906e247-caf2-4c0f-a408-c03e6bb7f1fb","dataSourceKey":"main","timestamp":"2025-11-15 17:47:39"}
{"level":"warn","message":"[PubSubManager] adapter is not exist or not connected, cannot publish message to channel main.sync.data-source-manager","meta":{},"module":"application","submodule":"","method":"","app":"main","reqId":"2906e247-caf2-4c0f-a408-c03e6bb7f1fb","dataSourceKey":"main","timestamp":"2025-11-15 17:47:39"}
{"level":"warn","message":"[PubSubManager] adapter is not exist or not connected, cannot publish message to channel main.sync.acl","meta":{},"module":"application","submodule":"","method":"","app":"main","reqId":"2906e247-caf2-4c0f-a408-c03e6bb7f1fb","dataSourceKey":"main","timestamp":"2025-11-15 17:47:39"}
{"level":"info","message":"restarting...","meta":{},"module":"application","submodule":"","method":"","app":"main","reqId":"2906e247-caf2-4c0f-a408-c03e6bb7f1fb","dataSourceKey":"main","timestamp":"2025-11-15 17:47:39"}
{"level":"info","message":"[queue] gracefully shutting down...","meta":{},"module":"application","submodule":"","method":"","app":"main","reqId":"2906e247-caf2-4c0f-a408-c03e6bb7f1fb","dataSourceKey":"main","timestamp":"2025-11-15 17:47:39"}
{"level":"info","message":"stopping workflow plugin before app (main) shutdown...","meta":{},"module":"application","submodule":"","method":"","app":"main","reqId":"2906e247-caf2-4c0f-a408-c03e6bb7f1fb","dataSourceKey":"main","timestamp":"2025-11-15 17:47:39"}
{"level":"info","message":"app.reload()","meta":{},"module":"application","submodule":"","method":"load","app":"main","reqId":"2906e247-caf2-4c0f-a408-c03e6bb7f1fb","dataSourceKey":"main","timestamp":"2025-11-15 17:47:39"}
{"level":"info","message":"allocate worker id: 3","meta":{},"module":"application","submodule":"","method":"load","app":"main","reqId":"2906e247-caf2-4c0f-a408-c03e6bb7f1fb","dataSourceKey":"main","timestamp":"2025-11-15 17:47:39"}
{"level":"warn","message":"AsyncTaskManager already exists, skipping initialization.","meta":{},"module":"application","submodule":"","method":"","app":"main","reqId":"2906e247-caf2-4c0f-a408-c03e6bb7f1fb","dataSourceKey":"main","timestamp":"2025-11-15 17:47:39"}
{"level":"info","message":"memory queue storage file not found, skip","meta":{},"module":"application","submodule":"","method":"","app":"main","reqId":"2906e247-caf2-4c0f-a408-c03e6bb7f1fb","dataSourceKey":"main","timestamp":"2025-11-15 17:47:39"}
{"level":"info","message":"memory queue storage file not found, skip","meta":{},"module":"application","submodule":"","method":"","app":"main","reqId":"2906e247-caf2-4c0f-a408-c03e6bb7f1fb","dataSourceKey":"main","timestamp":"2025-11-15 17:47:39"}
{"level":"warn","message":"event queue already subscribed on channel \"background-jobs\", new subscription will be ignored","meta":{},"module":"application","submodule":"","method":"","app":"main","reqId":"2906e247-caf2-4c0f-a408-c03e6bb7f1fb","dataSourceKey":"main","timestamp":"2025-11-15 17:47:39"}
{"level":"info","message":"write roles to ACL","meta":{},"module":"acl","submodule":"","method":"writeRolesToACL","app":"main","reqId":"2906e247-caf2-4c0f-a408-c03e6bb7f1fb","dataSourceKey":"main","timestamp":"2025-11-15 17:47:39"}
{"level":"info","message":"app has been started","meta":{},"module":"application","submodule":"","method":"","app":"main","reqId":"2906e247-caf2-4c0f-a408-c03e6bb7f1fb","dataSourceKey":"main","timestamp":"2025-11-15 17:47:39"}
{"level":"info","message":"add app main into supervisor","meta":{},"module":"application","submodule":"supervisor","method":"addApp","app":"main","reqId":"4dc5766d-6982-4b2a-b10d-ffe0f976ad59","dataSourceKey":"main","timestamp":"2025-11-15 18:16:24"}
{"level":"info","message":"connection has been established successfully.","meta":{},"module":"database","submodule":"","method":"auth","app":"main","reqId":"4dc5766d-6982-4b2a-b10d-ffe0f976ad59","dataSourceKey":"main","timestamp":"2025-11-15 18:16:24"}
{"level":"info","message":"upgrading...","meta":{},"module":"application","submodule":"","method":"","app":"main","reqId":"4dc5766d-6982-4b2a-b10d-ffe0f976ad59","dataSourceKey":"main","timestamp":"2025-11-15 18:16:24"}
{"level":"info","message":"run upgrade","meta":{},"module":"application","submodule":"","method":"","app":"main","reqId":"4dc5766d-6982-4b2a-b10d-ffe0f976ad59","dataSourceKey":"main","timestamp":"2025-11-15 18:16:25"}
{"level":"info","message":"update built-in plugins","meta":{},"module":"nocobase","submodule":"","method":"","app":"main","reqId":"4dc5766d-6982-4b2a-b10d-ffe0f976ad59","dataSourceKey":"main","timestamp":"2025-11-15 18:16:25"}
{"level":"info","message":"allocate worker id: 21","meta":{},"module":"application","submodule":"","method":"load","app":"main","reqId":"4dc5766d-6982-4b2a-b10d-ffe0f976ad59","dataSourceKey":"main","timestamp":"2025-11-15 18:16:25"}
{"level":"info","message":"run upgrade","meta":{},"module":"application","submodule":"","method":"","app":"main","reqId":"4dc5766d-6982-4b2a-b10d-ffe0f976ad59","dataSourceKey":"main","timestamp":"2025-11-15 18:16:26"}
{"level":"info","message":"restarting...","meta":{},"module":"application","submodule":"","method":"","app":"main","reqId":"4dc5766d-6982-4b2a-b10d-ffe0f976ad59","dataSourceKey":"main","timestamp":"2025-11-15 18:16:26"}
{"level":"info","message":"[queue] gracefully shutting down...","meta":{},"module":"application","submodule":"","method":"","app":"main","reqId":"4dc5766d-6982-4b2a-b10d-ffe0f976ad59","dataSourceKey":"main","timestamp":"2025-11-15 18:16:26"}
{"level":"info","message":"stopping workflow plugin before app (main) shutdown...","meta":{},"module":"application","submodule":"","method":"","app":"main","reqId":"4dc5766d-6982-4b2a-b10d-ffe0f976ad59","dataSourceKey":"main","timestamp":"2025-11-15 18:16:26"}
{"level":"info","message":"app.reload()","meta":{},"module":"application","submodule":"","method":"load","app":"main","reqId":"4dc5766d-6982-4b2a-b10d-ffe0f976ad59","dataSourceKey":"main","timestamp":"2025-11-15 18:16:26"}
{"level":"info","message":"allocate worker id: 29","meta":{},"module":"application","submodule":"","method":"load","app":"main","reqId":"4dc5766d-6982-4b2a-b10d-ffe0f976ad59","dataSourceKey":"main","timestamp":"2025-11-15 18:16:27"}
{"level":"warn","message":"AsyncTaskManager already exists, skipping initialization.","meta":{},"module":"application","submodule":"","method":"","app":"main","reqId":"4dc5766d-6982-4b2a-b10d-ffe0f976ad59","dataSourceKey":"main","timestamp":"2025-11-15 18:16:27"}
{"level":"info","message":"memory queue storage file not found, skip","meta":{},"module":"application","submodule":"","method":"","app":"main","reqId":"4dc5766d-6982-4b2a-b10d-ffe0f976ad59","dataSourceKey":"main","timestamp":"2025-11-15 18:16:27"}
{"level":"info","message":"memory queue storage file not found, skip","meta":{},"module":"application","submodule":"","method":"","app":"main","reqId":"4dc5766d-6982-4b2a-b10d-ffe0f976ad59","dataSourceKey":"main","timestamp":"2025-11-15 18:16:27"}
{"level":"warn","message":"event queue already subscribed on channel \"background-jobs\", new subscription will be ignored","meta":{},"module":"application","submodule":"","method":"","app":"main","reqId":"4dc5766d-6982-4b2a-b10d-ffe0f976ad59","dataSourceKey":"main","timestamp":"2025-11-15 18:16:27"}
{"level":"info","message":"write roles to ACL","meta":{},"module":"acl","submodule":"","method":"writeRolesToACL","app":"main","reqId":"4dc5766d-6982-4b2a-b10d-ffe0f976ad59","dataSourceKey":"main","timestamp":"2025-11-15 18:16:27"}
{"level":"info","message":"app has been started","meta":{},"module":"application","submodule":"","method":"","app":"main","reqId":"4dc5766d-6982-4b2a-b10d-ffe0f976ad59","dataSourceKey":"main","timestamp":"2025-11-15 18:16:27"}
{"level":"info","message":"add app main into supervisor","meta":{},"module":"application","submodule":"supervisor","method":"addApp","app":"main","reqId":"b95a0ea9-b219-466d-aaf7-c0ad25851290","dataSourceKey":"main","timestamp":"2025-11-15 18:19:29"}
{"level":"info","message":"connection has been established successfully.","meta":{},"module":"database","submodule":"","method":"auth","app":"main","reqId":"b95a0ea9-b219-466d-aaf7-c0ad25851290","dataSourceKey":"main","timestamp":"2025-11-15 18:19:29"}
{"level":"info","message":"upgrading...","meta":{},"module":"application","submodule":"","method":"","app":"main","reqId":"b95a0ea9-b219-466d-aaf7-c0ad25851290","dataSourceKey":"main","timestamp":"2025-11-15 18:19:29"}
{"level":"info","message":"run upgrade","meta":{},"module":"application","submodule":"","method":"","app":"main","reqId":"b95a0ea9-b219-466d-aaf7-c0ad25851290","dataSourceKey":"main","timestamp":"2025-11-15 18:19:29"}
{"level":"info","message":"update built-in plugins","meta":{},"module":"nocobase","submodule":"","method":"","app":"main","reqId":"b95a0ea9-b219-466d-aaf7-c0ad25851290","dataSourceKey":"main","timestamp":"2025-11-15 18:19:29"}
{"level":"info","message":"allocate worker id: 27","meta":{},"module":"application","submodule":"","method":"load","app":"main","reqId":"b95a0ea9-b219-466d-aaf7-c0ad25851290","dataSourceKey":"main","timestamp":"2025-11-15 18:19:29"}
{"level":"info","message":"setup built-in employees","meta":{},"module":"ai","submodule":"","method":"","app":"main","reqId":"b95a0ea9-b219-466d-aaf7-c0ad25851290","dataSourceKey":"main","timestamp":"2025-11-15 18:19:31"}
{"level":"info","message":"setup [orin] AI employee for data modeling","meta":{},"module":"ai","submodule":"","method":"","app":"main","reqId":"b95a0ea9-b219-466d-aaf7-c0ad25851290","dataSourceKey":"main","timestamp":"2025-11-15 18:19:31"}
{"level":"info","message":"setup [avery] AI employee for form filling","meta":{},"module":"ai","submodule":"","method":"","app":"main","reqId":"b95a0ea9-b219-466d-aaf7-c0ad25851290","dataSourceKey":"main","timestamp":"2025-11-15 18:19:31"}
{"level":"info","message":"setup [nathan] AI employee for coding","meta":{},"module":"ai","submodule":"","method":"","app":"main","reqId":"b95a0ea9-b219-466d-aaf7-c0ad25851290","dataSourceKey":"main","timestamp":"2025-11-15 18:19:31"}
{"level":"info","message":"setup [dex] AI employee for extract and structure data from text, and can fill forms automatically.","meta":{},"module":"ai","submodule":"","method":"","app":"main","reqId":"b95a0ea9-b219-466d-aaf7-c0ad25851290","dataSourceKey":"main","timestamp":"2025-11-15 18:19:31"}
{"level":"info","message":"setup [viz] Insights analyst","meta":{},"module":"ai","submodule":"","method":"","app":"main","reqId":"b95a0ea9-b219-466d-aaf7-c0ad25851290","dataSourceKey":"main","timestamp":"2025-11-15 18:19:31"}
{"level":"info","message":"setup [vera] Research analyst","meta":{},"module":"ai","submodule":"","method":"","app":"main","reqId":"b95a0ea9-b219-466d-aaf7-c0ad25851290","dataSourceKey":"main","timestamp":"2025-11-15 18:19:31"}
{"level":"info","message":"setup [lexi] Translator","meta":{},"module":"ai","submodule":"","method":"","app":"main","reqId":"b95a0ea9-b219-466d-aaf7-c0ad25851290","dataSourceKey":"main","timestamp":"2025-11-15 18:19:31"}
{"level":"info","message":"setup [cole] NocoBase Assistant","meta":{},"module":"ai","submodule":"","method":"","app":"main","reqId":"b95a0ea9-b219-466d-aaf7-c0ad25851290","dataSourceKey":"main","timestamp":"2025-11-15 18:19:31"}
{"level":"info","message":"setup [ellis] Email expert","meta":{},"module":"ai","submodule":"","method":"","app":"main","reqId":"b95a0ea9-b219-466d-aaf7-c0ad25851290","dataSourceKey":"main","timestamp":"2025-11-15 18:19:31"}
{"level":"info","message":"run upgrade","meta":{},"module":"application","submodule":"","method":"","app":"main","reqId":"b95a0ea9-b219-466d-aaf7-c0ad25851290","dataSourceKey":"main","timestamp":"2025-11-15 18:19:31"}
{"level":"info","message":"install built-in plugin [block-list]","meta":{},"module":"application","submodule":"","method":"","app":"main","reqId":"b95a0ea9-b219-466d-aaf7-c0ad25851290","dataSourceKey":"main","timestamp":"2025-11-15 18:19:31"}
{"level":"info","message":"install built-in plugin [block-grid-card]","meta":{},"module":"application","submodule":"","method":"","app":"main","reqId":"b95a0ea9-b219-466d-aaf7-c0ad25851290","dataSourceKey":"main","timestamp":"2025-11-15 18:19:31"}
{"level":"info","message":"install built-in plugin [block-markdown]","meta":{},"module":"application","submodule":"","method":"","app":"main","reqId":"b95a0ea9-b219-466d-aaf7-c0ad25851290","dataSourceKey":"main","timestamp":"2025-11-15 18:19:31"}
{"level":"info","message":"install built-in plugin [flow-engine]","meta":{},"module":"application","submodule":"","method":"","app":"main","reqId":"b95a0ea9-b219-466d-aaf7-c0ad25851290","dataSourceKey":"main","timestamp":"2025-11-15 18:19:31"}
{"level":"info","message":"restarting...","meta":{},"module":"application","submodule":"","method":"","app":"main","reqId":"b95a0ea9-b219-466d-aaf7-c0ad25851290","dataSourceKey":"main","timestamp":"2025-11-15 18:19:31"}
{"level":"info","message":"[queue] gracefully shutting down...","meta":{},"module":"application","submodule":"","method":"","app":"main","reqId":"b95a0ea9-b219-466d-aaf7-c0ad25851290","dataSourceKey":"main","timestamp":"2025-11-15 18:19:31"}
{"level":"info","message":"stopping workflow plugin before app (main) shutdown...","meta":{},"module":"application","submodule":"","method":"","app":"main","reqId":"b95a0ea9-b219-466d-aaf7-c0ad25851290","dataSourceKey":"main","timestamp":"2025-11-15 18:19:31"}
{"level":"info","message":"app.reload()","meta":{},"module":"application","submodule":"","method":"load","app":"main","reqId":"b95a0ea9-b219-466d-aaf7-c0ad25851290","dataSourceKey":"main","timestamp":"2025-11-15 18:19:31"}
{"level":"info","message":"allocate worker id: 2","meta":{},"module":"application","submodule":"","method":"load","app":"main","reqId":"b95a0ea9-b219-466d-aaf7-c0ad25851290","dataSourceKey":"main","timestamp":"2025-11-15 18:19:31"}
{"level":"warn","message":"AsyncTaskManager already exists, skipping initialization.","meta":{},"module":"application","submodule":"","method":"","app":"main","reqId":"b95a0ea9-b219-466d-aaf7-c0ad25851290","dataSourceKey":"main","timestamp":"2025-11-15 18:19:31"}
{"level":"info","message":"memory queue storage file not found, skip","meta":{},"module":"application","submodule":"","method":"","app":"main","reqId":"b95a0ea9-b219-466d-aaf7-c0ad25851290","dataSourceKey":"main","timestamp":"2025-11-15 18:19:32"}
{"level":"info","message":"memory queue storage file not found, skip","meta":{},"module":"application","submodule":"","method":"","app":"main","reqId":"b95a0ea9-b219-466d-aaf7-c0ad25851290","dataSourceKey":"main","timestamp":"2025-11-15 18:19:32"}
{"level":"warn","message":"event queue already subscribed on channel \"background-jobs\", new subscription will be ignored","meta":{},"module":"application","submodule":"","method":"","app":"main","reqId":"b95a0ea9-b219-466d-aaf7-c0ad25851290","dataSourceKey":"main","timestamp":"2025-11-15 18:19:32"}
{"level":"info","message":"write roles to ACL","meta":{},"module":"acl","submodule":"","method":"writeRolesToACL","app":"main","reqId":"b95a0ea9-b219-466d-aaf7-c0ad25851290","dataSourceKey":"main","timestamp":"2025-11-15 18:19:32"}
{"level":"info","message":"app has been started","meta":{},"module":"application","submodule":"","method":"","app":"main","reqId":"b95a0ea9-b219-466d-aaf7-c0ad25851290","dataSourceKey":"main","timestamp":"2025-11-15 18:19:32"}
