{"level":"info","message":"token renewing","meta":{"currentJti":"1e36c2ee-ac68-4cf2-b63d-c95ee9fb8480"},"module":"application","submodule":"","method":"auth.check","app":"main","reqId":"259af174-2573-40d6-98bf-ef0476e09d94","dataSourceKey":"main","timestamp":"2025-11-18 02:36:12"}
{"level":"info","message":"token renewing","meta":{"currentJti":"79938fd6-ce9a-455b-8eac-0d75205f124b"},"module":"application","submodule":"","method":"auth.check","app":"main","reqId":"259af174-2573-40d6-98bf-ef0476e09d94","dataSourceKey":"main","timestamp":"2025-11-18 02:36:12"}
{"level":"info","message":"token renewing","meta":{"currentJti":"1e36c2ee-ac68-4cf2-b63d-c95ee9fb8480"},"module":"application","submodule":"","method":"auth.check","app":"main","reqId":"259af174-2573-40d6-98bf-ef0476e09d94","dataSourceKey":"main","timestamp":"2025-11-18 02:36:12"}
{"level":"info","message":"token renewing","meta":{"currentJti":"1e36c2ee-ac68-4cf2-b63d-c95ee9fb8480"},"module":"application","submodule":"","method":"auth.check","app":"main","reqId":"259af174-2573-40d6-98bf-ef0476e09d94","dataSourceKey":"main","timestamp":"2025-11-18 02:36:12"}
{"level":"info","message":"token renewing","meta":{"currentJti":"1e36c2ee-ac68-4cf2-b63d-c95ee9fb8480"},"module":"application","submodule":"","method":"auth.check","app":"main","reqId":"259af174-2573-40d6-98bf-ef0476e09d94","dataSourceKey":"main","timestamp":"2025-11-18 02:36:12"}
{"level":"info","message":"token renewing","meta":{"currentJti":"1e36c2ee-ac68-4cf2-b63d-c95ee9fb8480"},"module":"application","submodule":"","method":"auth.check","app":"main","reqId":"259af174-2573-40d6-98bf-ef0476e09d94","dataSourceKey":"main","timestamp":"2025-11-18 02:36:12"}
{"level":"info","message":"token renewing","meta":{"currentJti":"1e36c2ee-ac68-4cf2-b63d-c95ee9fb8480"},"module":"application","submodule":"","method":"auth.check","app":"main","reqId":"259af174-2573-40d6-98bf-ef0476e09d94","dataSourceKey":"main","timestamp":"2025-11-18 02:36:12"}
{"level":"info","message":"token renewing","meta":{"currentJti":"1e36c2ee-ac68-4cf2-b63d-c95ee9fb8480"},"module":"application","submodule":"","method":"auth.check","app":"main","reqId":"259af174-2573-40d6-98bf-ef0476e09d94","dataSourceKey":"main","timestamp":"2025-11-18 02:36:12"}
{"level":"info","message":"token renewing","meta":{"currentJti":"1e36c2ee-ac68-4cf2-b63d-c95ee9fb8480"},"module":"application","submodule":"","method":"auth.check","app":"main","reqId":"259af174-2573-40d6-98bf-ef0476e09d94","dataSourceKey":"main","timestamp":"2025-11-18 02:36:12"}
{"level":"info","message":"token renewing","meta":{"currentJti":"1e36c2ee-ac68-4cf2-b63d-c95ee9fb8480"},"module":"application","submodule":"","method":"auth.check","app":"main","reqId":"259af174-2573-40d6-98bf-ef0476e09d94","dataSourceKey":"main","timestamp":"2025-11-18 02:36:12"}
{"level":"info","message":"token renewing","meta":{"currentJti":"1e36c2ee-ac68-4cf2-b63d-c95ee9fb8480"},"module":"application","submodule":"","method":"auth.check","app":"main","reqId":"259af174-2573-40d6-98bf-ef0476e09d94","dataSourceKey":"main","timestamp":"2025-11-18 05:10:44"}
{"level":"info","message":"token renewing","meta":{"currentJti":"79938fd6-ce9a-455b-8eac-0d75205f124b"},"module":"application","submodule":"","method":"auth.check","app":"main","reqId":"259af174-2573-40d6-98bf-ef0476e09d94","dataSourceKey":"main","timestamp":"2025-11-18 05:10:44"}
{"level":"info","message":"token renewing","meta":{"currentJti":"1e36c2ee-ac68-4cf2-b63d-c95ee9fb8480"},"module":"application","submodule":"","method":"auth.check","app":"main","reqId":"259af174-2573-40d6-98bf-ef0476e09d94","dataSourceKey":"main","timestamp":"2025-11-18 05:10:44"}
{"level":"info","message":"token renewing","meta":{"currentJti":"1e36c2ee-ac68-4cf2-b63d-c95ee9fb8480"},"module":"application","submodule":"","method":"auth.check","app":"main","reqId":"259af174-2573-40d6-98bf-ef0476e09d94","dataSourceKey":"main","timestamp":"2025-11-18 05:10:44"}
{"level":"info","message":"token renewing","meta":{"currentJti":"1e36c2ee-ac68-4cf2-b63d-c95ee9fb8480"},"module":"application","submodule":"","method":"auth.check","app":"main","reqId":"259af174-2573-40d6-98bf-ef0476e09d94","dataSourceKey":"main","timestamp":"2025-11-18 05:10:44"}
{"level":"info","message":"token renewing","meta":{"currentJti":"1e36c2ee-ac68-4cf2-b63d-c95ee9fb8480"},"module":"application","submodule":"","method":"auth.check","app":"main","reqId":"259af174-2573-40d6-98bf-ef0476e09d94","dataSourceKey":"main","timestamp":"2025-11-18 05:10:44"}
{"level":"info","message":"token renewing","meta":{"currentJti":"1e36c2ee-ac68-4cf2-b63d-c95ee9fb8480"},"module":"application","submodule":"","method":"auth.check","app":"main","reqId":"259af174-2573-40d6-98bf-ef0476e09d94","dataSourceKey":"main","timestamp":"2025-11-18 05:10:44"}
{"level":"info","message":"token renewing","meta":{"currentJti":"1e36c2ee-ac68-4cf2-b63d-c95ee9fb8480"},"module":"application","submodule":"","method":"auth.check","app":"main","reqId":"259af174-2573-40d6-98bf-ef0476e09d94","dataSourceKey":"main","timestamp":"2025-11-18 05:10:44"}
{"level":"info","message":"token renewing","meta":{"currentJti":"1e36c2ee-ac68-4cf2-b63d-c95ee9fb8480"},"module":"application","submodule":"","method":"auth.check","app":"main","reqId":"259af174-2573-40d6-98bf-ef0476e09d94","dataSourceKey":"main","timestamp":"2025-11-18 05:10:44"}
{"level":"info","message":"token renewing","meta":{"currentJti":"1e36c2ee-ac68-4cf2-b63d-c95ee9fb8480"},"module":"application","submodule":"","method":"auth.check","app":"main","reqId":"259af174-2573-40d6-98bf-ef0476e09d94","dataSourceKey":"main","timestamp":"2025-11-18 05:10:44"}
{"level":"info","message":"token renewing","meta":{"currentJti":"79938fd6-ce9a-455b-8eac-0d75205f124b"},"module":"application","submodule":"","method":"auth.check","app":"main","reqId":"259af174-2573-40d6-98bf-ef0476e09d94","dataSourceKey":"main","timestamp":"2025-11-18 06:13:43"}
{"level":"info","message":"token renewing","meta":{"currentJti":"1e36c2ee-ac68-4cf2-b63d-c95ee9fb8480"},"module":"application","submodule":"","method":"auth.check","app":"main","reqId":"259af174-2573-40d6-98bf-ef0476e09d94","dataSourceKey":"main","timestamp":"2025-11-18 06:13:43"}
{"level":"info","message":"token renewing","meta":{"currentJti":"1e36c2ee-ac68-4cf2-b63d-c95ee9fb8480"},"module":"application","submodule":"","method":"auth.check","app":"main","reqId":"259af174-2573-40d6-98bf-ef0476e09d94","dataSourceKey":"main","timestamp":"2025-11-18 06:13:43"}
{"level":"info","message":"token renewing","meta":{"currentJti":"1e36c2ee-ac68-4cf2-b63d-c95ee9fb8480"},"module":"application","submodule":"","method":"auth.check","app":"main","reqId":"259af174-2573-40d6-98bf-ef0476e09d94","dataSourceKey":"main","timestamp":"2025-11-18 06:13:43"}
{"level":"info","message":"token renewing","meta":{"currentJti":"1e36c2ee-ac68-4cf2-b63d-c95ee9fb8480"},"module":"application","submodule":"","method":"auth.check","app":"main","reqId":"259af174-2573-40d6-98bf-ef0476e09d94","dataSourceKey":"main","timestamp":"2025-11-18 06:13:43"}
{"level":"info","message":"token renewing","meta":{"currentJti":"1e36c2ee-ac68-4cf2-b63d-c95ee9fb8480"},"module":"application","submodule":"","method":"auth.check","app":"main","reqId":"259af174-2573-40d6-98bf-ef0476e09d94","dataSourceKey":"main","timestamp":"2025-11-18 06:13:43"}
{"level":"info","message":"token renewing","meta":{"currentJti":"1e36c2ee-ac68-4cf2-b63d-c95ee9fb8480"},"module":"application","submodule":"","method":"auth.check","app":"main","reqId":"259af174-2573-40d6-98bf-ef0476e09d94","dataSourceKey":"main","timestamp":"2025-11-18 06:13:43"}
{"level":"info","message":"token renewing","meta":{"currentJti":"1e36c2ee-ac68-4cf2-b63d-c95ee9fb8480"},"module":"application","submodule":"","method":"auth.check","app":"main","reqId":"259af174-2573-40d6-98bf-ef0476e09d94","dataSourceKey":"main","timestamp":"2025-11-18 06:13:43"}
{"level":"info","message":"token renewing","meta":{"currentJti":"1e36c2ee-ac68-4cf2-b63d-c95ee9fb8480"},"module":"application","submodule":"","method":"auth.check","app":"main","reqId":"259af174-2573-40d6-98bf-ef0476e09d94","dataSourceKey":"main","timestamp":"2025-11-18 06:13:43"}
{"level":"info","message":"token renewing","meta":{"currentJti":"1e36c2ee-ac68-4cf2-b63d-c95ee9fb8480"},"module":"application","submodule":"","method":"auth.check","app":"main","reqId":"259af174-2573-40d6-98bf-ef0476e09d94","dataSourceKey":"main","timestamp":"2025-11-18 06:13:43"}
{"level":"info","message":"token renewing","meta":{"currentJti":"79938fd6-ce9a-455b-8eac-0d75205f124b"},"module":"application","submodule":"","method":"auth.check","app":"main","reqId":"259af174-2573-40d6-98bf-ef0476e09d94","dataSourceKey":"main","timestamp":"2025-11-18 06:57:58"}
{"level":"info","message":"token renewing","meta":{"currentJti":"1e36c2ee-ac68-4cf2-b63d-c95ee9fb8480"},"module":"application","submodule":"","method":"auth.check","app":"main","reqId":"259af174-2573-40d6-98bf-ef0476e09d94","dataSourceKey":"main","timestamp":"2025-11-18 06:57:58"}
{"level":"info","message":"token renewing","meta":{"currentJti":"1e36c2ee-ac68-4cf2-b63d-c95ee9fb8480"},"module":"application","submodule":"","method":"auth.check","app":"main","reqId":"259af174-2573-40d6-98bf-ef0476e09d94","dataSourceKey":"main","timestamp":"2025-11-18 06:57:58"}
{"level":"info","message":"token renewing","meta":{"currentJti":"1e36c2ee-ac68-4cf2-b63d-c95ee9fb8480"},"module":"application","submodule":"","method":"auth.check","app":"main","reqId":"259af174-2573-40d6-98bf-ef0476e09d94","dataSourceKey":"main","timestamp":"2025-11-18 06:57:58"}
{"level":"info","message":"token renewing","meta":{"currentJti":"1e36c2ee-ac68-4cf2-b63d-c95ee9fb8480"},"module":"application","submodule":"","method":"auth.check","app":"main","reqId":"259af174-2573-40d6-98bf-ef0476e09d94","dataSourceKey":"main","timestamp":"2025-11-18 06:57:58"}
{"level":"info","message":"token renewing","meta":{"currentJti":"1e36c2ee-ac68-4cf2-b63d-c95ee9fb8480"},"module":"application","submodule":"","method":"auth.check","app":"main","reqId":"259af174-2573-40d6-98bf-ef0476e09d94","dataSourceKey":"main","timestamp":"2025-11-18 06:57:58"}
{"level":"info","message":"token renewing","meta":{"currentJti":"1e36c2ee-ac68-4cf2-b63d-c95ee9fb8480"},"module":"application","submodule":"","method":"auth.check","app":"main","reqId":"259af174-2573-40d6-98bf-ef0476e09d94","dataSourceKey":"main","timestamp":"2025-11-18 06:57:58"}
{"level":"info","message":"token renewing","meta":{"currentJti":"1e36c2ee-ac68-4cf2-b63d-c95ee9fb8480"},"module":"application","submodule":"","method":"auth.check","app":"main","reqId":"259af174-2573-40d6-98bf-ef0476e09d94","dataSourceKey":"main","timestamp":"2025-11-18 06:57:58"}
{"level":"info","message":"token renewing","meta":{"currentJti":"1e36c2ee-ac68-4cf2-b63d-c95ee9fb8480"},"module":"application","submodule":"","method":"auth.check","app":"main","reqId":"259af174-2573-40d6-98bf-ef0476e09d94","dataSourceKey":"main","timestamp":"2025-11-18 06:57:58"}
{"level":"info","message":"token renewing","meta":{"currentJti":"1e36c2ee-ac68-4cf2-b63d-c95ee9fb8480"},"module":"application","submodule":"","method":"auth.check","app":"main","reqId":"259af174-2573-40d6-98bf-ef0476e09d94","dataSourceKey":"main","timestamp":"2025-11-18 06:57:58"}
{"level":"info","message":"token renewing","meta":{"currentJti":"1e36c2ee-ac68-4cf2-b63d-c95ee9fb8480"},"module":"application","submodule":"","method":"auth.check","app":"main","reqId":"259af174-2573-40d6-98bf-ef0476e09d94","dataSourceKey":"main","timestamp":"2025-11-18 06:59:00"}
{"level":"info","message":"token renewing","meta":{"currentJti":"1e36c2ee-ac68-4cf2-b63d-c95ee9fb8480"},"module":"application","submodule":"","method":"auth.check","app":"main","reqId":"259af174-2573-40d6-98bf-ef0476e09d94","dataSourceKey":"main","timestamp":"2025-11-18 06:59:00"}
{"level":"info","message":"token renewing","meta":{"currentJti":"79938fd6-ce9a-455b-8eac-0d75205f124b"},"module":"application","submodule":"","method":"auth.check","app":"main","reqId":"259af174-2573-40d6-98bf-ef0476e09d94","dataSourceKey":"main","timestamp":"2025-11-18 06:59:00"}
{"level":"info","message":"token renewing","meta":{"currentJti":"1e36c2ee-ac68-4cf2-b63d-c95ee9fb8480"},"module":"application","submodule":"","method":"auth.check","app":"main","reqId":"259af174-2573-40d6-98bf-ef0476e09d94","dataSourceKey":"main","timestamp":"2025-11-18 06:59:00"}
{"level":"info","message":"token renewing","meta":{"currentJti":"1e36c2ee-ac68-4cf2-b63d-c95ee9fb8480"},"module":"application","submodule":"","method":"auth.check","app":"main","reqId":"259af174-2573-40d6-98bf-ef0476e09d94","dataSourceKey":"main","timestamp":"2025-11-18 06:59:00"}
{"level":"info","message":"token renewing","meta":{"currentJti":"1e36c2ee-ac68-4cf2-b63d-c95ee9fb8480"},"module":"application","submodule":"","method":"auth.check","app":"main","reqId":"259af174-2573-40d6-98bf-ef0476e09d94","dataSourceKey":"main","timestamp":"2025-11-18 06:59:00"}
{"level":"info","message":"token renewing","meta":{"currentJti":"1e36c2ee-ac68-4cf2-b63d-c95ee9fb8480"},"module":"application","submodule":"","method":"auth.check","app":"main","reqId":"259af174-2573-40d6-98bf-ef0476e09d94","dataSourceKey":"main","timestamp":"2025-11-18 06:59:00"}
{"level":"info","message":"token renewing","meta":{"currentJti":"1e36c2ee-ac68-4cf2-b63d-c95ee9fb8480"},"module":"application","submodule":"","method":"auth.check","app":"main","reqId":"259af174-2573-40d6-98bf-ef0476e09d94","dataSourceKey":"main","timestamp":"2025-11-18 06:59:00"}
{"level":"info","message":"token renewing","meta":{"currentJti":"1e36c2ee-ac68-4cf2-b63d-c95ee9fb8480"},"module":"application","submodule":"","method":"auth.check","app":"main","reqId":"259af174-2573-40d6-98bf-ef0476e09d94","dataSourceKey":"main","timestamp":"2025-11-18 06:59:00"}
{"level":"info","message":"token renewing","meta":{"currentJti":"1e36c2ee-ac68-4cf2-b63d-c95ee9fb8480"},"module":"application","submodule":"","method":"auth.check","app":"main","reqId":"259af174-2573-40d6-98bf-ef0476e09d94","dataSourceKey":"main","timestamp":"2025-11-18 06:59:00"}
{"level":"info","message":"token renewing","meta":{"currentJti":"1e36c2ee-ac68-4cf2-b63d-c95ee9fb8480"},"module":"application","submodule":"","method":"auth.check","app":"main","reqId":"259af174-2573-40d6-98bf-ef0476e09d94","dataSourceKey":"main","timestamp":"2025-11-18 07:34:41"}
{"level":"info","message":"token renewing","meta":{"currentJti":"79938fd6-ce9a-455b-8eac-0d75205f124b"},"module":"application","submodule":"","method":"auth.check","app":"main","reqId":"259af174-2573-40d6-98bf-ef0476e09d94","dataSourceKey":"main","timestamp":"2025-11-18 07:34:43"}
{"level":"info","message":"token renewing","meta":{"currentJti":"1e36c2ee-ac68-4cf2-b63d-c95ee9fb8480"},"module":"application","submodule":"","method":"auth.check","app":"main","reqId":"259af174-2573-40d6-98bf-ef0476e09d94","dataSourceKey":"main","timestamp":"2025-11-18 07:34:43"}
{"level":"info","message":"token renewing","meta":{"currentJti":"1e36c2ee-ac68-4cf2-b63d-c95ee9fb8480"},"module":"application","submodule":"","method":"auth.check","app":"main","reqId":"259af174-2573-40d6-98bf-ef0476e09d94","dataSourceKey":"main","timestamp":"2025-11-18 07:34:43"}
{"level":"info","message":"token renewing","meta":{"currentJti":"1e36c2ee-ac68-4cf2-b63d-c95ee9fb8480"},"module":"application","submodule":"","method":"auth.check","app":"main","reqId":"259af174-2573-40d6-98bf-ef0476e09d94","dataSourceKey":"main","timestamp":"2025-11-18 07:34:43"}
{"level":"info","message":"token renewing","meta":{"currentJti":"1e36c2ee-ac68-4cf2-b63d-c95ee9fb8480"},"module":"application","submodule":"","method":"auth.check","app":"main","reqId":"259af174-2573-40d6-98bf-ef0476e09d94","dataSourceKey":"main","timestamp":"2025-11-18 07:34:43"}
{"level":"info","message":"token renewing","meta":{"currentJti":"1e36c2ee-ac68-4cf2-b63d-c95ee9fb8480"},"module":"application","submodule":"","method":"auth.check","app":"main","reqId":"259af174-2573-40d6-98bf-ef0476e09d94","dataSourceKey":"main","timestamp":"2025-11-18 07:34:43"}
{"level":"info","message":"token renewing","meta":{"currentJti":"1e36c2ee-ac68-4cf2-b63d-c95ee9fb8480"},"module":"application","submodule":"","method":"auth.check","app":"main","reqId":"259af174-2573-40d6-98bf-ef0476e09d94","dataSourceKey":"main","timestamp":"2025-11-18 07:34:43"}
{"level":"info","message":"token renewing","meta":{"currentJti":"1e36c2ee-ac68-4cf2-b63d-c95ee9fb8480"},"module":"application","submodule":"","method":"auth.check","app":"main","reqId":"259af174-2573-40d6-98bf-ef0476e09d94","dataSourceKey":"main","timestamp":"2025-11-18 07:34:43"}
{"level":"info","message":"token renewing","meta":{"currentJti":"1e36c2ee-ac68-4cf2-b63d-c95ee9fb8480"},"module":"application","submodule":"","method":"auth.check","app":"main","reqId":"259af174-2573-40d6-98bf-ef0476e09d94","dataSourceKey":"main","timestamp":"2025-11-18 07:34:43"}
{"level":"info","message":"token renewing","meta":{"currentJti":"1e36c2ee-ac68-4cf2-b63d-c95ee9fb8480"},"module":"application","submodule":"","method":"auth.check","app":"main","reqId":"259af174-2573-40d6-98bf-ef0476e09d94","dataSourceKey":"main","timestamp":"2025-11-18 07:35:42"}
{"level":"info","message":"token renewing","meta":{"currentJti":"1e36c2ee-ac68-4cf2-b63d-c95ee9fb8480"},"module":"application","submodule":"","method":"auth.check","app":"main","reqId":"259af174-2573-40d6-98bf-ef0476e09d94","dataSourceKey":"main","timestamp":"2025-11-18 07:35:44"}
{"level":"info","message":"token renewing","meta":{"currentJti":"79938fd6-ce9a-455b-8eac-0d75205f124b"},"module":"application","submodule":"","method":"auth.check","app":"main","reqId":"259af174-2573-40d6-98bf-ef0476e09d94","dataSourceKey":"main","timestamp":"2025-11-18 07:35:44"}
{"level":"info","message":"token renewing","meta":{"currentJti":"1e36c2ee-ac68-4cf2-b63d-c95ee9fb8480"},"module":"application","submodule":"","method":"auth.check","app":"main","reqId":"259af174-2573-40d6-98bf-ef0476e09d94","dataSourceKey":"main","timestamp":"2025-11-18 07:35:45"}
{"level":"info","message":"token renewing","meta":{"currentJti":"1e36c2ee-ac68-4cf2-b63d-c95ee9fb8480"},"module":"application","submodule":"","method":"auth.check","app":"main","reqId":"259af174-2573-40d6-98bf-ef0476e09d94","dataSourceKey":"main","timestamp":"2025-11-18 07:35:45"}
{"level":"info","message":"token renewing","meta":{"currentJti":"1e36c2ee-ac68-4cf2-b63d-c95ee9fb8480"},"module":"application","submodule":"","method":"auth.check","app":"main","reqId":"259af174-2573-40d6-98bf-ef0476e09d94","dataSourceKey":"main","timestamp":"2025-11-18 07:35:45"}
{"level":"info","message":"token renewing","meta":{"currentJti":"1e36c2ee-ac68-4cf2-b63d-c95ee9fb8480"},"module":"application","submodule":"","method":"auth.check","app":"main","reqId":"259af174-2573-40d6-98bf-ef0476e09d94","dataSourceKey":"main","timestamp":"2025-11-18 07:35:45"}
{"level":"info","message":"token renewing","meta":{"currentJti":"1e36c2ee-ac68-4cf2-b63d-c95ee9fb8480"},"module":"application","submodule":"","method":"auth.check","app":"main","reqId":"259af174-2573-40d6-98bf-ef0476e09d94","dataSourceKey":"main","timestamp":"2025-11-18 07:35:45"}
{"level":"info","message":"token renewing","meta":{"currentJti":"1e36c2ee-ac68-4cf2-b63d-c95ee9fb8480"},"module":"application","submodule":"","method":"auth.check","app":"main","reqId":"259af174-2573-40d6-98bf-ef0476e09d94","dataSourceKey":"main","timestamp":"2025-11-18 07:35:45"}
{"level":"info","message":"token renewing","meta":{"currentJti":"1e36c2ee-ac68-4cf2-b63d-c95ee9fb8480"},"module":"application","submodule":"","method":"auth.check","app":"main","reqId":"259af174-2573-40d6-98bf-ef0476e09d94","dataSourceKey":"main","timestamp":"2025-11-18 07:35:45"}
{"level":"info","message":"token renewing","meta":{"currentJti":"1e36c2ee-ac68-4cf2-b63d-c95ee9fb8480"},"module":"application","submodule":"","method":"auth.check","app":"main","reqId":"259af174-2573-40d6-98bf-ef0476e09d94","dataSourceKey":"main","timestamp":"2025-11-18 07:36:45"}
{"level":"info","message":"token renewing","meta":{"currentJti":"79938fd6-ce9a-455b-8eac-0d75205f124b"},"module":"application","submodule":"","method":"auth.check","app":"main","reqId":"259af174-2573-40d6-98bf-ef0476e09d94","dataSourceKey":"main","timestamp":"2025-11-18 07:36:46"}
{"level":"info","message":"token renewing","meta":{"currentJti":"1e36c2ee-ac68-4cf2-b63d-c95ee9fb8480"},"module":"application","submodule":"","method":"auth.check","app":"main","reqId":"259af174-2573-40d6-98bf-ef0476e09d94","dataSourceKey":"main","timestamp":"2025-11-18 07:36:46"}
{"level":"info","message":"token renewing","meta":{"currentJti":"1e36c2ee-ac68-4cf2-b63d-c95ee9fb8480"},"module":"application","submodule":"","method":"auth.check","app":"main","reqId":"259af174-2573-40d6-98bf-ef0476e09d94","dataSourceKey":"main","timestamp":"2025-11-18 07:36:47"}
{"level":"info","message":"token renewing","meta":{"currentJti":"1e36c2ee-ac68-4cf2-b63d-c95ee9fb8480"},"module":"application","submodule":"","method":"auth.check","app":"main","reqId":"259af174-2573-40d6-98bf-ef0476e09d94","dataSourceKey":"main","timestamp":"2025-11-18 07:36:47"}
{"level":"info","message":"token renewing","meta":{"currentJti":"1e36c2ee-ac68-4cf2-b63d-c95ee9fb8480"},"module":"application","submodule":"","method":"auth.check","app":"main","reqId":"259af174-2573-40d6-98bf-ef0476e09d94","dataSourceKey":"main","timestamp":"2025-11-18 07:36:47"}
{"level":"info","message":"token renewing","meta":{"currentJti":"1e36c2ee-ac68-4cf2-b63d-c95ee9fb8480"},"module":"application","submodule":"","method":"auth.check","app":"main","reqId":"259af174-2573-40d6-98bf-ef0476e09d94","dataSourceKey":"main","timestamp":"2025-11-18 07:36:47"}
{"level":"info","message":"token renewing","meta":{"currentJti":"1e36c2ee-ac68-4cf2-b63d-c95ee9fb8480"},"module":"application","submodule":"","method":"auth.check","app":"main","reqId":"259af174-2573-40d6-98bf-ef0476e09d94","dataSourceKey":"main","timestamp":"2025-11-18 07:36:47"}
{"level":"info","message":"token renewing","meta":{"currentJti":"1e36c2ee-ac68-4cf2-b63d-c95ee9fb8480"},"module":"application","submodule":"","method":"auth.check","app":"main","reqId":"259af174-2573-40d6-98bf-ef0476e09d94","dataSourceKey":"main","timestamp":"2025-11-18 07:36:47"}
{"level":"info","message":"token renewing","meta":{"currentJti":"1e36c2ee-ac68-4cf2-b63d-c95ee9fb8480"},"module":"application","submodule":"","method":"auth.check","app":"main","reqId":"259af174-2573-40d6-98bf-ef0476e09d94","dataSourceKey":"main","timestamp":"2025-11-18 07:36:47"}
{"level":"info","message":"token renewing","meta":{"currentJti":"1e36c2ee-ac68-4cf2-b63d-c95ee9fb8480"},"module":"application","submodule":"","method":"auth.check","app":"main","reqId":"259af174-2573-40d6-98bf-ef0476e09d94","dataSourceKey":"main","timestamp":"2025-11-18 07:36:55"}
{"level":"info","message":"token renewing","meta":{"url":"/api/auth:check","currentJti":"1e36c2ee-ac68-4cf2-b63d-c95ee9fb8480"},"module":"auth","submodule":"check","method":"auth.check","app":"main","reqId":"d9b27bfd-aedd-457c-8a8d-46b0bd6c6369","dataSourceKey":"main","timestamp":"2025-11-18 07:36:56"}
{"level":"info","message":"token renewing","meta":{"jti":"1e36c2ee-ac68-4cf2-b63d-c95ee9fb8480"},"module":"auth","submodule":"check","method":"auth.check","app":"main","reqId":"d9b27bfd-aedd-457c-8a8d-46b0bd6c6369","dataSourceKey":"main","timestamp":"2025-11-18 07:36:56"}
{"level":"info","message":"jti renewed","meta":{"oldJti":"1e36c2ee-ac68-4cf2-b63d-c95ee9fb8480","newJti":"54ae5007-603b-4fb4-a4f8-4c826ecff5b0","issuedTime":1763419016157},"module":"application","submodule":"","method":"","app":"main","reqId":"259af174-2573-40d6-98bf-ef0476e09d94","dataSourceKey":"main","timestamp":"2025-11-18 07:36:56"}
{"level":"info","message":"token renewed","meta":{"oldJti":"1e36c2ee-ac68-4cf2-b63d-c95ee9fb8480","newJti":"54ae5007-603b-4fb4-a4f8-4c826ecff5b0"},"module":"auth","submodule":"check","method":"auth.check","app":"main","reqId":"d9b27bfd-aedd-457c-8a8d-46b0bd6c6369","dataSourceKey":"main","timestamp":"2025-11-18 07:36:56"}
{"level":"info","message":"token renewing","meta":{"currentJti":"79938fd6-ce9a-455b-8eac-0d75205f124b"},"module":"application","submodule":"","method":"auth.check","app":"main","reqId":"259af174-2573-40d6-98bf-ef0476e09d94","dataSourceKey":"main","timestamp":"2025-11-18 07:37:48"}
{"level":"info","message":"token renewing","meta":{"currentJti":"79938fd6-ce9a-455b-8eac-0d75205f124b"},"module":"application","submodule":"","method":"auth.check","app":"main","reqId":"259af174-2573-40d6-98bf-ef0476e09d94","dataSourceKey":"main","timestamp":"2025-11-18 07:38:50"}
{"level":"info","message":"token renewing","meta":{"currentJti":"79938fd6-ce9a-455b-8eac-0d75205f124b"},"module":"application","submodule":"","method":"auth.check","app":"main","reqId":"259af174-2573-40d6-98bf-ef0476e09d94","dataSourceKey":"main","timestamp":"2025-11-18 07:39:52"}
{"level":"info","message":"token renewing","meta":{"currentJti":"79938fd6-ce9a-455b-8eac-0d75205f124b"},"module":"application","submodule":"","method":"auth.check","app":"main","reqId":"259af174-2573-40d6-98bf-ef0476e09d94","dataSourceKey":"main","timestamp":"2025-11-18 07:40:54"}
{"level":"info","message":"token renewing","meta":{"currentJti":"79938fd6-ce9a-455b-8eac-0d75205f124b"},"module":"application","submodule":"","method":"auth.check","app":"main","reqId":"259af174-2573-40d6-98bf-ef0476e09d94","dataSourceKey":"main","timestamp":"2025-11-18 07:41:56"}
{"level":"info","message":"token renewing","meta":{"currentJti":"79938fd6-ce9a-455b-8eac-0d75205f124b"},"module":"application","submodule":"","method":"auth.check","app":"main","reqId":"259af174-2573-40d6-98bf-ef0476e09d94","dataSourceKey":"main","timestamp":"2025-11-18 07:42:58"}
{"level":"info","message":"token renewing","meta":{"currentJti":"79938fd6-ce9a-455b-8eac-0d75205f124b"},"module":"application","submodule":"","method":"auth.check","app":"main","reqId":"259af174-2573-40d6-98bf-ef0476e09d94","dataSourceKey":"main","timestamp":"2025-11-18 07:44:00"}
{"level":"info","message":"token renewing","meta":{"currentJti":"79938fd6-ce9a-455b-8eac-0d75205f124b"},"module":"application","submodule":"","method":"auth.check","app":"main","reqId":"259af174-2573-40d6-98bf-ef0476e09d94","dataSourceKey":"main","timestamp":"2025-11-18 07:45:03"}
