{"level":"warn","message":"app is installed","meta":{},"module":"application","submodule":"","method":"","app":"main","reqId":"174877ca-aada-4ee4-86f2-40dd87fc9858","dataSourceKey":"main","timestamp":"2025-11-19 01:57:17"}
{"level":"info","message":"app installed successfully [v1.3.50-beta]","meta":{},"module":"application","submodule":"","method":"","app":"main","reqId":"174877ca-aada-4ee4-86f2-40dd87fc9858","dataSourceKey":"main","timestamp":"2025-11-19 01:57:17"}
{"level":"info","message":"load commands","meta":{},"module":"application","submodule":"","method":"","app":"main","reqId":"174877ca-aada-4ee4-86f2-40dd87fc9858","dataSourceKey":"main","timestamp":"2025-11-19 01:57:23"}
{"level":"info","message":"add app main into supervisor","meta":{},"module":"application","submodule":"supervisor","method":"addApp","app":"main","reqId":"8eb95bc9-4cb3-4217-8d86-374f8832ed4a","dataSourceKey":"main","timestamp":"2025-11-19 01:57:23"}
{"level":"info","message":"load commands","meta":{},"module":"application","submodule":"","method":"","app":"main","reqId":"8eb95bc9-4cb3-4217-8d86-374f8832ed4a","dataSourceKey":"main","timestamp":"2025-11-19 01:57:23"}
{"level":"info","message":"load commands","meta":{},"module":"application","submodule":"","method":"","app":"main","reqId":"174877ca-aada-4ee4-86f2-40dd87fc9858","dataSourceKey":"main","timestamp":"2025-11-19 01:57:29"}
{"level":"info","message":"add app main into supervisor","meta":{},"module":"application","submodule":"supervisor","method":"addApp","app":"main","reqId":"b6161fac-1c94-4b82-946d-c86552824274","dataSourceKey":"main","timestamp":"2025-11-19 01:57:29"}
{"level":"info","message":"load commands","meta":{},"module":"application","submodule":"","method":"","app":"main","reqId":"b6161fac-1c94-4b82-946d-c86552824274","dataSourceKey":"main","timestamp":"2025-11-19 01:57:29"}
{"level":"info","message":"add app main into supervisor","meta":{},"module":"application","submodule":"supervisor","method":"addApp","app":"main","reqId":"e62ab143-86e1-4825-a380-a5e7d8af4cf1","dataSourceKey":"main","timestamp":"2025-11-19 01:57:36"}
{"level":"info","message":"connection has been established successfully.","meta":{},"module":"database","submodule":"","method":"auth","app":"main","reqId":"e62ab143-86e1-4825-a380-a5e7d8af4cf1","dataSourceKey":"main","timestamp":"2025-11-19 01:57:36"}
{"level":"warn","message":"app is installed","meta":{},"module":"application","submodule":"","method":"","app":"main","reqId":"6a8498ac-7a80-4797-afea-77baf30fbf6f","dataSourceKey":"main","timestamp":"2025-11-19 01:57:40"}
{"level":"info","message":"app installed successfully [v1.3.50-beta]","meta":{},"module":"application","submodule":"","method":"","app":"main","reqId":"6a8498ac-7a80-4797-afea-77baf30fbf6f","dataSourceKey":"main","timestamp":"2025-11-19 01:57:40"}
{"level":"info","message":"add app main into supervisor","meta":{},"module":"application","submodule":"supervisor","method":"addApp","app":"main","reqId":"3b9541bb-ddd0-4d70-9ad5-353250dbadc4","dataSourceKey":"main","timestamp":"2025-11-19 01:57:56"}
{"level":"info","message":"connection has been established successfully.","meta":{},"module":"database","submodule":"","method":"auth","app":"main","reqId":"3b9541bb-ddd0-4d70-9ad5-353250dbadc4","dataSourceKey":"main","timestamp":"2025-11-19 01:57:56"}
{"level":"info","message":"upgrading...","meta":{},"module":"application","submodule":"","method":"","app":"main","reqId":"3b9541bb-ddd0-4d70-9ad5-353250dbadc4","dataSourceKey":"main","timestamp":"2025-11-19 01:57:56"}
{"level":"info","message":"run upgrade","meta":{},"module":"application","submodule":"","method":"","app":"main","reqId":"3b9541bb-ddd0-4d70-9ad5-353250dbadc4","dataSourceKey":"main","timestamp":"2025-11-19 01:57:56"}
{"level":"info","message":"update built-in plugins","meta":{},"module":"nocobase","submodule":"","method":"","app":"main","reqId":"3b9541bb-ddd0-4d70-9ad5-353250dbadc4","dataSourceKey":"main","timestamp":"2025-11-19 01:57:56"}
{"level":"info","message":"run upgrade","meta":{},"module":"application","submodule":"","method":"","app":"main","reqId":"3b9541bb-ddd0-4d70-9ad5-353250dbadc4","dataSourceKey":"main","timestamp":"2025-11-19 01:57:58"}
{"level":"info","message":"restarting...","meta":{},"module":"application","submodule":"","method":"","app":"main","reqId":"3b9541bb-ddd0-4d70-9ad5-353250dbadc4","dataSourceKey":"main","timestamp":"2025-11-19 01:57:58"}
{"level":"info","message":"app.reload()","meta":{},"module":"application","submodule":"","method":"load","app":"main","reqId":"3b9541bb-ddd0-4d70-9ad5-353250dbadc4","dataSourceKey":"main","timestamp":"2025-11-19 01:57:58"}
{"level":"info","message":"write roles to ACL","meta":{},"module":"acl","submodule":"","method":"writeRolesToACL","app":"main","reqId":"3b9541bb-ddd0-4d70-9ad5-353250dbadc4","dataSourceKey":"main","timestamp":"2025-11-19 01:57:58"}
{"level":"info","message":"app has been started","meta":{},"module":"application","submodule":"","method":"","app":"main","reqId":"3b9541bb-ddd0-4d70-9ad5-353250dbadc4","dataSourceKey":"main","timestamp":"2025-11-19 01:57:58"}
{"level":"info","message":"add app main into supervisor","meta":{},"module":"application","submodule":"supervisor","method":"addApp","app":"main","reqId":"702a6e8c-ba8c-40ea-8dc1-214ad360536d","dataSourceKey":"main","timestamp":"2025-11-19 02:00:09"}
{"level":"info","message":"connection has been established successfully.","meta":{},"module":"database","submodule":"","method":"auth","app":"main","reqId":"702a6e8c-ba8c-40ea-8dc1-214ad360536d","dataSourceKey":"main","timestamp":"2025-11-19 02:00:09"}
{"level":"info","message":"upgrading...","meta":{},"module":"application","submodule":"","method":"","app":"main","reqId":"702a6e8c-ba8c-40ea-8dc1-214ad360536d","dataSourceKey":"main","timestamp":"2025-11-19 02:00:09"}
{"level":"info","message":"run upgrade","meta":{},"module":"application","submodule":"","method":"","app":"main","reqId":"702a6e8c-ba8c-40ea-8dc1-214ad360536d","dataSourceKey":"main","timestamp":"2025-11-19 02:00:10"}
{"level":"info","message":"update built-in plugins","meta":{},"module":"nocobase","submodule":"","method":"","app":"main","reqId":"702a6e8c-ba8c-40ea-8dc1-214ad360536d","dataSourceKey":"main","timestamp":"2025-11-19 02:00:10"}
{"level":"info","message":"run upgrade","meta":{},"module":"application","submodule":"","method":"","app":"main","reqId":"702a6e8c-ba8c-40ea-8dc1-214ad360536d","dataSourceKey":"main","timestamp":"2025-11-19 02:00:11"}
{"level":"info","message":"restarting...","meta":{},"module":"application","submodule":"","method":"","app":"main","reqId":"702a6e8c-ba8c-40ea-8dc1-214ad360536d","dataSourceKey":"main","timestamp":"2025-11-19 02:00:11"}
{"level":"info","message":"app.reload()","meta":{},"module":"application","submodule":"","method":"load","app":"main","reqId":"702a6e8c-ba8c-40ea-8dc1-214ad360536d","dataSourceKey":"main","timestamp":"2025-11-19 02:00:11"}
{"level":"info","message":"write roles to ACL","meta":{},"module":"acl","submodule":"","method":"writeRolesToACL","app":"main","reqId":"702a6e8c-ba8c-40ea-8dc1-214ad360536d","dataSourceKey":"main","timestamp":"2025-11-19 02:00:12"}
{"level":"info","message":"app has been started","meta":{},"module":"application","submodule":"","method":"","app":"main","reqId":"702a6e8c-ba8c-40ea-8dc1-214ad360536d","dataSourceKey":"main","timestamp":"2025-11-19 02:00:12"}
{"level":"info","message":"app.reload()","meta":{},"module":"application","submodule":"","method":"load","app":"main","reqId":"702a6e8c-ba8c-40ea-8dc1-214ad360536d","dataSourceKey":"main","timestamp":"2025-11-19 02:57:01"}
{"level":"info","message":"restarting...","meta":{},"module":"application","submodule":"","method":"","app":"main","reqId":"9d546497-244b-4fca-9599-5ee394729889","dataSourceKey":"main","timestamp":"2025-11-19 02:57:01"}
{"level":"info","message":"app.reload()","meta":{},"module":"application","submodule":"","method":"load","app":"main","reqId":"9d546497-244b-4fca-9599-5ee394729889","dataSourceKey":"main","timestamp":"2025-11-19 02:57:01"}
{"level":"info","message":"write roles to ACL","meta":{},"module":"acl","submodule":"","method":"writeRolesToACL","app":"main","reqId":"9d546497-244b-4fca-9599-5ee394729889","dataSourceKey":"main","timestamp":"2025-11-19 02:57:02"}
{"level":"info","message":"app.reload()","meta":{},"module":"application","submodule":"","method":"load","app":"main","reqId":"9d546497-244b-4fca-9599-5ee394729889","dataSourceKey":"main","timestamp":"2025-11-19 02:57:15"}
{"level":"info","message":"restarting...","meta":{},"module":"application","submodule":"","method":"","app":"main","reqId":"09933e29-727a-4167-8c6c-2456d47e8029","dataSourceKey":"main","timestamp":"2025-11-19 02:57:16"}
{"level":"info","message":"app.reload()","meta":{},"module":"application","submodule":"","method":"load","app":"main","reqId":"09933e29-727a-4167-8c6c-2456d47e8029","dataSourceKey":"main","timestamp":"2025-11-19 02:57:16"}
{"level":"info","message":"write roles to ACL","meta":{},"module":"acl","submodule":"","method":"writeRolesToACL","app":"main","reqId":"09933e29-727a-4167-8c6c-2456d47e8029","dataSourceKey":"main","timestamp":"2025-11-19 02:57:16"}
{"level":"info","message":"app.reload()","meta":{},"module":"application","submodule":"","method":"load","app":"main","reqId":"09933e29-727a-4167-8c6c-2456d47e8029","dataSourceKey":"main","timestamp":"2025-11-19 02:57:24"}
{"level":"info","message":"restarting...","meta":{},"module":"application","submodule":"","method":"","app":"main","reqId":"0e85c528-4ac0-4184-9632-5c616678edf5","dataSourceKey":"main","timestamp":"2025-11-19 02:57:25"}
{"level":"info","message":"app.reload()","meta":{},"module":"application","submodule":"","method":"load","app":"main","reqId":"0e85c528-4ac0-4184-9632-5c616678edf5","dataSourceKey":"main","timestamp":"2025-11-19 02:57:25"}
{"level":"info","message":"write roles to ACL","meta":{},"module":"acl","submodule":"","method":"writeRolesToACL","app":"main","reqId":"0e85c528-4ac0-4184-9632-5c616678edf5","dataSourceKey":"main","timestamp":"2025-11-19 02:57:26"}
{"level":"info","message":"app.reload()","meta":{},"module":"application","submodule":"","method":"load","app":"main","reqId":"0e85c528-4ac0-4184-9632-5c616678edf5","dataSourceKey":"main","timestamp":"2025-11-19 02:57:40"}
{"level":"info","message":"restarting...","meta":{},"module":"application","submodule":"","method":"","app":"main","reqId":"88f2e116-15d8-473a-83ba-234ac1dff349","dataSourceKey":"main","timestamp":"2025-11-19 02:57:41"}
{"level":"info","message":"app.reload()","meta":{},"module":"application","submodule":"","method":"load","app":"main","reqId":"88f2e116-15d8-473a-83ba-234ac1dff349","dataSourceKey":"main","timestamp":"2025-11-19 02:57:41"}
{"level":"info","message":"write roles to ACL","meta":{},"module":"acl","submodule":"","method":"writeRolesToACL","app":"main","reqId":"88f2e116-15d8-473a-83ba-234ac1dff349","dataSourceKey":"main","timestamp":"2025-11-19 02:57:41"}
{"level":"info","message":"add app main into supervisor","meta":{},"module":"application","submodule":"supervisor","method":"addApp","app":"main","reqId":"18ae18f0-ce08-4385-9ea7-5ae92e2a8913","dataSourceKey":"main","timestamp":"2025-11-19 02:59:48"}
{"level":"info","message":"connection has been established successfully.","meta":{},"module":"database","submodule":"","method":"auth","app":"main","reqId":"18ae18f0-ce08-4385-9ea7-5ae92e2a8913","dataSourceKey":"main","timestamp":"2025-11-19 02:59:48"}
{"level":"info","message":"upgrading...","meta":{},"module":"application","submodule":"","method":"","app":"main","reqId":"18ae18f0-ce08-4385-9ea7-5ae92e2a8913","dataSourceKey":"main","timestamp":"2025-11-19 02:59:48"}
{"level":"info","message":"run upgrade","meta":{},"module":"application","submodule":"","method":"","app":"main","reqId":"18ae18f0-ce08-4385-9ea7-5ae92e2a8913","dataSourceKey":"main","timestamp":"2025-11-19 02:59:48"}
{"level":"info","message":"update built-in plugins","meta":{},"module":"nocobase","submodule":"","method":"","app":"main","reqId":"18ae18f0-ce08-4385-9ea7-5ae92e2a8913","dataSourceKey":"main","timestamp":"2025-11-19 02:59:48"}
{"level":"info","message":"run upgrade","meta":{},"module":"application","submodule":"","method":"","app":"main","reqId":"18ae18f0-ce08-4385-9ea7-5ae92e2a8913","dataSourceKey":"main","timestamp":"2025-11-19 02:59:49"}
{"level":"info","message":"install built-in plugin [data-source-manager]","meta":{},"module":"application","submodule":"","method":"","app":"main","reqId":"18ae18f0-ce08-4385-9ea7-5ae92e2a8913","dataSourceKey":"main","timestamp":"2025-11-19 02:59:49"}
{"level":"info","message":"install built-in plugin [error-handler]","meta":{},"module":"application","submodule":"","method":"","app":"main","reqId":"18ae18f0-ce08-4385-9ea7-5ae92e2a8913","dataSourceKey":"main","timestamp":"2025-11-19 02:59:49"}
{"level":"info","message":"install built-in plugin [data-source-main]","meta":{},"module":"application","submodule":"","method":"","app":"main","reqId":"18ae18f0-ce08-4385-9ea7-5ae92e2a8913","dataSourceKey":"main","timestamp":"2025-11-19 02:59:49"}
{"level":"info","message":"install built-in plugin [ui-schema-storage]","meta":{},"module":"application","submodule":"","method":"","app":"main","reqId":"18ae18f0-ce08-4385-9ea7-5ae92e2a8913","dataSourceKey":"main","timestamp":"2025-11-19 02:59:49"}
{"level":"info","message":"install built-in plugin [file-manager]","meta":{},"module":"application","submodule":"","method":"","app":"main","reqId":"18ae18f0-ce08-4385-9ea7-5ae92e2a8913","dataSourceKey":"main","timestamp":"2025-11-19 02:59:49"}
{"level":"info","message":"install built-in plugin [system-settings]","meta":{},"module":"application","submodule":"","method":"","app":"main","reqId":"18ae18f0-ce08-4385-9ea7-5ae92e2a8913","dataSourceKey":"main","timestamp":"2025-11-19 02:59:49"}
{"level":"info","message":"install built-in plugin [field-sequence]","meta":{},"module":"application","submodule":"","method":"","app":"main","reqId":"18ae18f0-ce08-4385-9ea7-5ae92e2a8913","dataSourceKey":"main","timestamp":"2025-11-19 02:59:49"}
{"level":"info","message":"install built-in plugin [verification]","meta":{},"module":"application","submodule":"","method":"","app":"main","reqId":"18ae18f0-ce08-4385-9ea7-5ae92e2a8913","dataSourceKey":"main","timestamp":"2025-11-19 02:59:49"}
{"level":"info","message":"install built-in plugin [users]","meta":{},"module":"application","submodule":"","method":"","app":"main","reqId":"18ae18f0-ce08-4385-9ea7-5ae92e2a8913","dataSourceKey":"main","timestamp":"2025-11-19 02:59:49"}
{"level":"info","message":"install built-in plugin [acl]","meta":{},"module":"application","submodule":"","method":"","app":"main","reqId":"18ae18f0-ce08-4385-9ea7-5ae92e2a8913","dataSourceKey":"main","timestamp":"2025-11-19 02:59:49"}
{"level":"info","message":"install built-in plugin [field-china-region]","meta":{},"module":"application","submodule":"","method":"","app":"main","reqId":"18ae18f0-ce08-4385-9ea7-5ae92e2a8913","dataSourceKey":"main","timestamp":"2025-11-19 02:59:49"}
{"level":"info","message":"install built-in plugin [workflow]","meta":{},"module":"application","submodule":"","method":"","app":"main","reqId":"18ae18f0-ce08-4385-9ea7-5ae92e2a8913","dataSourceKey":"main","timestamp":"2025-11-19 02:59:49"}
{"level":"info","message":"install built-in plugin [workflow-action-trigger]","meta":{},"module":"application","submodule":"","method":"","app":"main","reqId":"18ae18f0-ce08-4385-9ea7-5ae92e2a8913","dataSourceKey":"main","timestamp":"2025-11-19 02:59:49"}
{"level":"info","message":"install built-in plugin [workflow-aggregate]","meta":{},"module":"application","submodule":"","method":"","app":"main","reqId":"18ae18f0-ce08-4385-9ea7-5ae92e2a8913","dataSourceKey":"main","timestamp":"2025-11-19 02:59:49"}
{"level":"info","message":"install built-in plugin [workflow-delay]","meta":{},"module":"application","submodule":"","method":"","app":"main","reqId":"18ae18f0-ce08-4385-9ea7-5ae92e2a8913","dataSourceKey":"main","timestamp":"2025-11-19 02:59:49"}
{"level":"info","message":"install built-in plugin [workflow-dynamic-calculation]","meta":{},"module":"application","submodule":"","method":"","app":"main","reqId":"18ae18f0-ce08-4385-9ea7-5ae92e2a8913","dataSourceKey":"main","timestamp":"2025-11-19 02:59:49"}
{"level":"info","message":"install built-in plugin [workflow-loop]","meta":{},"module":"application","submodule":"","method":"","app":"main","reqId":"18ae18f0-ce08-4385-9ea7-5ae92e2a8913","dataSourceKey":"main","timestamp":"2025-11-19 02:59:49"}
{"level":"info","message":"install built-in plugin [workflow-manual]","meta":{},"module":"application","submodule":"","method":"","app":"main","reqId":"18ae18f0-ce08-4385-9ea7-5ae92e2a8913","dataSourceKey":"main","timestamp":"2025-11-19 02:59:49"}
{"level":"info","message":"install built-in plugin [workflow-parallel]","meta":{},"module":"application","submodule":"","method":"","app":"main","reqId":"18ae18f0-ce08-4385-9ea7-5ae92e2a8913","dataSourceKey":"main","timestamp":"2025-11-19 02:59:49"}
{"level":"info","message":"install built-in plugin [workflow-request]","meta":{},"module":"application","submodule":"","method":"","app":"main","reqId":"18ae18f0-ce08-4385-9ea7-5ae92e2a8913","dataSourceKey":"main","timestamp":"2025-11-19 02:59:49"}
{"level":"info","message":"install built-in plugin [workflow-sql]","meta":{},"module":"application","submodule":"","method":"","app":"main","reqId":"18ae18f0-ce08-4385-9ea7-5ae92e2a8913","dataSourceKey":"main","timestamp":"2025-11-19 02:59:49"}
{"level":"info","message":"install built-in plugin [client]","meta":{},"module":"application","submodule":"","method":"","app":"main","reqId":"18ae18f0-ce08-4385-9ea7-5ae92e2a8913","dataSourceKey":"main","timestamp":"2025-11-19 02:59:49"}
{"level":"info","message":"install built-in plugin [action-import]","meta":{},"module":"application","submodule":"","method":"","app":"main","reqId":"18ae18f0-ce08-4385-9ea7-5ae92e2a8913","dataSourceKey":"main","timestamp":"2025-11-19 02:59:49"}
{"level":"info","message":"install built-in plugin [action-export]","meta":{},"module":"application","submodule":"","method":"","app":"main","reqId":"18ae18f0-ce08-4385-9ea7-5ae92e2a8913","dataSourceKey":"main","timestamp":"2025-11-19 02:59:49"}
{"level":"info","message":"install built-in plugin [block-iframe]","meta":{},"module":"application","submodule":"","method":"","app":"main","reqId":"18ae18f0-ce08-4385-9ea7-5ae92e2a8913","dataSourceKey":"main","timestamp":"2025-11-19 02:59:49"}
{"level":"info","message":"install built-in plugin [block-workbench]","meta":{},"module":"application","submodule":"","method":"","app":"main","reqId":"18ae18f0-ce08-4385-9ea7-5ae92e2a8913","dataSourceKey":"main","timestamp":"2025-11-19 02:59:49"}
{"level":"info","message":"install built-in plugin [field-formula]","meta":{},"module":"application","submodule":"","method":"","app":"main","reqId":"18ae18f0-ce08-4385-9ea7-5ae92e2a8913","dataSourceKey":"main","timestamp":"2025-11-19 02:59:49"}
{"level":"info","message":"install built-in plugin [data-visualization]","meta":{},"module":"application","submodule":"","method":"","app":"main","reqId":"18ae18f0-ce08-4385-9ea7-5ae92e2a8913","dataSourceKey":"main","timestamp":"2025-11-19 02:59:49"}
{"level":"info","message":"install built-in plugin [auth]","meta":{},"module":"application","submodule":"","method":"","app":"main","reqId":"18ae18f0-ce08-4385-9ea7-5ae92e2a8913","dataSourceKey":"main","timestamp":"2025-11-19 02:59:49"}
{"level":"info","message":"install built-in plugin [logger]","meta":{},"module":"application","submodule":"","method":"","app":"main","reqId":"18ae18f0-ce08-4385-9ea7-5ae92e2a8913","dataSourceKey":"main","timestamp":"2025-11-19 02:59:49"}
{"level":"info","message":"install built-in plugin [action-custom-request]","meta":{},"module":"application","submodule":"","method":"","app":"main","reqId":"18ae18f0-ce08-4385-9ea7-5ae92e2a8913","dataSourceKey":"main","timestamp":"2025-11-19 02:59:49"}
{"level":"info","message":"install built-in plugin [calendar]","meta":{},"module":"application","submodule":"","method":"","app":"main","reqId":"18ae18f0-ce08-4385-9ea7-5ae92e2a8913","dataSourceKey":"main","timestamp":"2025-11-19 02:59:49"}
{"level":"info","message":"install built-in plugin [action-bulk-update]","meta":{},"module":"application","submodule":"","method":"","app":"main","reqId":"18ae18f0-ce08-4385-9ea7-5ae92e2a8913","dataSourceKey":"main","timestamp":"2025-11-19 02:59:49"}
{"level":"info","message":"install built-in plugin [action-bulk-edit]","meta":{},"module":"application","submodule":"","method":"","app":"main","reqId":"18ae18f0-ce08-4385-9ea7-5ae92e2a8913","dataSourceKey":"main","timestamp":"2025-11-19 02:59:49"}
{"level":"info","message":"install built-in plugin [gantt]","meta":{},"module":"application","submodule":"","method":"","app":"main","reqId":"18ae18f0-ce08-4385-9ea7-5ae92e2a8913","dataSourceKey":"main","timestamp":"2025-11-19 02:59:49"}
{"level":"info","message":"install built-in plugin [kanban]","meta":{},"module":"application","submodule":"","method":"","app":"main","reqId":"18ae18f0-ce08-4385-9ea7-5ae92e2a8913","dataSourceKey":"main","timestamp":"2025-11-19 02:59:49"}
{"level":"info","message":"install built-in plugin [action-duplicate]","meta":{},"module":"application","submodule":"","method":"","app":"main","reqId":"18ae18f0-ce08-4385-9ea7-5ae92e2a8913","dataSourceKey":"main","timestamp":"2025-11-19 02:59:49"}
{"level":"info","message":"install built-in plugin [action-print]","meta":{},"module":"application","submodule":"","method":"","app":"main","reqId":"18ae18f0-ce08-4385-9ea7-5ae92e2a8913","dataSourceKey":"main","timestamp":"2025-11-19 02:59:49"}
{"level":"info","message":"install built-in plugin [collection-sql]","meta":{},"module":"application","submodule":"","method":"","app":"main","reqId":"18ae18f0-ce08-4385-9ea7-5ae92e2a8913","dataSourceKey":"main","timestamp":"2025-11-19 02:59:49"}
{"level":"info","message":"install built-in plugin [collection-tree]","meta":{},"module":"application","submodule":"","method":"","app":"main","reqId":"18ae18f0-ce08-4385-9ea7-5ae92e2a8913","dataSourceKey":"main","timestamp":"2025-11-19 02:59:49"}
{"level":"info","message":"restarting...","meta":{},"module":"application","submodule":"","method":"","app":"main","reqId":"18ae18f0-ce08-4385-9ea7-5ae92e2a8913","dataSourceKey":"main","timestamp":"2025-11-19 02:59:49"}
{"level":"info","message":"app.reload()","meta":{},"module":"application","submodule":"","method":"load","app":"main","reqId":"18ae18f0-ce08-4385-9ea7-5ae92e2a8913","dataSourceKey":"main","timestamp":"2025-11-19 02:59:49"}
{"level":"info","message":"write roles to ACL","meta":{},"module":"acl","submodule":"","method":"writeRolesToACL","app":"main","reqId":"18ae18f0-ce08-4385-9ea7-5ae92e2a8913","dataSourceKey":"main","timestamp":"2025-11-19 02:59:50"}
{"level":"info","message":"app has been started","meta":{},"module":"application","submodule":"","method":"","app":"main","reqId":"18ae18f0-ce08-4385-9ea7-5ae92e2a8913","dataSourceKey":"main","timestamp":"2025-11-19 02:59:50"}
{"level":"info","message":"add app main into supervisor","meta":{},"module":"application","submodule":"supervisor","method":"addApp","app":"main","reqId":"4aec3997-c847-4cc5-b01f-2d90a312dcb4","dataSourceKey":"main","timestamp":"2025-11-19 03:01:39"}
{"level":"info","message":"connection has been established successfully.","meta":{},"module":"database","submodule":"","method":"auth","app":"main","reqId":"4aec3997-c847-4cc5-b01f-2d90a312dcb4","dataSourceKey":"main","timestamp":"2025-11-19 03:01:39"}
{"level":"info","message":"start install built-in plugins","meta":{},"module":"nocobase","submodule":"","method":"","app":"main","reqId":"4aec3997-c847-4cc5-b01f-2d90a312dcb4","dataSourceKey":"main","timestamp":"2025-11-19 03:01:39"}
{"level":"info","message":"finish install built-in plugins","meta":{},"module":"nocobase","submodule":"","method":"","app":"main","reqId":"4aec3997-c847-4cc5-b01f-2d90a312dcb4","dataSourceKey":"main","timestamp":"2025-11-19 03:01:40"}
{"level":"info","message":"restarting...","meta":{},"module":"application","submodule":"","method":"","app":"main","reqId":"4aec3997-c847-4cc5-b01f-2d90a312dcb4","dataSourceKey":"main","timestamp":"2025-11-19 03:01:40"}
{"level":"info","message":"app.reload()","meta":{},"module":"application","submodule":"","method":"load","app":"main","reqId":"4aec3997-c847-4cc5-b01f-2d90a312dcb4","dataSourceKey":"main","timestamp":"2025-11-19 03:01:40"}
{"level":"info","message":"write roles to ACL","meta":{},"module":"acl","submodule":"","method":"writeRolesToACL","app":"main","reqId":"4aec3997-c847-4cc5-b01f-2d90a312dcb4","dataSourceKey":"main","timestamp":"2025-11-19 03:01:41"}
{"level":"info","message":"app has been started","meta":{},"module":"application","submodule":"","method":"","app":"main","reqId":"4aec3997-c847-4cc5-b01f-2d90a312dcb4","dataSourceKey":"main","timestamp":"2025-11-19 03:01:41"}
{"level":"info","message":"add app main into supervisor","meta":{},"module":"application","submodule":"supervisor","method":"addApp","app":"main","reqId":"8063281a-3331-4fc9-86ec-f692766d71a5","dataSourceKey":"main","timestamp":"2025-11-19 03:46:18"}
{"level":"info","message":"load commands","meta":{},"module":"application","submodule":"","method":"","app":"main","reqId":"8063281a-3331-4fc9-86ec-f692766d71a5","dataSourceKey":"main","timestamp":"2025-11-19 03:46:18"}
{"level":"info","message":"add app main into supervisor","meta":{},"module":"application","submodule":"supervisor","method":"addApp","app":"main","reqId":"7eabe80a-f73d-42d6-8283-6353abef6267","dataSourceKey":"main","timestamp":"2025-11-19 03:46:19"}
{"level":"info","message":"connection has been established successfully.","meta":{},"module":"database","submodule":"","method":"auth","app":"main","reqId":"7eabe80a-f73d-42d6-8283-6353abef6267","dataSourceKey":"main","timestamp":"2025-11-19 03:46:20"}
{"level":"info","message":"upgrading...","meta":{},"module":"application","submodule":"","method":"","app":"main","reqId":"7eabe80a-f73d-42d6-8283-6353abef6267","dataSourceKey":"main","timestamp":"2025-11-19 03:46:20"}
{"level":"info","message":"run upgrade","meta":{},"module":"application","submodule":"","method":"","app":"main","reqId":"7eabe80a-f73d-42d6-8283-6353abef6267","dataSourceKey":"main","timestamp":"2025-11-19 03:46:20"}
{"level":"info","message":"update built-in plugins","meta":{},"module":"nocobase","submodule":"","method":"","app":"main","reqId":"7eabe80a-f73d-42d6-8283-6353abef6267","dataSourceKey":"main","timestamp":"2025-11-19 03:46:20"}
{"level":"info","message":"run upgrade","meta":{},"module":"application","submodule":"","method":"","app":"main","reqId":"7eabe80a-f73d-42d6-8283-6353abef6267","dataSourceKey":"main","timestamp":"2025-11-19 03:46:21"}
{"level":"info","message":"restarting...","meta":{},"module":"application","submodule":"","method":"","app":"main","reqId":"7eabe80a-f73d-42d6-8283-6353abef6267","dataSourceKey":"main","timestamp":"2025-11-19 03:46:21"}
{"level":"info","message":"app.reload()","meta":{},"module":"application","submodule":"","method":"load","app":"main","reqId":"7eabe80a-f73d-42d6-8283-6353abef6267","dataSourceKey":"main","timestamp":"2025-11-19 03:46:21"}
{"level":"info","message":"write roles to ACL","meta":{},"module":"acl","submodule":"","method":"writeRolesToACL","app":"main","reqId":"7eabe80a-f73d-42d6-8283-6353abef6267","dataSourceKey":"main","timestamp":"2025-11-19 03:46:21"}
{"level":"info","message":"app has been started","meta":{},"module":"application","submodule":"","method":"","app":"main","reqId":"7eabe80a-f73d-42d6-8283-6353abef6267","dataSourceKey":"main","timestamp":"2025-11-19 03:46:21"}
{"level":"info","message":"app.reload()","meta":{},"module":"application","submodule":"","method":"load","app":"main","reqId":"7eabe80a-f73d-42d6-8283-6353abef6267","dataSourceKey":"main","timestamp":"2025-11-19 03:48:23"}
{"level":"info","message":"restarting...","meta":{},"module":"application","submodule":"","method":"","app":"main","reqId":"9078232d-fbc4-4051-b020-9f0c3db3d406","dataSourceKey":"main","timestamp":"2025-11-19 03:48:24"}
{"level":"info","message":"app.reload()","meta":{},"module":"application","submodule":"","method":"load","app":"main","reqId":"9078232d-fbc4-4051-b020-9f0c3db3d406","dataSourceKey":"main","timestamp":"2025-11-19 03:48:24"}
{"level":"info","message":"write roles to ACL","meta":{},"module":"acl","submodule":"","method":"writeRolesToACL","app":"main","reqId":"9078232d-fbc4-4051-b020-9f0c3db3d406","dataSourceKey":"main","timestamp":"2025-11-19 03:48:25"}
{"level":"info","message":"app.reload()","meta":{},"module":"application","submodule":"","method":"load","app":"main","reqId":"9078232d-fbc4-4051-b020-9f0c3db3d406","dataSourceKey":"main","timestamp":"2025-11-19 03:48:35"}
{"level":"info","message":"restarting...","meta":{},"module":"application","submodule":"","method":"","app":"main","reqId":"85c8ffcd-e4a4-4217-a6b3-9c2ddf2f4630","dataSourceKey":"main","timestamp":"2025-11-19 03:48:36"}
{"level":"info","message":"app.reload()","meta":{},"module":"application","submodule":"","method":"load","app":"main","reqId":"85c8ffcd-e4a4-4217-a6b3-9c2ddf2f4630","dataSourceKey":"main","timestamp":"2025-11-19 03:48:36"}
{"level":"info","message":"write roles to ACL","meta":{},"module":"acl","submodule":"","method":"writeRolesToACL","app":"main","reqId":"85c8ffcd-e4a4-4217-a6b3-9c2ddf2f4630","dataSourceKey":"main","timestamp":"2025-11-19 03:48:37"}
{"level":"info","message":"app.reload()","meta":{},"module":"application","submodule":"","method":"load","app":"main","reqId":"85c8ffcd-e4a4-4217-a6b3-9c2ddf2f4630","dataSourceKey":"main","timestamp":"2025-11-19 03:49:31"}
{"level":"info","message":"restarting...","meta":{},"module":"application","submodule":"","method":"","app":"main","reqId":"41ff7aa6-f20c-4332-a7b7-22b14c9e7335","dataSourceKey":"main","timestamp":"2025-11-19 03:49:31"}
{"level":"info","message":"app.reload()","meta":{},"module":"application","submodule":"","method":"load","app":"main","reqId":"41ff7aa6-f20c-4332-a7b7-22b14c9e7335","dataSourceKey":"main","timestamp":"2025-11-19 03:49:31"}
{"level":"info","message":"write roles to ACL","meta":{},"module":"acl","submodule":"","method":"writeRolesToACL","app":"main","reqId":"41ff7aa6-f20c-4332-a7b7-22b14c9e7335","dataSourceKey":"main","timestamp":"2025-11-19 03:49:32"}
