{"level":"info","message":"add app main into supervisor","meta":{},"module":"application","submodule":"supervisor","method":"addApp","app":"main","reqId":"957d1a86-8f8c-4187-9a34-5b4f8b4f6cd1","dataSourceKey":"main","timestamp":"2025-11-17 23:02:44"}
{"level":"info","message":"connection has been established successfully.","meta":{},"module":"database","submodule":"","method":"auth","app":"main","reqId":"957d1a86-8f8c-4187-9a34-5b4f8b4f6cd1","dataSourceKey":"main","timestamp":"2025-11-17 23:02:44"}
{"level":"info","message":"upgrading...","meta":{},"module":"application","submodule":"","method":"","app":"main","reqId":"957d1a86-8f8c-4187-9a34-5b4f8b4f6cd1","dataSourceKey":"main","timestamp":"2025-11-17 23:02:44"}
{"level":"info","message":"run upgrade","meta":{},"module":"application","submodule":"","method":"","app":"main","reqId":"957d1a86-8f8c-4187-9a34-5b4f8b4f6cd1","dataSourceKey":"main","timestamp":"2025-11-17 23:02:44"}
{"level":"info","message":"update built-in plugins","meta":{},"module":"nocobase","submodule":"","method":"","app":"main","reqId":"957d1a86-8f8c-4187-9a34-5b4f8b4f6cd1","dataSourceKey":"main","timestamp":"2025-11-17 23:02:44"}
{"level":"info","message":"run upgrade","meta":{},"module":"application","submodule":"","method":"","app":"main","reqId":"957d1a86-8f8c-4187-9a34-5b4f8b4f6cd1","dataSourceKey":"main","timestamp":"2025-11-17 23:02:45"}
{"level":"info","message":"restarting...","meta":{},"module":"application","submodule":"","method":"","app":"main","reqId":"957d1a86-8f8c-4187-9a34-5b4f8b4f6cd1","dataSourceKey":"main","timestamp":"2025-11-17 23:02:45"}
{"level":"info","message":"app.reload()","meta":{},"module":"application","submodule":"","method":"load","app":"main","reqId":"957d1a86-8f8c-4187-9a34-5b4f8b4f6cd1","dataSourceKey":"main","timestamp":"2025-11-17 23:02:45"}
{"level":"info","message":"write roles to ACL","meta":{},"module":"acl","submodule":"","method":"writeRolesToACL","app":"main","reqId":"957d1a86-8f8c-4187-9a34-5b4f8b4f6cd1","dataSourceKey":"main","timestamp":"2025-11-17 23:02:46"}
{"level":"info","message":"app has been started","meta":{},"module":"application","submodule":"","method":"","app":"main","reqId":"957d1a86-8f8c-4187-9a34-5b4f8b4f6cd1","dataSourceKey":"main","timestamp":"2025-11-17 23:02:46"}
{"level":"info","message":"parseJsonTemplate.raw","meta":{"createdById":"{{ctx.state.currentUser.id}}"},"module":"attachments","submodule":"create","method":"","app":"main","reqId":"90ecccae-d0f1-4769-acc0-83895dc1fbad","dataSourceKey":"main","timestamp":"2025-11-17 23:08:34"}
{"level":"info","message":"parseJsonTemplate.parsed","meta":{"createdById":1},"module":"attachments","submodule":"create","method":"","app":"main","reqId":"90ecccae-d0f1-4769-acc0-83895dc1fbad","dataSourceKey":"main","timestamp":"2025-11-17 23:08:34"}
{"level":"info","message":"add app main into supervisor","meta":{},"module":"application","submodule":"supervisor","method":"addApp","app":"main","reqId":"0717fc8e-099f-4cd0-bddc-d1c135eb93fc","dataSourceKey":"main","timestamp":"2025-11-17 23:22:44"}
{"level":"info","message":"connection has been established successfully.","meta":{},"module":"database","submodule":"","method":"auth","app":"main","reqId":"0717fc8e-099f-4cd0-bddc-d1c135eb93fc","dataSourceKey":"main","timestamp":"2025-11-17 23:22:44"}
{"level":"info","message":"upgrading...","meta":{},"module":"application","submodule":"","method":"","app":"main","reqId":"0717fc8e-099f-4cd0-bddc-d1c135eb93fc","dataSourceKey":"main","timestamp":"2025-11-17 23:22:44"}
{"level":"info","message":"run upgrade","meta":{},"module":"application","submodule":"","method":"","app":"main","reqId":"0717fc8e-099f-4cd0-bddc-d1c135eb93fc","dataSourceKey":"main","timestamp":"2025-11-17 23:22:44"}
{"level":"info","message":"update built-in plugins","meta":{},"module":"nocobase","submodule":"","method":"","app":"main","reqId":"0717fc8e-099f-4cd0-bddc-d1c135eb93fc","dataSourceKey":"main","timestamp":"2025-11-17 23:22:44"}
{"level":"info","message":"run upgrade","meta":{},"module":"application","submodule":"","method":"","app":"main","reqId":"0717fc8e-099f-4cd0-bddc-d1c135eb93fc","dataSourceKey":"main","timestamp":"2025-11-17 23:22:45"}
{"level":"info","message":"restarting...","meta":{},"module":"application","submodule":"","method":"","app":"main","reqId":"0717fc8e-099f-4cd0-bddc-d1c135eb93fc","dataSourceKey":"main","timestamp":"2025-11-17 23:22:46"}
{"level":"info","message":"app.reload()","meta":{},"module":"application","submodule":"","method":"load","app":"main","reqId":"0717fc8e-099f-4cd0-bddc-d1c135eb93fc","dataSourceKey":"main","timestamp":"2025-11-17 23:22:46"}
{"level":"info","message":"write roles to ACL","meta":{},"module":"acl","submodule":"","method":"writeRolesToACL","app":"main","reqId":"0717fc8e-099f-4cd0-bddc-d1c135eb93fc","dataSourceKey":"main","timestamp":"2025-11-17 23:22:46"}
{"level":"info","message":"app has been started","meta":{},"module":"application","submodule":"","method":"","app":"main","reqId":"0717fc8e-099f-4cd0-bddc-d1c135eb93fc","dataSourceKey":"main","timestamp":"2025-11-17 23:22:46"}
{"level":"info","message":"app.reload()","meta":{},"module":"application","submodule":"","method":"load","app":"main","reqId":"0717fc8e-099f-4cd0-bddc-d1c135eb93fc","dataSourceKey":"main","timestamp":"2025-11-17 23:50:58"}
{"level":"info","message":"restarting...","meta":{},"module":"application","submodule":"","method":"","app":"main","reqId":"240851a5-8ef7-4570-967a-572519b153ed","dataSourceKey":"main","timestamp":"2025-11-17 23:50:59"}
{"level":"info","message":"app.reload()","meta":{},"module":"application","submodule":"","method":"load","app":"main","reqId":"240851a5-8ef7-4570-967a-572519b153ed","dataSourceKey":"main","timestamp":"2025-11-17 23:50:59"}
{"level":"info","message":"write roles to ACL","meta":{},"module":"acl","submodule":"","method":"writeRolesToACL","app":"main","reqId":"240851a5-8ef7-4570-967a-572519b153ed","dataSourceKey":"main","timestamp":"2025-11-17 23:50:59"}
{"level":"info","message":"app.reload()","meta":{},"module":"application","submodule":"","method":"load","app":"main","reqId":"240851a5-8ef7-4570-967a-572519b153ed","dataSourceKey":"main","timestamp":"2025-11-17 23:51:13"}
{"level":"info","message":"restarting...","meta":{},"module":"application","submodule":"","method":"","app":"main","reqId":"dd07601d-6b8d-4032-862e-0893e33f0d08","dataSourceKey":"main","timestamp":"2025-11-17 23:51:14"}
{"level":"info","message":"app.reload()","meta":{},"module":"application","submodule":"","method":"load","app":"main","reqId":"dd07601d-6b8d-4032-862e-0893e33f0d08","dataSourceKey":"main","timestamp":"2025-11-17 23:51:14"}
{"level":"info","message":"write roles to ACL","meta":{},"module":"acl","submodule":"","method":"writeRolesToACL","app":"main","reqId":"dd07601d-6b8d-4032-862e-0893e33f0d08","dataSourceKey":"main","timestamp":"2025-11-17 23:51:14"}
{"level":"info","message":"app.reload()","meta":{},"module":"application","submodule":"","method":"load","app":"main","reqId":"dd07601d-6b8d-4032-862e-0893e33f0d08","dataSourceKey":"main","timestamp":"2025-11-17 23:51:37"}
{"level":"info","message":"restarting...","meta":{},"module":"application","submodule":"","method":"","app":"main","reqId":"41618ac9-9b89-46c5-b4c6-51a9de6636c4","dataSourceKey":"main","timestamp":"2025-11-17 23:51:38"}
{"level":"info","message":"app.reload()","meta":{},"module":"application","submodule":"","method":"load","app":"main","reqId":"41618ac9-9b89-46c5-b4c6-51a9de6636c4","dataSourceKey":"main","timestamp":"2025-11-17 23:51:38"}
{"level":"info","message":"write roles to ACL","meta":{},"module":"acl","submodule":"","method":"writeRolesToACL","app":"main","reqId":"41618ac9-9b89-46c5-b4c6-51a9de6636c4","dataSourceKey":"main","timestamp":"2025-11-17 23:51:38"}
{"level":"info","message":"app.reload()","meta":{},"module":"application","submodule":"","method":"load","app":"main","reqId":"41618ac9-9b89-46c5-b4c6-51a9de6636c4","dataSourceKey":"main","timestamp":"2025-11-17 23:51:49"}
{"level":"info","message":"restarting...","meta":{},"module":"application","submodule":"","method":"","app":"main","reqId":"294486a5-7c75-43f7-91f9-d808c9045972","dataSourceKey":"main","timestamp":"2025-11-17 23:51:50"}
{"level":"info","message":"app.reload()","meta":{},"module":"application","submodule":"","method":"load","app":"main","reqId":"294486a5-7c75-43f7-91f9-d808c9045972","dataSourceKey":"main","timestamp":"2025-11-17 23:51:50"}
{"level":"info","message":"write roles to ACL","meta":{},"module":"acl","submodule":"","method":"writeRolesToACL","app":"main","reqId":"294486a5-7c75-43f7-91f9-d808c9045972","dataSourceKey":"main","timestamp":"2025-11-17 23:51:50"}
{"level":"info","message":"app.reload()","meta":{},"module":"application","submodule":"","method":"load","app":"main","reqId":"294486a5-7c75-43f7-91f9-d808c9045972","dataSourceKey":"main","timestamp":"2025-11-17 23:52:18"}
{"level":"info","message":"restarting...","meta":{},"module":"application","submodule":"","method":"","app":"main","reqId":"f1b73b50-f873-4fa6-b768-55a87203cd24","dataSourceKey":"main","timestamp":"2025-11-17 23:52:19"}
{"level":"info","message":"app.reload()","meta":{},"module":"application","submodule":"","method":"load","app":"main","reqId":"f1b73b50-f873-4fa6-b768-55a87203cd24","dataSourceKey":"main","timestamp":"2025-11-17 23:52:19"}
{"level":"info","message":"write roles to ACL","meta":{},"module":"acl","submodule":"","method":"writeRolesToACL","app":"main","reqId":"f1b73b50-f873-4fa6-b768-55a87203cd24","dataSourceKey":"main","timestamp":"2025-11-17 23:52:19"}
{"level":"info","message":"dumping collection migrations","meta":{},"module":"application","submodule":"","method":"","app":"main","reqId":"f1b73b50-f873-4fa6-b768-55a87203cd24","dataSourceKey":"main","timestamp":"2025-11-17 23:52:42"}
{"level":"info","message":"dumping collection applicationPlugins","meta":{},"module":"application","submodule":"","method":"","app":"main","reqId":"f1b73b50-f873-4fa6-b768-55a87203cd24","dataSourceKey":"main","timestamp":"2025-11-17 23:52:42"}
{"level":"info","message":"dumping collection applicationVersion","meta":{},"module":"application","submodule":"","method":"","app":"main","reqId":"f1b73b50-f873-4fa6-b768-55a87203cd24","dataSourceKey":"main","timestamp":"2025-11-17 23:52:42"}
{"level":"info","message":"dumping collection dataSourcesCollections","meta":{},"module":"application","submodule":"","method":"","app":"main","reqId":"f1b73b50-f873-4fa6-b768-55a87203cd24","dataSourceKey":"main","timestamp":"2025-11-17 23:52:42"}
{"level":"info","message":"dumping collection dataSourcesFields","meta":{},"module":"application","submodule":"","method":"","app":"main","reqId":"f1b73b50-f873-4fa6-b768-55a87203cd24","dataSourceKey":"main","timestamp":"2025-11-17 23:52:42"}
{"level":"info","message":"dumping collection dataSourcesRolesResourcesActions","meta":{},"module":"application","submodule":"","method":"","app":"main","reqId":"f1b73b50-f873-4fa6-b768-55a87203cd24","dataSourceKey":"main","timestamp":"2025-11-17 23:52:42"}
{"level":"info","message":"dumping collection dataSourcesRolesResourcesScopes","meta":{},"module":"application","submodule":"","method":"","app":"main","reqId":"f1b73b50-f873-4fa6-b768-55a87203cd24","dataSourceKey":"main","timestamp":"2025-11-17 23:52:42"}
{"level":"info","message":"dumping collection dataSourcesRolesResources","meta":{},"module":"application","submodule":"","method":"","app":"main","reqId":"f1b73b50-f873-4fa6-b768-55a87203cd24","dataSourceKey":"main","timestamp":"2025-11-17 23:52:42"}
{"level":"info","message":"dumping collection dataSourcesRoles","meta":{},"module":"application","submodule":"","method":"","app":"main","reqId":"f1b73b50-f873-4fa6-b768-55a87203cd24","dataSourceKey":"main","timestamp":"2025-11-17 23:52:42"}
{"level":"info","message":"dumping collection dataSources","meta":{},"module":"application","submodule":"","method":"","app":"main","reqId":"f1b73b50-f873-4fa6-b768-55a87203cd24","dataSourceKey":"main","timestamp":"2025-11-17 23:52:42"}
{"level":"info","message":"dumping collection collectionCategories","meta":{},"module":"application","submodule":"","method":"","app":"main","reqId":"f1b73b50-f873-4fa6-b768-55a87203cd24","dataSourceKey":"main","timestamp":"2025-11-17 23:52:42"}
{"level":"info","message":"dumping collection collectionCategory","meta":{},"module":"application","submodule":"","method":"","app":"main","reqId":"f1b73b50-f873-4fa6-b768-55a87203cd24","dataSourceKey":"main","timestamp":"2025-11-17 23:52:42"}
{"level":"info","message":"dumping collection collections","meta":{},"module":"application","submodule":"","method":"","app":"main","reqId":"f1b73b50-f873-4fa6-b768-55a87203cd24","dataSourceKey":"main","timestamp":"2025-11-17 23:52:42"}
{"level":"info","message":"dumping collection fields","meta":{},"module":"application","submodule":"","method":"","app":"main","reqId":"f1b73b50-f873-4fa6-b768-55a87203cd24","dataSourceKey":"main","timestamp":"2025-11-17 23:52:42"}
{"level":"info","message":"dumping collection uiSchemaServerHooks","meta":{},"module":"application","submodule":"","method":"","app":"main","reqId":"f1b73b50-f873-4fa6-b768-55a87203cd24","dataSourceKey":"main","timestamp":"2025-11-17 23:52:42"}
{"level":"info","message":"dumping collection uiSchemaTemplates","meta":{},"module":"application","submodule":"","method":"","app":"main","reqId":"f1b73b50-f873-4fa6-b768-55a87203cd24","dataSourceKey":"main","timestamp":"2025-11-17 23:52:42"}
{"level":"info","message":"dumping collection uiSchemaTreePath","meta":{},"module":"application","submodule":"","method":"","app":"main","reqId":"f1b73b50-f873-4fa6-b768-55a87203cd24","dataSourceKey":"main","timestamp":"2025-11-17 23:52:42"}
{"level":"info","message":"dumping collection uiSchemas","meta":{},"module":"application","submodule":"","method":"","app":"main","reqId":"f1b73b50-f873-4fa6-b768-55a87203cd24","dataSourceKey":"main","timestamp":"2025-11-17 23:52:42"}
{"level":"info","message":"dumping collection storages","meta":{},"module":"application","submodule":"","method":"","app":"main","reqId":"f1b73b50-f873-4fa6-b768-55a87203cd24","dataSourceKey":"main","timestamp":"2025-11-17 23:52:42"}
{"level":"info","message":"dumping collection systemSettings","meta":{},"module":"application","submodule":"","method":"","app":"main","reqId":"f1b73b50-f873-4fa6-b768-55a87203cd24","dataSourceKey":"main","timestamp":"2025-11-17 23:52:42"}
{"level":"info","message":"dumping collection sequences","meta":{},"module":"application","submodule":"","method":"","app":"main","reqId":"f1b73b50-f873-4fa6-b768-55a87203cd24","dataSourceKey":"main","timestamp":"2025-11-17 23:52:42"}
{"level":"info","message":"dumping collection rolesUischemas","meta":{},"module":"application","submodule":"","method":"","app":"main","reqId":"f1b73b50-f873-4fa6-b768-55a87203cd24","dataSourceKey":"main","timestamp":"2025-11-17 23:52:42"}
{"level":"info","message":"dumping collection roles","meta":{},"module":"application","submodule":"","method":"","app":"main","reqId":"f1b73b50-f873-4fa6-b768-55a87203cd24","dataSourceKey":"main","timestamp":"2025-11-17 23:52:42"}
{"level":"info","message":"dumping collection rolesResources","meta":{},"module":"application","submodule":"","method":"","app":"main","reqId":"f1b73b50-f873-4fa6-b768-55a87203cd24","dataSourceKey":"main","timestamp":"2025-11-17 23:52:42"}
{"level":"info","message":"dumping collection rolesResourcesActions","meta":{},"module":"application","submodule":"","method":"","app":"main","reqId":"f1b73b50-f873-4fa6-b768-55a87203cd24","dataSourceKey":"main","timestamp":"2025-11-17 23:52:42"}
{"level":"info","message":"dumping collection rolesResourcesScopes","meta":{},"module":"application","submodule":"","method":"","app":"main","reqId":"f1b73b50-f873-4fa6-b768-55a87203cd24","dataSourceKey":"main","timestamp":"2025-11-17 23:52:42"}
{"level":"info","message":"dumping collection flow_nodes","meta":{},"module":"application","submodule":"","method":"","app":"main","reqId":"f1b73b50-f873-4fa6-b768-55a87203cd24","dataSourceKey":"main","timestamp":"2025-11-17 23:52:42"}
{"level":"info","message":"dumping collection workflows","meta":{},"module":"application","submodule":"","method":"","app":"main","reqId":"f1b73b50-f873-4fa6-b768-55a87203cd24","dataSourceKey":"main","timestamp":"2025-11-17 23:52:42"}
{"level":"info","message":"dumping collection iframeHtml","meta":{},"module":"application","submodule":"","method":"","app":"main","reqId":"f1b73b50-f873-4fa6-b768-55a87203cd24","dataSourceKey":"main","timestamp":"2025-11-17 23:52:42"}
{"level":"info","message":"dumping collection customRequestsRoles","meta":{},"module":"application","submodule":"","method":"","app":"main","reqId":"f1b73b50-f873-4fa6-b768-55a87203cd24","dataSourceKey":"main","timestamp":"2025-11-17 23:52:42"}
{"level":"info","message":"dumping collection customRequests","meta":{},"module":"application","submodule":"","method":"","app":"main","reqId":"f1b73b50-f873-4fa6-b768-55a87203cd24","dataSourceKey":"main","timestamp":"2025-11-17 23:52:42"}
{"level":"info","message":"dumping collection localizationTexts","meta":{},"module":"application","submodule":"","method":"","app":"main","reqId":"f1b73b50-f873-4fa6-b768-55a87203cd24","dataSourceKey":"main","timestamp":"2025-11-17 23:52:42"}
{"level":"info","message":"dumping collection localizationTranslations","meta":{},"module":"application","submodule":"","method":"","app":"main","reqId":"f1b73b50-f873-4fa6-b768-55a87203cd24","dataSourceKey":"main","timestamp":"2025-11-17 23:52:42"}
{"level":"info","message":"dumping collection attachments","meta":{},"module":"application","submodule":"","method":"","app":"main","reqId":"f1b73b50-f873-4fa6-b768-55a87203cd24","dataSourceKey":"main","timestamp":"2025-11-17 23:52:42"}
{"level":"info","message":"dumping collection users","meta":{},"module":"application","submodule":"","method":"","app":"main","reqId":"f1b73b50-f873-4fa6-b768-55a87203cd24","dataSourceKey":"main","timestamp":"2025-11-17 23:52:42"}
{"level":"info","message":"dumping collection rolesUsers","meta":{},"module":"application","submodule":"","method":"","app":"main","reqId":"f1b73b50-f873-4fa6-b768-55a87203cd24","dataSourceKey":"main","timestamp":"2025-11-17 23:52:42"}
{"level":"info","message":"dumping collection usersAuthenticators","meta":{},"module":"application","submodule":"","method":"","app":"main","reqId":"f1b73b50-f873-4fa6-b768-55a87203cd24","dataSourceKey":"main","timestamp":"2025-11-17 23:52:42"}
{"level":"info","message":"dumping collection verifications","meta":{},"module":"application","submodule":"","method":"","app":"main","reqId":"f1b73b50-f873-4fa6-b768-55a87203cd24","dataSourceKey":"main","timestamp":"2025-11-17 23:52:42"}
{"level":"info","message":"dumping collection executions","meta":{},"module":"application","submodule":"","method":"","app":"main","reqId":"f1b73b50-f873-4fa6-b768-55a87203cd24","dataSourceKey":"main","timestamp":"2025-11-17 23:52:42"}
{"level":"info","message":"dumping collection jobs","meta":{},"module":"application","submodule":"","method":"","app":"main","reqId":"f1b73b50-f873-4fa6-b768-55a87203cd24","dataSourceKey":"main","timestamp":"2025-11-17 23:52:42"}
{"level":"info","message":"dumping collection users_jobs","meta":{},"module":"application","submodule":"","method":"","app":"main","reqId":"f1b73b50-f873-4fa6-b768-55a87203cd24","dataSourceKey":"main","timestamp":"2025-11-17 23:52:42"}
{"level":"info","message":"dumping collection tokenBlacklist","meta":{},"module":"application","submodule":"","method":"","app":"main","reqId":"f1b73b50-f873-4fa6-b768-55a87203cd24","dataSourceKey":"main","timestamp":"2025-11-17 23:52:42"}
{"level":"info","message":"dumping collection verifications_providers","meta":{},"module":"application","submodule":"","method":"","app":"main","reqId":"f1b73b50-f873-4fa6-b768-55a87203cd24","dataSourceKey":"main","timestamp":"2025-11-17 23:52:42"}
{"level":"info","message":"dumping collection authenticators","meta":{},"module":"application","submodule":"","method":"","app":"main","reqId":"f1b73b50-f873-4fa6-b768-55a87203cd24","dataSourceKey":"main","timestamp":"2025-11-17 23:52:42"}
{"level":"info","message":"dumping collection t_srdrv34njwf","meta":{},"module":"application","submodule":"","method":"","app":"main","reqId":"f1b73b50-f873-4fa6-b768-55a87203cd24","dataSourceKey":"main","timestamp":"2025-11-17 23:52:42"}
